[0.471s] Invoking command in '/home/poorcsky/csky_ws/src/mission_manager': CMAKE_PREFIX_PATH=/home/poorcsky/csky_ws/install/px4_msgs:/home/poorcsky/csky_ws/install/px4_ros_com:/opt/ros/jazzy/opt/gz_sim_vendor:/opt/ros/jazzy/opt/gz_sensors_vendor:/opt/ros/jazzy/opt/gz_physics_vendor:/opt/ros/jazzy/opt/sdformat_vendor:/opt/ros/jazzy/opt/gz_gui_vendor:/opt/ros/jazzy/opt/gz_transport_vendor:/opt/ros/jazzy/opt/gz_rendering_vendor:/opt/ros/jazzy/opt/gz_plugin_vendor:/opt/ros/jazzy/opt/gz_fuel_tools_vendor:/opt/ros/jazzy/opt/gz_msgs_vendor:/opt/ros/jazzy/opt/gz_common_vendor:/opt/ros/jazzy/opt/gz_math_vendor:/opt/ros/jazzy/opt/gz_utils_vendor:/opt/ros/jazzy/opt/gz_tools_vendor:/opt/ros/jazzy/opt/gz_ogre_next_vendor:/opt/ros/jazzy/opt/gz_dartsim_vendor:/opt/ros/jazzy/opt/gz_cmake_vendor DEBUGINFOD_URLS=https://debuginfod.ubuntu.com LD_LIBRARY_PATH=/home/poorcsky/csky_ws/install/px4_msgs/lib:/home/poorcsky/csky_ws/install/px4_ros_com/lib:/opt/ros/jazzy/opt/gz_sim_vendor/lib:/opt/ros/jazzy/opt/gz_sensors_vendor/lib:/opt/ros/jazzy/opt/gz_physics_vendor/lib:/opt/ros/jazzy/opt/sdformat_vendor/lib:/opt/ros/jazzy/opt/rviz_ogre_vendor/lib:/opt/ros/jazzy/lib/x86_64-linux-gnu:/opt/ros/jazzy/opt/gz_gui_vendor/lib:/opt/ros/jazzy/opt/gz_transport_vendor/lib:/opt/ros/jazzy/opt/gz_rendering_vendor/lib:/opt/ros/jazzy/opt/gz_plugin_vendor/lib:/opt/ros/jazzy/opt/gz_fuel_tools_vendor/lib:/opt/ros/jazzy/opt/gz_msgs_vendor/lib:/opt/ros/jazzy/opt/gz_common_vendor/lib:/opt/ros/jazzy/opt/gz_math_vendor/lib:/opt/ros/jazzy/opt/gz_utils_vendor/lib:/opt/ros/jazzy/opt/gz_tools_vendor/lib:/opt/ros/jazzy/opt/gz_ogre_next_vendor/lib:/opt/ros/jazzy/opt/gz_dartsim_vendor/lib:/opt/ros/jazzy/opt/gz_cmake_vendor/lib:/opt/ros/jazzy/lib PYTHONPATH=/home/poorcsky/csky_ws/build/mission_manager/prefix_override:/usr/lib/python3/dist-packages/colcon_core/task/python/colcon_distutils_commands:/home/poorcsky/csky_ws/install/mission_manager/lib/python3.12/site-packages:/home/poorcsky/csky_ws/install/px4_msgs/lib/python3.12/site-packages:/home/poorcsky/csky_ws/install/vio_localization/lib/python3.12/site-packages:/home/poorcsky/csky_ws/install/px4_ros_com/lib/python3.12/site-packages:/home/poorcsky/csky_ws/install/mission_manager/lib/python3.12/site-packages:/home/poorcsky/csky_ws/install/flight_controller_bridge/lib/python3.12/site-packages:/home/poorcsky/csky_ws/install/navigation_manager/lib/python3.12/site-packages:/opt/ros/jazzy/lib/python3.12/site-packages /usr/bin/python3 -W ignore:setup.py install is deprecated -W ignore:easy_install command is deprecated setup.py egg_info --egg-base ../../build/mission_manager build --build-base /home/poorcsky/csky_ws/build/mission_manager/build install --record /home/poorcsky/csky_ws/build/mission_manager/install.log --single-version-externally-managed install_data
[0.590s] running egg_info
[0.590s] creating ../../build/mission_manager/mission_manager.egg-info
[0.598s] writing ../../build/mission_manager/mission_manager.egg-info/PKG-INFO
[0.598s] writing dependency_links to ../../build/mission_manager/mission_manager.egg-info/dependency_links.txt
[0.598s] writing entry points to ../../build/mission_manager/mission_manager.egg-info/entry_points.txt
[0.598s] writing requirements to ../../build/mission_manager/mission_manager.egg-info/requires.txt
[0.598s] writing top-level names to ../../build/mission_manager/mission_manager.egg-info/top_level.txt
[0.598s] writing manifest file '../../build/mission_manager/mission_manager.egg-info/SOURCES.txt'
[0.613s] reading manifest file '../../build/mission_manager/mission_manager.egg-info/SOURCES.txt'
[0.614s] writing manifest file '../../build/mission_manager/mission_manager.egg-info/SOURCES.txt'
[0.614s] running build
[0.614s] running build_py
[0.614s] creating /home/poorcsky/csky_ws/build/mission_manager/build
[0.614s] creating /home/poorcsky/csky_ws/build/mission_manager/build/lib
[0.614s] creating /home/poorcsky/csky_ws/build/mission_manager/build/lib/mission_manager
[0.614s] copying mission_manager/mission_node.py -> /home/poorcsky/csky_ws/build/mission_manager/build/lib/mission_manager
[0.614s] copying mission_manager/__init__.py -> /home/poorcsky/csky_ws/build/mission_manager/build/lib/mission_manager
[0.614s] running install
[0.617s] running install_lib
[0.624s] creating /home/poorcsky/csky_ws/install/mission_manager/lib/python3.12/site-packages/mission_manager
[0.624s] copying /home/poorcsky/csky_ws/build/mission_manager/build/lib/mission_manager/mission_node.py -> /home/poorcsky/csky_ws/install/mission_manager/lib/python3.12/site-packages/mission_manager
[0.624s] copying /home/poorcsky/csky_ws/build/mission_manager/build/lib/mission_manager/__init__.py -> /home/poorcsky/csky_ws/install/mission_manager/lib/python3.12/site-packages/mission_manager
[0.625s] byte-compiling /home/poorcsky/csky_ws/install/mission_manager/lib/python3.12/site-packages/mission_manager/mission_node.py to mission_node.cpython-312.pyc
[0.626s] byte-compiling /home/poorcsky/csky_ws/install/mission_manager/lib/python3.12/site-packages/mission_manager/__init__.py to __init__.cpython-312.pyc
[0.626s] running install_data
[0.626s] creating /home/poorcsky/csky_ws/install/mission_manager/share/ament_index
[0.626s] creating /home/poorcsky/csky_ws/install/mission_manager/share/ament_index/resource_index
[0.626s] creating /home/poorcsky/csky_ws/install/mission_manager/share/ament_index/resource_index/packages
[0.626s] copying resource/mission_manager -> /home/poorcsky/csky_ws/install/mission_manager/share/ament_index/resource_index/packages
[0.626s] copying package.xml -> /home/poorcsky/csky_ws/install/mission_manager/share/mission_manager
[0.626s] running install_egg_info
[0.635s] Copying ../../build/mission_manager/mission_manager.egg-info to /home/poorcsky/csky_ws/install/mission_manager/lib/python3.12/site-packages/mission_manager-0.0.0-py3.12.egg-info
[0.635s] running install_scripts
[0.691s] Installing mission_node script to /home/poorcsky/csky_ws/install/mission_manager/lib/mission_manager
[0.691s] writing list of installed files to '/home/poorcsky/csky_ws/build/mission_manager/install.log'
[0.709s] Invoked command in '/home/poorcsky/csky_ws/src/mission_manager' returned '0': CMAKE_PREFIX_PATH=/home/poorcsky/csky_ws/install/px4_msgs:/home/poorcsky/csky_ws/install/px4_ros_com:/opt/ros/jazzy/opt/gz_sim_vendor:/opt/ros/jazzy/opt/gz_sensors_vendor:/opt/ros/jazzy/opt/gz_physics_vendor:/opt/ros/jazzy/opt/sdformat_vendor:/opt/ros/jazzy/opt/gz_gui_vendor:/opt/ros/jazzy/opt/gz_transport_vendor:/opt/ros/jazzy/opt/gz_rendering_vendor:/opt/ros/jazzy/opt/gz_plugin_vendor:/opt/ros/jazzy/opt/gz_fuel_tools_vendor:/opt/ros/jazzy/opt/gz_msgs_vendor:/opt/ros/jazzy/opt/gz_common_vendor:/opt/ros/jazzy/opt/gz_math_vendor:/opt/ros/jazzy/opt/gz_utils_vendor:/opt/ros/jazzy/opt/gz_tools_vendor:/opt/ros/jazzy/opt/gz_ogre_next_vendor:/opt/ros/jazzy/opt/gz_dartsim_vendor:/opt/ros/jazzy/opt/gz_cmake_vendor DEBUGINFOD_URLS=https://debuginfod.ubuntu.com LD_LIBRARY_PATH=/home/poorcsky/csky_ws/install/px4_msgs/lib:/home/poorcsky/csky_ws/install/px4_ros_com/lib:/opt/ros/jazzy/opt/gz_sim_vendor/lib:/opt/ros/jazzy/opt/gz_sensors_vendor/lib:/opt/ros/jazzy/opt/gz_physics_vendor/lib:/opt/ros/jazzy/opt/sdformat_vendor/lib:/opt/ros/jazzy/opt/rviz_ogre_vendor/lib:/opt/ros/jazzy/lib/x86_64-linux-gnu:/opt/ros/jazzy/opt/gz_gui_vendor/lib:/opt/ros/jazzy/opt/gz_transport_vendor/lib:/opt/ros/jazzy/opt/gz_rendering_vendor/lib:/opt/ros/jazzy/opt/gz_plugin_vendor/lib:/opt/ros/jazzy/opt/gz_fuel_tools_vendor/lib:/opt/ros/jazzy/opt/gz_msgs_vendor/lib:/opt/ros/jazzy/opt/gz_common_vendor/lib:/opt/ros/jazzy/opt/gz_math_vendor/lib:/opt/ros/jazzy/opt/gz_utils_vendor/lib:/opt/ros/jazzy/opt/gz_tools_vendor/lib:/opt/ros/jazzy/opt/gz_ogre_next_vendor/lib:/opt/ros/jazzy/opt/gz_dartsim_vendor/lib:/opt/ros/jazzy/opt/gz_cmake_vendor/lib:/opt/ros/jazzy/lib PYTHONPATH=/home/poorcsky/csky_ws/build/mission_manager/prefix_override:/usr/lib/python3/dist-packages/colcon_core/task/python/colcon_distutils_commands:/home/poorcsky/csky_ws/install/mission_manager/lib/python3.12/site-packages:/home/poorcsky/csky_ws/install/px4_msgs/lib/python3.12/site-packages:/home/poorcsky/csky_ws/install/vio_localization/lib/python3.12/site-packages:/home/poorcsky/csky_ws/install/px4_ros_com/lib/python3.12/site-packages:/home/poorcsky/csky_ws/install/mission_manager/lib/python3.12/site-packages:/home/poorcsky/csky_ws/install/flight_controller_bridge/lib/python3.12/site-packages:/home/poorcsky/csky_ws/install/navigation_manager/lib/python3.12/site-packages:/opt/ros/jazzy/lib/python3.12/site-packages /usr/bin/python3 -W ignore:setup.py install is deprecated -W ignore:easy_install command is deprecated setup.py egg_info --egg-base ../../build/mission_manager build --build-base /home/poorcsky/csky_ws/build/mission_manager/build install --record /home/poorcsky/csky_ws/build/mission_manager/install.log --single-version-externally-managed install_data
