[0.432s] Invoking command in '/home/poorcsky/csky_ws/src/navigation_manager': DEBUGINFOD_URLS=https://debuginfod.ubuntu.com PYTHONPATH=/home/poorcsky/csky_ws/build/navigation_manager/prefix_override:/usr/lib/python3/dist-packages/colcon_core/task/python/colcon_distutils_commands:/home/poorcsky/csky_ws/install/navigation_manager/lib/python3.12/site-packages:${PYTHONPATH} /usr/bin/python3 -W ignore:setup.py install is deprecated -W ignore:easy_install command is deprecated setup.py egg_info --egg-base ../../build/navigation_manager build --build-base /home/poorcsky/csky_ws/build/navigation_manager/build install --record /home/poorcsky/csky_ws/build/navigation_manager/install.log --single-version-externally-managed install_data
[0.581s] running egg_info
[0.591s] writing ../../build/navigation_manager/navigation_manager.egg-info/PKG-INFO
[0.591s] writing dependency_links to ../../build/navigation_manager/navigation_manager.egg-info/dependency_links.txt
[0.591s] writing entry points to ../../build/navigation_manager/navigation_manager.egg-info/entry_points.txt
[0.592s] writing requirements to ../../build/navigation_manager/navigation_manager.egg-info/requires.txt
[0.592s] writing top-level names to ../../build/navigation_manager/navigation_manager.egg-info/top_level.txt
[0.611s] reading manifest file '../../build/navigation_manager/navigation_manager.egg-info/SOURCES.txt'
[0.611s] writing manifest file '../../build/navigation_manager/navigation_manager.egg-info/SOURCES.txt'
[0.611s] running build
[0.611s] running build_py
[0.612s] copying navigation_manager/path_follower.py -> /home/poorcsky/csky_ws/build/navigation_manager/build/lib/navigation_manager
[0.612s] running install
[0.615s] running install_lib
[0.624s] copying /home/poorcsky/csky_ws/build/navigation_manager/build/lib/navigation_manager/path_follower.py -> /home/poorcsky/csky_ws/install/navigation_manager/lib/python3.12/site-packages/navigation_manager
[0.625s] byte-compiling /home/poorcsky/csky_ws/install/navigation_manager/lib/python3.12/site-packages/navigation_manager/path_follower.py to path_follower.cpython-312.pyc
[0.626s] running install_data
[0.626s] running install_egg_info
[0.643s] removing '/home/poorcsky/csky_ws/install/navigation_manager/lib/python3.12/site-packages/navigation_manager-0.0.0-py3.12.egg-info' (and everything under it)
[0.643s] Copying ../../build/navigation_manager/navigation_manager.egg-info to /home/poorcsky/csky_ws/install/navigation_manager/lib/python3.12/site-packages/navigation_manager-0.0.0-py3.12.egg-info
[0.644s] running install_scripts
[0.722s] Installing a_star_planner script to /home/poorcsky/csky_ws/install/navigation_manager/lib/navigation_manager
[0.723s] Installing agpf_planner script to /home/poorcsky/csky_ws/install/navigation_manager/lib/navigation_manager
[0.723s] Installing depth_filter script to /home/poorcsky/csky_ws/install/navigation_manager/lib/navigation_manager
[0.723s] Installing obstacle_detector script to /home/poorcsky/csky_ws/install/navigation_manager/lib/navigation_manager
[0.723s] Installing path_follower script to /home/poorcsky/csky_ws/install/navigation_manager/lib/navigation_manager
[0.723s] Installing safety_layer script to /home/poorcsky/csky_ws/install/navigation_manager/lib/navigation_manager
[0.723s] Installing waypoint_manager script to /home/poorcsky/csky_ws/install/navigation_manager/lib/navigation_manager
[0.723s] writing list of installed files to '/home/poorcsky/csky_ws/build/navigation_manager/install.log'
[0.737s] Invoked command in '/home/poorcsky/csky_ws/src/navigation_manager' returned '0': DEBUGINFOD_URLS=https://debuginfod.ubuntu.com PYTHONPATH=/home/poorcsky/csky_ws/build/navigation_manager/prefix_override:/usr/lib/python3/dist-packages/colcon_core/task/python/colcon_distutils_commands:/home/poorcsky/csky_ws/install/navigation_manager/lib/python3.12/site-packages:${PYTHONPATH} /usr/bin/python3 -W ignore:setup.py install is deprecated -W ignore:easy_install command is deprecated setup.py egg_info --egg-base ../../build/navigation_manager build --build-base /home/poorcsky/csky_ws/build/navigation_manager/build install --record /home/poorcsky/csky_ws/build/navigation_manager/install.log --single-version-externally-managed install_data
