[0.066s] DEBUG:colcon:Command line arguments: ['/usr/bin/colcon', 'build', '--packages-select', 'navigation_manager']
[0.066s] DEBUG:colcon:Parsed command line arguments: Namespace(log_base=None, log_level=None, verb_name='build', build_base='build', install_base='install', merge_install=False, symlink_install=False, test_result_base=None, continue_on_error=False, executor='parallel', parallel_workers=32, event_handlers=None, ignore_user_meta=False, metas=['./colcon.meta'], base_paths=['.'], packages_ignore=None, packages_ignore_regex=None, paths=None, packages_up_to=None, packages_up_to_regex=None, packages_above=None, packages_above_and_dependencies=None, packages_above_depth=None, packages_select_by_dep=None, packages_skip_by_dep=None, packages_skip_up_to=None, packages_select_build_failed=False, packages_skip_build_finished=False, packages_select_test_failures=False, packages_skip_test_passed=False, packages_select=['navigation_manager'], packages_skip=None, packages_select_regex=None, packages_skip_regex=None, packages_start=None, packages_end=None, allow_overriding=[], cmake_args=None, cmake_target=None, cmake_target_skip_unavailable=False, cmake_clean_cache=False, cmake_clean_first=False, cmake_force_configure=False, ament_cmake_args=None, catkin_cmake_args=None, catkin_skip_building_tests=False, verb_parser=<colcon_defaults.argument_parser.defaults.DefaultArgumentsDecorator object at 0x716b407ac3b0>, verb_extension=<colcon_core.verb.build.BuildVerb object at 0x716b407ac1a0>, main=<bound method BuildVerb.main of <colcon_core.verb.build.BuildVerb object at 0x716b407ac1a0>>)
[0.088s] Level 1:colcon.colcon_core.package_discovery:discover_packages(colcon_meta) check parameters
[0.089s] Level 1:colcon.colcon_core.package_discovery:discover_packages(recursive) check parameters
[0.089s] Level 1:colcon.colcon_core.package_discovery:discover_packages(ignore) check parameters
[0.089s] Level 1:colcon.colcon_core.package_discovery:discover_packages(path) check parameters
[0.089s] Level 1:colcon.colcon_core.package_discovery:discover_packages(colcon_meta) discover
[0.089s] Level 1:colcon.colcon_core.package_discovery:discover_packages(recursive) discover
[0.089s] INFO:colcon.colcon_core.package_discovery:Crawling recursively for packages in '/home/poorcsky/csky_ws'
[0.089s] Level 1:colcon.colcon_core.package_identification:_identify(.) by extensions ['ignore', 'ignore_ament_install']
[0.089s] Level 1:colcon.colcon_core.package_identification:_identify(.) by extension 'ignore'
[0.089s] Level 1:colcon.colcon_core.package_identification:_identify(.) by extension 'ignore_ament_install'
[0.089s] Level 1:colcon.colcon_core.package_identification:_identify(.) by extensions ['colcon_pkg']
[0.089s] Level 1:colcon.colcon_core.package_identification:_identify(.) by extension 'colcon_pkg'
[0.089s] Level 1:colcon.colcon_core.package_identification:_identify(.) by extensions ['colcon_meta']
[0.089s] Level 1:colcon.colcon_core.package_identification:_identify(.) by extension 'colcon_meta'
[0.089s] Level 1:colcon.colcon_core.package_identification:_identify(.) by extensions ['ros']
[0.089s] Level 1:colcon.colcon_core.package_identification:_identify(.) by extension 'ros'
[0.103s] Level 1:colcon.colcon_core.package_identification:_identify(.) by extensions ['cmake', 'python']
[0.103s] Level 1:colcon.colcon_core.package_identification:_identify(.) by extension 'cmake'
[0.103s] Level 1:colcon.colcon_core.package_identification:_identify(.) by extension 'python'
[0.103s] Level 1:colcon.colcon_core.package_identification:_identify(.) by extensions ['python_setup_py']
[0.103s] Level 1:colcon.colcon_core.package_identification:_identify(.) by extension 'python_setup_py'
[0.103s] Level 1:colcon.colcon_core.package_identification:_identify(build) by extensions ['ignore', 'ignore_ament_install']
[0.103s] Level 1:colcon.colcon_core.package_identification:_identify(build) by extension 'ignore'
[0.103s] Level 1:colcon.colcon_core.package_identification:_identify(build) ignored
[0.103s] Level 1:colcon.colcon_core.package_identification:_identify(install) by extensions ['ignore', 'ignore_ament_install']
[0.103s] Level 1:colcon.colcon_core.package_identification:_identify(install) by extension 'ignore'
[0.103s] Level 1:colcon.colcon_core.package_identification:_identify(install) ignored
[0.103s] Level 1:colcon.colcon_core.package_identification:_identify(log) by extensions ['ignore', 'ignore_ament_install']
[0.103s] Level 1:colcon.colcon_core.package_identification:_identify(log) by extension 'ignore'
[0.103s] Level 1:colcon.colcon_core.package_identification:_identify(log) ignored
[0.103s] Level 1:colcon.colcon_core.package_identification:_identify(src) by extensions ['ignore', 'ignore_ament_install']
[0.103s] Level 1:colcon.colcon_core.package_identification:_identify(src) by extension 'ignore'
[0.103s] Level 1:colcon.colcon_core.package_identification:_identify(src) by extension 'ignore_ament_install'
[0.103s] Level 1:colcon.colcon_core.package_identification:_identify(src) by extensions ['colcon_pkg']
[0.103s] Level 1:colcon.colcon_core.package_identification:_identify(src) by extension 'colcon_pkg'
[0.103s] Level 1:colcon.colcon_core.package_identification:_identify(src) by extensions ['colcon_meta']
[0.103s] Level 1:colcon.colcon_core.package_identification:_identify(src) by extension 'colcon_meta'
[0.103s] Level 1:colcon.colcon_core.package_identification:_identify(src) by extensions ['ros']
[0.103s] Level 1:colcon.colcon_core.package_identification:_identify(src) by extension 'ros'
[0.103s] Level 1:colcon.colcon_core.package_identification:_identify(src) by extensions ['cmake', 'python']
[0.103s] Level 1:colcon.colcon_core.package_identification:_identify(src) by extension 'cmake'
[0.103s] Level 1:colcon.colcon_core.package_identification:_identify(src) by extension 'python'
[0.103s] Level 1:colcon.colcon_core.package_identification:_identify(src) by extensions ['python_setup_py']
[0.103s] Level 1:colcon.colcon_core.package_identification:_identify(src) by extension 'python_setup_py'
[0.103s] Level 1:colcon.colcon_core.package_identification:_identify(src/flight_controller_bridge) by extensions ['ignore', 'ignore_ament_install']
[0.103s] Level 1:colcon.colcon_core.package_identification:_identify(src/flight_controller_bridge) by extension 'ignore'
[0.103s] Level 1:colcon.colcon_core.package_identification:_identify(src/flight_controller_bridge) by extension 'ignore_ament_install'
[0.103s] Level 1:colcon.colcon_core.package_identification:_identify(src/flight_controller_bridge) by extensions ['colcon_pkg']
[0.103s] Level 1:colcon.colcon_core.package_identification:_identify(src/flight_controller_bridge) by extension 'colcon_pkg'
[0.104s] Level 1:colcon.colcon_core.package_identification:_identify(src/flight_controller_bridge) by extensions ['colcon_meta']
[0.104s] Level 1:colcon.colcon_core.package_identification:_identify(src/flight_controller_bridge) by extension 'colcon_meta'
[0.104s] Level 1:colcon.colcon_core.package_identification:_identify(src/flight_controller_bridge) by extensions ['ros']
[0.104s] Level 1:colcon.colcon_core.package_identification:_identify(src/flight_controller_bridge) by extension 'ros'
[0.105s] DEBUG:colcon.colcon_core.package_identification:Package 'src/flight_controller_bridge' with type 'ros.ament_python' and name 'flight_controller_bridge'
[0.105s] Level 1:colcon.colcon_core.package_identification:_identify(src/mission_manager) by extensions ['ignore', 'ignore_ament_install']
[0.105s] Level 1:colcon.colcon_core.package_identification:_identify(src/mission_manager) by extension 'ignore'
[0.105s] Level 1:colcon.colcon_core.package_identification:_identify(src/mission_manager) by extension 'ignore_ament_install'
[0.105s] Level 1:colcon.colcon_core.package_identification:_identify(src/mission_manager) by extensions ['colcon_pkg']
[0.105s] Level 1:colcon.colcon_core.package_identification:_identify(src/mission_manager) by extension 'colcon_pkg'
[0.105s] Level 1:colcon.colcon_core.package_identification:_identify(src/mission_manager) by extensions ['colcon_meta']
[0.105s] Level 1:colcon.colcon_core.package_identification:_identify(src/mission_manager) by extension 'colcon_meta'
[0.105s] Level 1:colcon.colcon_core.package_identification:_identify(src/mission_manager) by extensions ['ros']
[0.105s] Level 1:colcon.colcon_core.package_identification:_identify(src/mission_manager) by extension 'ros'
[0.105s] DEBUG:colcon.colcon_core.package_identification:Package 'src/mission_manager' with type 'ros.ament_python' and name 'mission_manager'
[0.106s] Level 1:colcon.colcon_core.package_identification:_identify(src/navigation_manager) by extensions ['ignore', 'ignore_ament_install']
[0.106s] Level 1:colcon.colcon_core.package_identification:_identify(src/navigation_manager) by extension 'ignore'
[0.106s] Level 1:colcon.colcon_core.package_identification:_identify(src/navigation_manager) by extension 'ignore_ament_install'
[0.106s] Level 1:colcon.colcon_core.package_identification:_identify(src/navigation_manager) by extensions ['colcon_pkg']
[0.106s] Level 1:colcon.colcon_core.package_identification:_identify(src/navigation_manager) by extension 'colcon_pkg'
[0.106s] Level 1:colcon.colcon_core.package_identification:_identify(src/navigation_manager) by extensions ['colcon_meta']
[0.106s] Level 1:colcon.colcon_core.package_identification:_identify(src/navigation_manager) by extension 'colcon_meta'
[0.106s] Level 1:colcon.colcon_core.package_identification:_identify(src/navigation_manager) by extensions ['ros']
[0.106s] Level 1:colcon.colcon_core.package_identification:_identify(src/navigation_manager) by extension 'ros'
[0.106s] DEBUG:colcon.colcon_core.package_identification:Package 'src/navigation_manager' with type 'ros.ament_python' and name 'navigation_manager'
[0.106s] Level 1:colcon.colcon_core.package_identification:_identify(src/px4_msgs) by extensions ['ignore', 'ignore_ament_install']
[0.106s] Level 1:colcon.colcon_core.package_identification:_identify(src/px4_msgs) by extension 'ignore'
[0.106s] Level 1:colcon.colcon_core.package_identification:_identify(src/px4_msgs) by extension 'ignore_ament_install'
[0.106s] Level 1:colcon.colcon_core.package_identification:_identify(src/px4_msgs) by extensions ['colcon_pkg']
[0.106s] Level 1:colcon.colcon_core.package_identification:_identify(src/px4_msgs) by extension 'colcon_pkg'
[0.106s] Level 1:colcon.colcon_core.package_identification:_identify(src/px4_msgs) by extensions ['colcon_meta']
[0.106s] Level 1:colcon.colcon_core.package_identification:_identify(src/px4_msgs) by extension 'colcon_meta'
[0.106s] Level 1:colcon.colcon_core.package_identification:_identify(src/px4_msgs) by extensions ['ros']
[0.106s] Level 1:colcon.colcon_core.package_identification:_identify(src/px4_msgs) by extension 'ros'
[0.107s] DEBUG:colcon.colcon_core.package_identification:Package 'src/px4_msgs' with type 'ros.ament_cmake' and name 'px4_msgs'
[0.107s] Level 1:colcon.colcon_core.package_identification:_identify(src/px4_ros_com) by extensions ['ignore', 'ignore_ament_install']
[0.107s] Level 1:colcon.colcon_core.package_identification:_identify(src/px4_ros_com) by extension 'ignore'
[0.107s] Level 1:colcon.colcon_core.package_identification:_identify(src/px4_ros_com) by extension 'ignore_ament_install'
[0.107s] Level 1:colcon.colcon_core.package_identification:_identify(src/px4_ros_com) by extensions ['colcon_pkg']
[0.107s] Level 1:colcon.colcon_core.package_identification:_identify(src/px4_ros_com) by extension 'colcon_pkg'
[0.107s] Level 1:colcon.colcon_core.package_identification:_identify(src/px4_ros_com) by extensions ['colcon_meta']
[0.107s] Level 1:colcon.colcon_core.package_identification:_identify(src/px4_ros_com) by extension 'colcon_meta'
[0.107s] Level 1:colcon.colcon_core.package_identification:_identify(src/px4_ros_com) by extensions ['ros']
[0.107s] Level 1:colcon.colcon_core.package_identification:_identify(src/px4_ros_com) by extension 'ros'
[0.107s] DEBUG:colcon.colcon_core.package_identification:Package 'src/px4_ros_com' with type 'ros.ament_cmake' and name 'px4_ros_com'
[0.107s] Level 1:colcon.colcon_core.package_identification:_identify(src/vio_localization) by extensions ['ignore', 'ignore_ament_install']
[0.107s] Level 1:colcon.colcon_core.package_identification:_identify(src/vio_localization) by extension 'ignore'
[0.107s] Level 1:colcon.colcon_core.package_identification:_identify(src/vio_localization) by extension 'ignore_ament_install'
[0.107s] Level 1:colcon.colcon_core.package_identification:_identify(src/vio_localization) by extensions ['colcon_pkg']
[0.107s] Level 1:colcon.colcon_core.package_identification:_identify(src/vio_localization) by extension 'colcon_pkg'
[0.107s] Level 1:colcon.colcon_core.package_identification:_identify(src/vio_localization) by extensions ['colcon_meta']
[0.107s] Level 1:colcon.colcon_core.package_identification:_identify(src/vio_localization) by extension 'colcon_meta'
[0.107s] Level 1:colcon.colcon_core.package_identification:_identify(src/vio_localization) by extensions ['ros']
[0.107s] Level 1:colcon.colcon_core.package_identification:_identify(src/vio_localization) by extension 'ros'
[0.108s] DEBUG:colcon.colcon_core.package_identification:Package 'src/vio_localization' with type 'ros.ament_python' and name 'vio_localization'
[0.108s] Level 1:colcon.colcon_core.package_discovery:discover_packages(recursive) using defaults
[0.108s] Level 1:colcon.colcon_core.package_discovery:discover_packages(ignore) discover
[0.108s] Level 1:colcon.colcon_core.package_discovery:discover_packages(ignore) using defaults
[0.108s] Level 1:colcon.colcon_core.package_discovery:discover_packages(path) discover
[0.108s] Level 1:colcon.colcon_core.package_discovery:discover_packages(path) using defaults
[0.117s] INFO:colcon.colcon_core.package_selection:Skipping not selected package 'px4_msgs' in 'src/px4_msgs'
[0.117s] INFO:colcon.colcon_core.package_selection:Skipping not selected package 'vio_localization' in 'src/vio_localization'
[0.117s] INFO:colcon.colcon_core.package_selection:Skipping not selected package 'flight_controller_bridge' in 'src/flight_controller_bridge'
[0.117s] INFO:colcon.colcon_core.package_selection:Skipping not selected package 'mission_manager' in 'src/mission_manager'
[0.117s] INFO:colcon.colcon_core.package_selection:Skipping not selected package 'px4_ros_com' in 'src/px4_ros_com'
[0.117s] Level 1:colcon.colcon_core.package_discovery:discover_packages(prefix_path) check parameters
[0.117s] Level 1:colcon.colcon_core.package_discovery:discover_packages(prefix_path) discover
[0.118s] DEBUG:colcon.colcon_installed_package_information.package_discovery:Found 6 installed packages in /home/poorcsky/csky_ws/install
[0.119s] DEBUG:colcon.colcon_installed_package_information.package_discovery:Found 342 installed packages in /opt/ros/jazzy
[0.120s] Level 1:colcon.colcon_core.package_discovery:discover_packages(prefix_path) using defaults
[0.140s] Level 5:colcon.colcon_core.verb:set package 'navigation_manager' build argument 'cmake_args' from command line to 'None'
[0.140s] Level 5:colcon.colcon_core.verb:set package 'navigation_manager' build argument 'cmake_target' from command line to 'None'
[0.140s] Level 5:colcon.colcon_core.verb:set package 'navigation_manager' build argument 'cmake_target_skip_unavailable' from command line to 'False'
[0.140s] Level 5:colcon.colcon_core.verb:set package 'navigation_manager' build argument 'cmake_clean_cache' from command line to 'False'
[0.140s] Level 5:colcon.colcon_core.verb:set package 'navigation_manager' build argument 'cmake_clean_first' from command line to 'False'
[0.140s] Level 5:colcon.colcon_core.verb:set package 'navigation_manager' build argument 'cmake_force_configure' from command line to 'False'
[0.140s] Level 5:colcon.colcon_core.verb:set package 'navigation_manager' build argument 'ament_cmake_args' from command line to 'None'
[0.140s] Level 5:colcon.colcon_core.verb:set package 'navigation_manager' build argument 'catkin_cmake_args' from command line to 'None'
[0.140s] Level 5:colcon.colcon_core.verb:set package 'navigation_manager' build argument 'catkin_skip_building_tests' from command line to 'False'
[0.140s] DEBUG:colcon.colcon_core.verb:Building package 'navigation_manager' with the following arguments: {'ament_cmake_args': None, 'build_base': '/home/poorcsky/csky_ws/build/navigation_manager', 'catkin_cmake_args': None, 'catkin_skip_building_tests': False, 'cmake_args': None, 'cmake_clean_cache': False, 'cmake_clean_first': False, 'cmake_force_configure': False, 'cmake_target': None, 'cmake_target_skip_unavailable': False, 'install_base': '/home/poorcsky/csky_ws/install/navigation_manager', 'merge_install': False, 'path': '/home/poorcsky/csky_ws/src/navigation_manager', 'symlink_install': False, 'test_result_base': None}
[0.140s] INFO:colcon.colcon_core.executor:Executing jobs using 'parallel' executor
[0.141s] DEBUG:colcon.colcon_parallel_executor.executor.parallel:run_until_complete
[0.141s] INFO:colcon.colcon_ros.task.ament_python.build:Building ROS package in '/home/poorcsky/csky_ws/src/navigation_manager' with build type 'ament_python'
[0.141s] Level 1:colcon.colcon_core.shell:create_environment_hook('navigation_manager', 'ament_prefix_path')
[0.142s] INFO:colcon.colcon_core.plugin_system:Skipping extension 'colcon_core.shell.bat': Not used on non-Windows systems
[0.142s] INFO:colcon.colcon_core.shell:Creating environment hook '/home/poorcsky/csky_ws/install/navigation_manager/share/navigation_manager/hook/ament_prefix_path.ps1'
[0.143s] INFO:colcon.colcon_core.shell:Creating environment descriptor '/home/poorcsky/csky_ws/install/navigation_manager/share/navigation_manager/hook/ament_prefix_path.dsv'
[0.143s] INFO:colcon.colcon_core.shell:Creating environment hook '/home/poorcsky/csky_ws/install/navigation_manager/share/navigation_manager/hook/ament_prefix_path.sh'
[0.143s] INFO:colcon.colcon_core.shell:Skip shell extension 'powershell' for command environment: Not usable outside of PowerShell
[0.143s] DEBUG:colcon.colcon_core.shell:Skip shell extension 'dsv' for command environment
[0.265s] INFO:colcon.colcon_core.task.python.build:Building Python package in '/home/poorcsky/csky_ws/src/navigation_manager'
[0.266s] INFO:colcon.colcon_core.shell:Skip shell extension 'powershell' for command environment: Not usable outside of PowerShell
[0.266s] DEBUG:colcon.colcon_core.shell:Skip shell extension 'dsv' for command environment
[0.580s] DEBUG:colcon.colcon_core.event_handler.log_command:Invoking command in '/home/poorcsky/csky_ws/src/navigation_manager': DEBUGINFOD_URLS=https://debuginfod.ubuntu.com PYTHONPATH=/home/poorcsky/csky_ws/build/navigation_manager/prefix_override:/usr/lib/python3/dist-packages/colcon_core/task/python/colcon_distutils_commands:/home/poorcsky/csky_ws/install/navigation_manager/lib/python3.12/site-packages:${PYTHONPATH} /usr/bin/python3 -W ignore:setup.py install is deprecated -W ignore:easy_install command is deprecated setup.py egg_info --egg-base ../../build/navigation_manager build --build-base /home/poorcsky/csky_ws/build/navigation_manager/build install --record /home/poorcsky/csky_ws/build/navigation_manager/install.log --single-version-externally-managed install_data
[0.861s] DEBUG:colcon.colcon_core.event_handler.log_command:Invoked command in '/home/poorcsky/csky_ws/src/navigation_manager' returned '0': DEBUGINFOD_URLS=https://debuginfod.ubuntu.com PYTHONPATH=/home/poorcsky/csky_ws/build/navigation_manager/prefix_override:/usr/lib/python3/dist-packages/colcon_core/task/python/colcon_distutils_commands:/home/poorcsky/csky_ws/install/navigation_manager/lib/python3.12/site-packages:${PYTHONPATH} /usr/bin/python3 -W ignore:setup.py install is deprecated -W ignore:easy_install command is deprecated setup.py egg_info --egg-base ../../build/navigation_manager build --build-base /home/poorcsky/csky_ws/build/navigation_manager/build install --record /home/poorcsky/csky_ws/build/navigation_manager/install.log --single-version-externally-managed install_data
[0.862s] Level 1:colcon.colcon_core.environment:checking '/home/poorcsky/csky_ws/install/navigation_manager' for CMake module files
[0.862s] Level 1:colcon.colcon_core.environment:checking '/home/poorcsky/csky_ws/install/navigation_manager' for CMake config files
[0.862s] Level 1:colcon.colcon_core.environment:checking '/home/poorcsky/csky_ws/install/navigation_manager/lib'
[0.862s] Level 1:colcon.colcon_core.environment:checking '/home/poorcsky/csky_ws/install/navigation_manager/bin'
[0.863s] Level 1:colcon.colcon_core.environment:checking '/home/poorcsky/csky_ws/install/navigation_manager/lib/pkgconfig/navigation_manager.pc'
[0.863s] Level 1:colcon.colcon_core.environment:checking '/home/poorcsky/csky_ws/install/navigation_manager/lib/python3.12/site-packages'
[0.863s] Level 1:colcon.colcon_core.shell:create_environment_hook('navigation_manager', 'pythonpath')
[0.863s] INFO:colcon.colcon_core.shell:Creating environment hook '/home/poorcsky/csky_ws/install/navigation_manager/share/navigation_manager/hook/pythonpath.ps1'
[0.863s] INFO:colcon.colcon_core.shell:Creating environment descriptor '/home/poorcsky/csky_ws/install/navigation_manager/share/navigation_manager/hook/pythonpath.dsv'
[0.863s] INFO:colcon.colcon_core.shell:Creating environment hook '/home/poorcsky/csky_ws/install/navigation_manager/share/navigation_manager/hook/pythonpath.sh'
[0.863s] Level 1:colcon.colcon_core.environment:checking '/home/poorcsky/csky_ws/install/navigation_manager/bin'
[0.863s] Level 1:colcon.colcon_core.environment:create_environment_scripts_only(navigation_manager)
[0.864s] INFO:colcon.colcon_core.shell:Creating package script '/home/poorcsky/csky_ws/install/navigation_manager/share/navigation_manager/package.ps1'
[0.864s] INFO:colcon.colcon_core.shell:Creating package descriptor '/home/poorcsky/csky_ws/install/navigation_manager/share/navigation_manager/package.dsv'
[0.864s] INFO:colcon.colcon_core.shell:Creating package script '/home/poorcsky/csky_ws/install/navigation_manager/share/navigation_manager/package.sh'
[0.865s] INFO:colcon.colcon_core.shell:Creating package script '/home/poorcsky/csky_ws/install/navigation_manager/share/navigation_manager/package.bash'
[0.865s] INFO:colcon.colcon_core.shell:Creating package script '/home/poorcsky/csky_ws/install/navigation_manager/share/navigation_manager/package.zsh'
[0.865s] Level 1:colcon.colcon_core.environment:create_file_with_runtime_dependencies(/home/poorcsky/csky_ws/install/navigation_manager/share/colcon-core/packages/navigation_manager)
[0.865s] DEBUG:colcon.colcon_parallel_executor.executor.parallel:closing loop
[0.866s] DEBUG:colcon.colcon_parallel_executor.executor.parallel:loop closed
[0.866s] DEBUG:colcon.colcon_parallel_executor.executor.parallel:run_until_complete finished with '0'
[0.866s] DEBUG:colcon.colcon_core.event_reactor:joining thread
[0.868s] INFO:colcon.colcon_core.plugin_system:Skipping extension 'colcon_notification.desktop_notification.terminal_notifier': Not used on non-Darwin systems
[0.868s] INFO:colcon.colcon_core.plugin_system:Skipping extension 'colcon_notification.desktop_notification.win32': Not used on non-Windows systems
[0.868s] INFO:colcon.colcon_notification.desktop_notification:Sending desktop notification using 'notify2'
[0.883s] DEBUG:colcon.colcon_core.event_reactor:joined thread
[0.883s] INFO:colcon.colcon_core.shell:Creating prefix script '/home/poorcsky/csky_ws/install/local_setup.ps1'
[0.883s] INFO:colcon.colcon_core.shell:Creating prefix util module '/home/poorcsky/csky_ws/install/_local_setup_util_ps1.py'
[0.884s] INFO:colcon.colcon_core.shell:Creating prefix chain script '/home/poorcsky/csky_ws/install/setup.ps1'
[0.884s] INFO:colcon.colcon_core.shell:Creating prefix script '/home/poorcsky/csky_ws/install/local_setup.sh'
[0.885s] INFO:colcon.colcon_core.shell:Creating prefix util module '/home/poorcsky/csky_ws/install/_local_setup_util_sh.py'
[0.885s] INFO:colcon.colcon_core.shell:Creating prefix chain script '/home/poorcsky/csky_ws/install/setup.sh'
[0.885s] INFO:colcon.colcon_core.shell:Creating prefix script '/home/poorcsky/csky_ws/install/local_setup.bash'
[0.886s] INFO:colcon.colcon_core.shell:Creating prefix chain script '/home/poorcsky/csky_ws/install/setup.bash'
[0.886s] INFO:colcon.colcon_core.shell:Creating prefix script '/home/poorcsky/csky_ws/install/local_setup.zsh'
[0.886s] INFO:colcon.colcon_core.shell:Creating prefix chain script '/home/poorcsky/csky_ws/install/setup.zsh'
