[0.044s] DEBUG:colcon:Command line arguments: ['/usr/bin/colcon', 'build']
[0.044s] DEBUG:colcon:Parsed command line arguments: Namespace(log_base=None, log_level=None, verb_name='build', build_base='build', install_base='install', merge_install=False, symlink_install=False, test_result_base=None, continue_on_error=False, executor='parallel', parallel_workers=32, event_handlers=None, ignore_user_meta=False, metas=['./colcon.meta'], base_paths=['.'], packages_ignore=None, packages_ignore_regex=None, paths=None, packages_up_to=None, packages_up_to_regex=None, packages_above=None, packages_above_and_dependencies=None, packages_above_depth=None, packages_select_by_dep=None, packages_skip_by_dep=None, packages_skip_up_to=None, packages_select_build_failed=False, packages_skip_build_finished=False, packages_select_test_failures=False, packages_skip_test_passed=False, packages_select=None, packages_skip=None, packages_select_regex=None, packages_skip_regex=None, packages_start=None, packages_end=None, allow_overriding=[], cmake_args=None, cmake_target=None, cmake_target_skip_unavailable=False, cmake_clean_cache=False, cmake_clean_first=False, cmake_force_configure=False, ament_cmake_args=None, catkin_cmake_args=None, catkin_skip_building_tests=False, verb_parser=<colcon_defaults.argument_parser.defaults.DefaultArgumentsDecorator object at 0x74a01dd7f6e0>, verb_extension=<colcon_core.verb.build.BuildVerb object at 0x74a01dd7f4a0>, main=<bound method BuildVerb.main of <colcon_core.verb.build.BuildVerb object at 0x74a01dd7f4a0>>)
[0.060s] Level 1:colcon.colcon_core.package_discovery:discover_packages(colcon_meta) check parameters
[0.060s] Level 1:colcon.colcon_core.package_discovery:discover_packages(recursive) check parameters
[0.060s] Level 1:colcon.colcon_core.package_discovery:discover_packages(ignore) check parameters
[0.060s] Level 1:colcon.colcon_core.package_discovery:discover_packages(path) check parameters
[0.060s] Level 1:colcon.colcon_core.package_discovery:discover_packages(colcon_meta) discover
[0.060s] Level 1:colcon.colcon_core.package_discovery:discover_packages(recursive) discover
[0.060s] INFO:colcon.colcon_core.package_discovery:Crawling recursively for packages in '/home/poorcsky/csky_ws'
[0.060s] Level 1:colcon.colcon_core.package_identification:_identify(.) by extensions ['ignore', 'ignore_ament_install']
[0.060s] Level 1:colcon.colcon_core.package_identification:_identify(.) by extension 'ignore'
[0.060s] Level 1:colcon.colcon_core.package_identification:_identify(.) by extension 'ignore_ament_install'
[0.060s] Level 1:colcon.colcon_core.package_identification:_identify(.) by extensions ['colcon_pkg']
[0.060s] Level 1:colcon.colcon_core.package_identification:_identify(.) by extension 'colcon_pkg'
[0.060s] Level 1:colcon.colcon_core.package_identification:_identify(.) by extensions ['colcon_meta']
[0.060s] Level 1:colcon.colcon_core.package_identification:_identify(.) by extension 'colcon_meta'
[0.060s] Level 1:colcon.colcon_core.package_identification:_identify(.) by extensions ['ros']
[0.060s] Level 1:colcon.colcon_core.package_identification:_identify(.) by extension 'ros'
[0.071s] Level 1:colcon.colcon_core.package_identification:_identify(.) by extensions ['cmake', 'python']
[0.071s] Level 1:colcon.colcon_core.package_identification:_identify(.) by extension 'cmake'
[0.071s] Level 1:colcon.colcon_core.package_identification:_identify(.) by extension 'python'
[0.071s] Level 1:colcon.colcon_core.package_identification:_identify(.) by extensions ['python_setup_py']
[0.071s] Level 1:colcon.colcon_core.package_identification:_identify(.) by extension 'python_setup_py'
[0.071s] Level 1:colcon.colcon_core.package_identification:_identify(build) by extensions ['ignore', 'ignore_ament_install']
[0.071s] Level 1:colcon.colcon_core.package_identification:_identify(build) by extension 'ignore'
[0.071s] Level 1:colcon.colcon_core.package_identification:_identify(build) ignored
[0.071s] Level 1:colcon.colcon_core.package_identification:_identify(install) by extensions ['ignore', 'ignore_ament_install']
[0.071s] Level 1:colcon.colcon_core.package_identification:_identify(install) by extension 'ignore'
[0.071s] Level 1:colcon.colcon_core.package_identification:_identify(install) ignored
[0.071s] Level 1:colcon.colcon_core.package_identification:_identify(log) by extensions ['ignore', 'ignore_ament_install']
[0.072s] Level 1:colcon.colcon_core.package_identification:_identify(log) by extension 'ignore'
[0.072s] Level 1:colcon.colcon_core.package_identification:_identify(log) ignored
[0.072s] Level 1:colcon.colcon_core.package_identification:_identify(src) by extensions ['ignore', 'ignore_ament_install']
[0.072s] Level 1:colcon.colcon_core.package_identification:_identify(src) by extension 'ignore'
[0.072s] Level 1:colcon.colcon_core.package_identification:_identify(src) by extension 'ignore_ament_install'
[0.072s] Level 1:colcon.colcon_core.package_identification:_identify(src) by extensions ['colcon_pkg']
[0.072s] Level 1:colcon.colcon_core.package_identification:_identify(src) by extension 'colcon_pkg'
[0.072s] Level 1:colcon.colcon_core.package_identification:_identify(src) by extensions ['colcon_meta']
[0.072s] Level 1:colcon.colcon_core.package_identification:_identify(src) by extension 'colcon_meta'
[0.072s] Level 1:colcon.colcon_core.package_identification:_identify(src) by extensions ['ros']
[0.072s] Level 1:colcon.colcon_core.package_identification:_identify(src) by extension 'ros'
[0.072s] Level 1:colcon.colcon_core.package_identification:_identify(src) by extensions ['cmake', 'python']
[0.072s] Level 1:colcon.colcon_core.package_identification:_identify(src) by extension 'cmake'
[0.072s] Level 1:colcon.colcon_core.package_identification:_identify(src) by extension 'python'
[0.072s] Level 1:colcon.colcon_core.package_identification:_identify(src) by extensions ['python_setup_py']
[0.072s] Level 1:colcon.colcon_core.package_identification:_identify(src) by extension 'python_setup_py'
[0.072s] Level 1:colcon.colcon_core.package_identification:_identify(src/flight_controller_bridge) by extensions ['ignore', 'ignore_ament_install']
[0.072s] Level 1:colcon.colcon_core.package_identification:_identify(src/flight_controller_bridge) by extension 'ignore'
[0.072s] Level 1:colcon.colcon_core.package_identification:_identify(src/flight_controller_bridge) by extension 'ignore_ament_install'
[0.072s] Level 1:colcon.colcon_core.package_identification:_identify(src/flight_controller_bridge) by extensions ['colcon_pkg']
[0.072s] Level 1:colcon.colcon_core.package_identification:_identify(src/flight_controller_bridge) by extension 'colcon_pkg'
[0.072s] Level 1:colcon.colcon_core.package_identification:_identify(src/flight_controller_bridge) by extensions ['colcon_meta']
[0.072s] Level 1:colcon.colcon_core.package_identification:_identify(src/flight_controller_bridge) by extension 'colcon_meta'
[0.072s] Level 1:colcon.colcon_core.package_identification:_identify(src/flight_controller_bridge) by extensions ['ros']
[0.072s] Level 1:colcon.colcon_core.package_identification:_identify(src/flight_controller_bridge) by extension 'ros'
[0.073s] DEBUG:colcon.colcon_core.package_identification:Package 'src/flight_controller_bridge' with type 'ros.ament_python' and name 'flight_controller_bridge'
[0.073s] Level 1:colcon.colcon_core.package_identification:_identify(src/mission_manager) by extensions ['ignore', 'ignore_ament_install']
[0.073s] Level 1:colcon.colcon_core.package_identification:_identify(src/mission_manager) by extension 'ignore'
[0.073s] Level 1:colcon.colcon_core.package_identification:_identify(src/mission_manager) by extension 'ignore_ament_install'
[0.073s] Level 1:colcon.colcon_core.package_identification:_identify(src/mission_manager) by extensions ['colcon_pkg']
[0.073s] Level 1:colcon.colcon_core.package_identification:_identify(src/mission_manager) by extension 'colcon_pkg'
[0.073s] Level 1:colcon.colcon_core.package_identification:_identify(src/mission_manager) by extensions ['colcon_meta']
[0.073s] Level 1:colcon.colcon_core.package_identification:_identify(src/mission_manager) by extension 'colcon_meta'
[0.073s] Level 1:colcon.colcon_core.package_identification:_identify(src/mission_manager) by extensions ['ros']
[0.073s] Level 1:colcon.colcon_core.package_identification:_identify(src/mission_manager) by extension 'ros'
[0.073s] DEBUG:colcon.colcon_core.package_identification:Package 'src/mission_manager' with type 'ros.ament_python' and name 'mission_manager'
[0.074s] Level 1:colcon.colcon_core.package_identification:_identify(src/navigation_manager) by extensions ['ignore', 'ignore_ament_install']
[0.074s] Level 1:colcon.colcon_core.package_identification:_identify(src/navigation_manager) by extension 'ignore'
[0.074s] Level 1:colcon.colcon_core.package_identification:_identify(src/navigation_manager) by extension 'ignore_ament_install'
[0.074s] Level 1:colcon.colcon_core.package_identification:_identify(src/navigation_manager) by extensions ['colcon_pkg']
[0.074s] Level 1:colcon.colcon_core.package_identification:_identify(src/navigation_manager) by extension 'colcon_pkg'
[0.074s] Level 1:colcon.colcon_core.package_identification:_identify(src/navigation_manager) by extensions ['colcon_meta']
[0.074s] Level 1:colcon.colcon_core.package_identification:_identify(src/navigation_manager) by extension 'colcon_meta'
[0.074s] Level 1:colcon.colcon_core.package_identification:_identify(src/navigation_manager) by extensions ['ros']
[0.074s] Level 1:colcon.colcon_core.package_identification:_identify(src/navigation_manager) by extension 'ros'
[0.074s] DEBUG:colcon.colcon_core.package_identification:Package 'src/navigation_manager' with type 'ros.ament_python' and name 'navigation_manager'
[0.074s] Level 1:colcon.colcon_core.package_identification:_identify(src/px4_msgs) by extensions ['ignore', 'ignore_ament_install']
[0.074s] Level 1:colcon.colcon_core.package_identification:_identify(src/px4_msgs) by extension 'ignore'
[0.074s] Level 1:colcon.colcon_core.package_identification:_identify(src/px4_msgs) by extension 'ignore_ament_install'
[0.074s] Level 1:colcon.colcon_core.package_identification:_identify(src/px4_msgs) by extensions ['colcon_pkg']
[0.074s] Level 1:colcon.colcon_core.package_identification:_identify(src/px4_msgs) by extension 'colcon_pkg'
[0.074s] Level 1:colcon.colcon_core.package_identification:_identify(src/px4_msgs) by extensions ['colcon_meta']
[0.074s] Level 1:colcon.colcon_core.package_identification:_identify(src/px4_msgs) by extension 'colcon_meta'
[0.074s] Level 1:colcon.colcon_core.package_identification:_identify(src/px4_msgs) by extensions ['ros']
[0.074s] Level 1:colcon.colcon_core.package_identification:_identify(src/px4_msgs) by extension 'ros'
[0.074s] DEBUG:colcon.colcon_core.package_identification:Package 'src/px4_msgs' with type 'ros.ament_cmake' and name 'px4_msgs'
[0.074s] Level 1:colcon.colcon_core.package_identification:_identify(src/px4_ros_com) by extensions ['ignore', 'ignore_ament_install']
[0.074s] Level 1:colcon.colcon_core.package_identification:_identify(src/px4_ros_com) by extension 'ignore'
[0.074s] Level 1:colcon.colcon_core.package_identification:_identify(src/px4_ros_com) by extension 'ignore_ament_install'
[0.074s] Level 1:colcon.colcon_core.package_identification:_identify(src/px4_ros_com) by extensions ['colcon_pkg']
[0.074s] Level 1:colcon.colcon_core.package_identification:_identify(src/px4_ros_com) by extension 'colcon_pkg'
[0.074s] Level 1:colcon.colcon_core.package_identification:_identify(src/px4_ros_com) by extensions ['colcon_meta']
[0.074s] Level 1:colcon.colcon_core.package_identification:_identify(src/px4_ros_com) by extension 'colcon_meta'
[0.074s] Level 1:colcon.colcon_core.package_identification:_identify(src/px4_ros_com) by extensions ['ros']
[0.074s] Level 1:colcon.colcon_core.package_identification:_identify(src/px4_ros_com) by extension 'ros'
[0.075s] DEBUG:colcon.colcon_core.package_identification:Package 'src/px4_ros_com' with type 'ros.ament_cmake' and name 'px4_ros_com'
[0.075s] Level 1:colcon.colcon_core.package_identification:_identify(src/vio_localization) by extensions ['ignore', 'ignore_ament_install']
[0.075s] Level 1:colcon.colcon_core.package_identification:_identify(src/vio_localization) by extension 'ignore'
[0.075s] Level 1:colcon.colcon_core.package_identification:_identify(src/vio_localization) by extension 'ignore_ament_install'
[0.075s] Level 1:colcon.colcon_core.package_identification:_identify(src/vio_localization) by extensions ['colcon_pkg']
[0.075s] Level 1:colcon.colcon_core.package_identification:_identify(src/vio_localization) by extension 'colcon_pkg'
[0.075s] Level 1:colcon.colcon_core.package_identification:_identify(src/vio_localization) by extensions ['colcon_meta']
[0.075s] Level 1:colcon.colcon_core.package_identification:_identify(src/vio_localization) by extension 'colcon_meta'
[0.075s] Level 1:colcon.colcon_core.package_identification:_identify(src/vio_localization) by extensions ['ros']
[0.075s] Level 1:colcon.colcon_core.package_identification:_identify(src/vio_localization) by extension 'ros'
[0.075s] DEBUG:colcon.colcon_core.package_identification:Package 'src/vio_localization' with type 'ros.ament_python' and name 'vio_localization'
[0.075s] Level 1:colcon.colcon_core.package_discovery:discover_packages(recursive) using defaults
[0.075s] Level 1:colcon.colcon_core.package_discovery:discover_packages(ignore) discover
[0.075s] Level 1:colcon.colcon_core.package_discovery:discover_packages(ignore) using defaults
[0.075s] Level 1:colcon.colcon_core.package_discovery:discover_packages(path) discover
[0.075s] Level 1:colcon.colcon_core.package_discovery:discover_packages(path) using defaults
[0.083s] Level 1:colcon.colcon_core.package_discovery:discover_packages(prefix_path) check parameters
[0.083s] Level 1:colcon.colcon_core.package_discovery:discover_packages(prefix_path) discover
[0.084s] WARNING:colcon.colcon_ros.prefix_path.ament:The path '/home/poorcsky/csky_ws/install/vio_localization' in the environment variable AMENT_PREFIX_PATH doesn't exist
[0.084s] WARNING:colcon.colcon_ros.prefix_path.ament:The path '/home/poorcsky/csky_ws/install/px4_ros_com' in the environment variable AMENT_PREFIX_PATH doesn't exist
[0.084s] WARNING:colcon.colcon_ros.prefix_path.ament:The path '/home/poorcsky/csky_ws/install/mission_manager' in the environment variable AMENT_PREFIX_PATH doesn't exist
[0.084s] WARNING:colcon.colcon_ros.prefix_path.ament:The path '/home/poorcsky/csky_ws/install/flight_controller_bridge' in the environment variable AMENT_PREFIX_PATH doesn't exist
[0.084s] WARNING:colcon.colcon_ros.prefix_path.ament:The path '/home/poorcsky/csky_ws/install/px4_msgs' in the environment variable AMENT_PREFIX_PATH doesn't exist
[0.084s] WARNING:colcon.colcon_ros.prefix_path.ament:The path '/home/poorcsky/csky_ws/install/navigation_manager' in the environment variable AMENT_PREFIX_PATH doesn't exist
[0.084s] WARNING:colcon.colcon_ros.prefix_path.catkin:The path '/home/poorcsky/csky_ws/install/px4_ros_com' in the environment variable CMAKE_PREFIX_PATH doesn't exist
[0.084s] WARNING:colcon.colcon_ros.prefix_path.catkin:The path '/home/poorcsky/csky_ws/install/px4_msgs' in the environment variable CMAKE_PREFIX_PATH doesn't exist
[0.084s] DEBUG:colcon.colcon_installed_package_information.package_discovery:Found 0 installed packages in /home/poorcsky/csky_ws/install
[0.085s] DEBUG:colcon.colcon_installed_package_information.package_discovery:Found 342 installed packages in /opt/ros/jazzy
[0.086s] Level 1:colcon.colcon_core.package_discovery:discover_packages(prefix_path) using defaults
[0.103s] Level 5:colcon.colcon_core.verb:set package 'navigation_manager' build argument 'cmake_args' from command line to 'None'
[0.103s] Level 5:colcon.colcon_core.verb:set package 'navigation_manager' build argument 'cmake_target' from command line to 'None'
[0.103s] Level 5:colcon.colcon_core.verb:set package 'navigation_manager' build argument 'cmake_target_skip_unavailable' from command line to 'False'
[0.103s] Level 5:colcon.colcon_core.verb:set package 'navigation_manager' build argument 'cmake_clean_cache' from command line to 'False'
[0.103s] Level 5:colcon.colcon_core.verb:set package 'navigation_manager' build argument 'cmake_clean_first' from command line to 'False'
[0.103s] Level 5:colcon.colcon_core.verb:set package 'navigation_manager' build argument 'cmake_force_configure' from command line to 'False'
[0.103s] Level 5:colcon.colcon_core.verb:set package 'navigation_manager' build argument 'ament_cmake_args' from command line to 'None'
[0.103s] Level 5:colcon.colcon_core.verb:set package 'navigation_manager' build argument 'catkin_cmake_args' from command line to 'None'
[0.103s] Level 5:colcon.colcon_core.verb:set package 'navigation_manager' build argument 'catkin_skip_building_tests' from command line to 'False'
[0.103s] DEBUG:colcon.colcon_core.verb:Building package 'navigation_manager' with the following arguments: {'ament_cmake_args': None, 'build_base': '/home/poorcsky/csky_ws/build/navigation_manager', 'catkin_cmake_args': None, 'catkin_skip_building_tests': False, 'cmake_args': None, 'cmake_clean_cache': False, 'cmake_clean_first': False, 'cmake_force_configure': False, 'cmake_target': None, 'cmake_target_skip_unavailable': False, 'install_base': '/home/poorcsky/csky_ws/install/navigation_manager', 'merge_install': False, 'path': '/home/poorcsky/csky_ws/src/navigation_manager', 'symlink_install': False, 'test_result_base': None}
[0.103s] Level 5:colcon.colcon_core.verb:set package 'px4_msgs' build argument 'cmake_args' from command line to 'None'
[0.103s] Level 5:colcon.colcon_core.verb:set package 'px4_msgs' build argument 'cmake_target' from command line to 'None'
[0.103s] Level 5:colcon.colcon_core.verb:set package 'px4_msgs' build argument 'cmake_target_skip_unavailable' from command line to 'False'
[0.103s] Level 5:colcon.colcon_core.verb:set package 'px4_msgs' build argument 'cmake_clean_cache' from command line to 'False'
[0.103s] Level 5:colcon.colcon_core.verb:set package 'px4_msgs' build argument 'cmake_clean_first' from command line to 'False'
[0.103s] Level 5:colcon.colcon_core.verb:set package 'px4_msgs' build argument 'cmake_force_configure' from command line to 'False'
[0.103s] Level 5:colcon.colcon_core.verb:set package 'px4_msgs' build argument 'ament_cmake_args' from command line to 'None'
[0.103s] Level 5:colcon.colcon_core.verb:set package 'px4_msgs' build argument 'catkin_cmake_args' from command line to 'None'
[0.103s] Level 5:colcon.colcon_core.verb:set package 'px4_msgs' build argument 'catkin_skip_building_tests' from command line to 'False'
[0.103s] DEBUG:colcon.colcon_core.verb:Building package 'px4_msgs' with the following arguments: {'ament_cmake_args': None, 'build_base': '/home/poorcsky/csky_ws/build/px4_msgs', 'catkin_cmake_args': None, 'catkin_skip_building_tests': False, 'cmake_args': None, 'cmake_clean_cache': False, 'cmake_clean_first': False, 'cmake_force_configure': False, 'cmake_target': None, 'cmake_target_skip_unavailable': False, 'install_base': '/home/poorcsky/csky_ws/install/px4_msgs', 'merge_install': False, 'path': '/home/poorcsky/csky_ws/src/px4_msgs', 'symlink_install': False, 'test_result_base': None}
[0.103s] Level 5:colcon.colcon_core.verb:set package 'vio_localization' build argument 'cmake_args' from command line to 'None'
[0.103s] Level 5:colcon.colcon_core.verb:set package 'vio_localization' build argument 'cmake_target' from command line to 'None'
[0.103s] Level 5:colcon.colcon_core.verb:set package 'vio_localization' build argument 'cmake_target_skip_unavailable' from command line to 'False'
[0.103s] Level 5:colcon.colcon_core.verb:set package 'vio_localization' build argument 'cmake_clean_cache' from command line to 'False'
[0.103s] Level 5:colcon.colcon_core.verb:set package 'vio_localization' build argument 'cmake_clean_first' from command line to 'False'
[0.103s] Level 5:colcon.colcon_core.verb:set package 'vio_localization' build argument 'cmake_force_configure' from command line to 'False'
[0.103s] Level 5:colcon.colcon_core.verb:set package 'vio_localization' build argument 'ament_cmake_args' from command line to 'None'
[0.103s] Level 5:colcon.colcon_core.verb:set package 'vio_localization' build argument 'catkin_cmake_args' from command line to 'None'
[0.103s] Level 5:colcon.colcon_core.verb:set package 'vio_localization' build argument 'catkin_skip_building_tests' from command line to 'False'
[0.103s] DEBUG:colcon.colcon_core.verb:Building package 'vio_localization' with the following arguments: {'ament_cmake_args': None, 'build_base': '/home/poorcsky/csky_ws/build/vio_localization', 'catkin_cmake_args': None, 'catkin_skip_building_tests': False, 'cmake_args': None, 'cmake_clean_cache': False, 'cmake_clean_first': False, 'cmake_force_configure': False, 'cmake_target': None, 'cmake_target_skip_unavailable': False, 'install_base': '/home/poorcsky/csky_ws/install/vio_localization', 'merge_install': False, 'path': '/home/poorcsky/csky_ws/src/vio_localization', 'symlink_install': False, 'test_result_base': None}
[0.104s] Level 5:colcon.colcon_core.verb:set package 'flight_controller_bridge' build argument 'cmake_args' from command line to 'None'
[0.104s] Level 5:colcon.colcon_core.verb:set package 'flight_controller_bridge' build argument 'cmake_target' from command line to 'None'
[0.104s] Level 5:colcon.colcon_core.verb:set package 'flight_controller_bridge' build argument 'cmake_target_skip_unavailable' from command line to 'False'
[0.104s] Level 5:colcon.colcon_core.verb:set package 'flight_controller_bridge' build argument 'cmake_clean_cache' from command line to 'False'
[0.104s] Level 5:colcon.colcon_core.verb:set package 'flight_controller_bridge' build argument 'cmake_clean_first' from command line to 'False'
[0.104s] Level 5:colcon.colcon_core.verb:set package 'flight_controller_bridge' build argument 'cmake_force_configure' from command line to 'False'
[0.104s] Level 5:colcon.colcon_core.verb:set package 'flight_controller_bridge' build argument 'ament_cmake_args' from command line to 'None'
[0.104s] Level 5:colcon.colcon_core.verb:set package 'flight_controller_bridge' build argument 'catkin_cmake_args' from command line to 'None'
[0.104s] Level 5:colcon.colcon_core.verb:set package 'flight_controller_bridge' build argument 'catkin_skip_building_tests' from command line to 'False'
[0.104s] DEBUG:colcon.colcon_core.verb:Building package 'flight_controller_bridge' with the following arguments: {'ament_cmake_args': None, 'build_base': '/home/poorcsky/csky_ws/build/flight_controller_bridge', 'catkin_cmake_args': None, 'catkin_skip_building_tests': False, 'cmake_args': None, 'cmake_clean_cache': False, 'cmake_clean_first': False, 'cmake_force_configure': False, 'cmake_target': None, 'cmake_target_skip_unavailable': False, 'install_base': '/home/poorcsky/csky_ws/install/flight_controller_bridge', 'merge_install': False, 'path': '/home/poorcsky/csky_ws/src/flight_controller_bridge', 'symlink_install': False, 'test_result_base': None}
[0.104s] Level 5:colcon.colcon_core.verb:set package 'mission_manager' build argument 'cmake_args' from command line to 'None'
[0.104s] Level 5:colcon.colcon_core.verb:set package 'mission_manager' build argument 'cmake_target' from command line to 'None'
[0.104s] Level 5:colcon.colcon_core.verb:set package 'mission_manager' build argument 'cmake_target_skip_unavailable' from command line to 'False'
[0.104s] Level 5:colcon.colcon_core.verb:set package 'mission_manager' build argument 'cmake_clean_cache' from command line to 'False'
[0.104s] Level 5:colcon.colcon_core.verb:set package 'mission_manager' build argument 'cmake_clean_first' from command line to 'False'
[0.104s] Level 5:colcon.colcon_core.verb:set package 'mission_manager' build argument 'cmake_force_configure' from command line to 'False'
[0.104s] Level 5:colcon.colcon_core.verb:set package 'mission_manager' build argument 'ament_cmake_args' from command line to 'None'
[0.104s] Level 5:colcon.colcon_core.verb:set package 'mission_manager' build argument 'catkin_cmake_args' from command line to 'None'
[0.104s] Level 5:colcon.colcon_core.verb:set package 'mission_manager' build argument 'catkin_skip_building_tests' from command line to 'False'
[0.104s] DEBUG:colcon.colcon_core.verb:Building package 'mission_manager' with the following arguments: {'ament_cmake_args': None, 'build_base': '/home/poorcsky/csky_ws/build/mission_manager', 'catkin_cmake_args': None, 'catkin_skip_building_tests': False, 'cmake_args': None, 'cmake_clean_cache': False, 'cmake_clean_first': False, 'cmake_force_configure': False, 'cmake_target': None, 'cmake_target_skip_unavailable': False, 'install_base': '/home/poorcsky/csky_ws/install/mission_manager', 'merge_install': False, 'path': '/home/poorcsky/csky_ws/src/mission_manager', 'symlink_install': False, 'test_result_base': None}
[0.104s] Level 5:colcon.colcon_core.verb:set package 'px4_ros_com' build argument 'cmake_args' from command line to 'None'
[0.104s] Level 5:colcon.colcon_core.verb:set package 'px4_ros_com' build argument 'cmake_target' from command line to 'None'
[0.104s] Level 5:colcon.colcon_core.verb:set package 'px4_ros_com' build argument 'cmake_target_skip_unavailable' from command line to 'False'
[0.104s] Level 5:colcon.colcon_core.verb:set package 'px4_ros_com' build argument 'cmake_clean_cache' from command line to 'False'
[0.104s] Level 5:colcon.colcon_core.verb:set package 'px4_ros_com' build argument 'cmake_clean_first' from command line to 'False'
[0.104s] Level 5:colcon.colcon_core.verb:set package 'px4_ros_com' build argument 'cmake_force_configure' from command line to 'False'
[0.104s] Level 5:colcon.colcon_core.verb:set package 'px4_ros_com' build argument 'ament_cmake_args' from command line to 'None'
[0.104s] Level 5:colcon.colcon_core.verb:set package 'px4_ros_com' build argument 'catkin_cmake_args' from command line to 'None'
[0.104s] Level 5:colcon.colcon_core.verb:set package 'px4_ros_com' build argument 'catkin_skip_building_tests' from command line to 'False'
[0.104s] DEBUG:colcon.colcon_core.verb:Building package 'px4_ros_com' with the following arguments: {'ament_cmake_args': None, 'build_base': '/home/poorcsky/csky_ws/build/px4_ros_com', 'catkin_cmake_args': None, 'catkin_skip_building_tests': False, 'cmake_args': None, 'cmake_clean_cache': False, 'cmake_clean_first': False, 'cmake_force_configure': False, 'cmake_target': None, 'cmake_target_skip_unavailable': False, 'install_base': '/home/poorcsky/csky_ws/install/px4_ros_com', 'merge_install': False, 'path': '/home/poorcsky/csky_ws/src/px4_ros_com', 'symlink_install': False, 'test_result_base': None}
[0.104s] INFO:colcon.colcon_core.executor:Executing jobs using 'parallel' executor
[0.104s] DEBUG:colcon.colcon_parallel_executor.executor.parallel:run_until_complete
[0.104s] INFO:colcon.colcon_ros.task.ament_cmake.build:Building ROS package in '/home/poorcsky/csky_ws/src/px4_msgs' with build type 'ament_cmake'
[0.105s] INFO:colcon.colcon_cmake.task.cmake.build:Building CMake package in '/home/poorcsky/csky_ws/src/px4_msgs'
[0.106s] INFO:colcon.colcon_core.plugin_system:Skipping extension 'colcon_core.shell.bat': Not used on non-Windows systems
[0.106s] INFO:colcon.colcon_core.shell:Skip shell extension 'powershell' for command environment: Not usable outside of PowerShell
[0.106s] DEBUG:colcon.colcon_core.shell:Skip shell extension 'dsv' for command environment
[0.107s] INFO:colcon.colcon_ros.task.ament_python.build:Building ROS package in '/home/poorcsky/csky_ws/src/navigation_manager' with build type 'ament_python'
[0.107s] Level 1:colcon.colcon_core.shell:create_environment_hook('navigation_manager', 'ament_prefix_path')
[0.107s] INFO:colcon.colcon_core.shell:Creating environment hook '/home/poorcsky/csky_ws/install/navigation_manager/share/navigation_manager/hook/ament_prefix_path.ps1'
[0.108s] INFO:colcon.colcon_core.shell:Creating environment descriptor '/home/poorcsky/csky_ws/install/navigation_manager/share/navigation_manager/hook/ament_prefix_path.dsv'
[0.108s] INFO:colcon.colcon_core.shell:Creating environment hook '/home/poorcsky/csky_ws/install/navigation_manager/share/navigation_manager/hook/ament_prefix_path.sh'
[0.108s] INFO:colcon.colcon_core.shell:Skip shell extension 'powershell' for command environment: Not usable outside of PowerShell
[0.108s] DEBUG:colcon.colcon_core.shell:Skip shell extension 'dsv' for command environment
[0.109s] INFO:colcon.colcon_ros.task.ament_python.build:Building ROS package in '/home/poorcsky/csky_ws/src/vio_localization' with build type 'ament_python'
[0.109s] Level 1:colcon.colcon_core.shell:create_environment_hook('vio_localization', 'ament_prefix_path')
[0.109s] INFO:colcon.colcon_core.shell:Creating environment hook '/home/poorcsky/csky_ws/install/vio_localization/share/vio_localization/hook/ament_prefix_path.ps1'
[0.110s] INFO:colcon.colcon_core.shell:Creating environment descriptor '/home/poorcsky/csky_ws/install/vio_localization/share/vio_localization/hook/ament_prefix_path.dsv'
[0.110s] INFO:colcon.colcon_core.shell:Creating environment hook '/home/poorcsky/csky_ws/install/vio_localization/share/vio_localization/hook/ament_prefix_path.sh'
[0.110s] INFO:colcon.colcon_core.shell:Skip shell extension 'powershell' for command environment: Not usable outside of PowerShell
[0.110s] DEBUG:colcon.colcon_core.shell:Skip shell extension 'dsv' for command environment
[0.112s] DEBUG:colcon.colcon_core.event_handler.log_command:Invoking command in '/home/poorcsky/csky_ws/build/px4_msgs': CMAKE_PREFIX_PATH=${CMAKE_PREFIX_PATH}:/home/poorcsky/csky_ws/install/vio_localization:/home/poorcsky/csky_ws/install/mission_manager:/home/poorcsky/csky_ws/install/flight_controller_bridge:/home/poorcsky/csky_ws/install/navigation_manager:/opt/ros/jazzy DEBUGINFOD_URLS=https://debuginfod.ubuntu.com /usr/bin/cmake /home/poorcsky/csky_ws/src/px4_msgs -DCMAKE_INSTALL_PREFIX=/home/poorcsky/csky_ws/install/px4_msgs
[0.209s] INFO:colcon.colcon_core.task.python.build:Building Python package in '/home/poorcsky/csky_ws/src/navigation_manager'
[0.209s] INFO:colcon.colcon_core.shell:Skip shell extension 'powershell' for command environment: Not usable outside of PowerShell
[0.209s] DEBUG:colcon.colcon_core.shell:Skip shell extension 'dsv' for command environment
[0.302s] INFO:colcon.colcon_core.task.python.build:Building Python package in '/home/poorcsky/csky_ws/src/vio_localization'
[0.303s] INFO:colcon.colcon_core.shell:Skip shell extension 'powershell' for command environment: Not usable outside of PowerShell
[0.303s] DEBUG:colcon.colcon_core.shell:Skip shell extension 'dsv' for command environment
[0.550s] DEBUG:colcon.colcon_core.event_handler.log_command:Invoking command in '/home/poorcsky/csky_ws/src/navigation_manager': DEBUGINFOD_URLS=https://debuginfod.ubuntu.com PYTHONPATH=/home/poorcsky/csky_ws/build/navigation_manager/prefix_override:/usr/lib/python3/dist-packages/colcon_core/task/python/colcon_distutils_commands:/home/poorcsky/csky_ws/install/navigation_manager/lib/python3.12/site-packages:${PYTHONPATH} /usr/bin/python3 -W ignore:setup.py install is deprecated -W ignore:easy_install command is deprecated setup.py egg_info --egg-base ../../build/navigation_manager build --build-base /home/poorcsky/csky_ws/build/navigation_manager/build install --record /home/poorcsky/csky_ws/build/navigation_manager/install.log --single-version-externally-managed install_data
[0.580s] DEBUG:colcon.colcon_core.event_handler.log_command:Invoking command in '/home/poorcsky/csky_ws/src/vio_localization': DEBUGINFOD_URLS=https://debuginfod.ubuntu.com PYTHONPATH=/home/poorcsky/csky_ws/build/vio_localization/prefix_override:/usr/lib/python3/dist-packages/colcon_core/task/python/colcon_distutils_commands:/home/poorcsky/csky_ws/install/vio_localization/lib/python3.12/site-packages:${PYTHONPATH} /usr/bin/python3 -W ignore:setup.py install is deprecated -W ignore:easy_install command is deprecated setup.py egg_info --egg-base ../../build/vio_localization build --build-base /home/poorcsky/csky_ws/build/vio_localization/build install --record /home/poorcsky/csky_ws/build/vio_localization/install.log --single-version-externally-managed install_data
[0.786s] DEBUG:colcon.colcon_core.event_handler.log_command:Invoked command in '/home/poorcsky/csky_ws/src/navigation_manager' returned '0': DEBUGINFOD_URLS=https://debuginfod.ubuntu.com PYTHONPATH=/home/poorcsky/csky_ws/build/navigation_manager/prefix_override:/usr/lib/python3/dist-packages/colcon_core/task/python/colcon_distutils_commands:/home/poorcsky/csky_ws/install/navigation_manager/lib/python3.12/site-packages:${PYTHONPATH} /usr/bin/python3 -W ignore:setup.py install is deprecated -W ignore:easy_install command is deprecated setup.py egg_info --egg-base ../../build/navigation_manager build --build-base /home/poorcsky/csky_ws/build/navigation_manager/build install --record /home/poorcsky/csky_ws/build/navigation_manager/install.log --single-version-externally-managed install_data
[0.787s] Level 1:colcon.colcon_core.environment:checking '/home/poorcsky/csky_ws/install/navigation_manager' for CMake module files
[0.788s] Level 1:colcon.colcon_core.environment:checking '/home/poorcsky/csky_ws/install/navigation_manager' for CMake config files
[0.788s] Level 1:colcon.colcon_core.environment:checking '/home/poorcsky/csky_ws/install/navigation_manager/lib'
[0.789s] Level 1:colcon.colcon_core.environment:checking '/home/poorcsky/csky_ws/install/navigation_manager/bin'
[0.789s] Level 1:colcon.colcon_core.environment:checking '/home/poorcsky/csky_ws/install/navigation_manager/lib/pkgconfig/navigation_manager.pc'
[0.789s] Level 1:colcon.colcon_core.environment:checking '/home/poorcsky/csky_ws/install/navigation_manager/lib/python3.12/site-packages'
[0.789s] Level 1:colcon.colcon_core.shell:create_environment_hook('navigation_manager', 'pythonpath')
[0.789s] INFO:colcon.colcon_core.shell:Creating environment hook '/home/poorcsky/csky_ws/install/navigation_manager/share/navigation_manager/hook/pythonpath.ps1'
[0.789s] INFO:colcon.colcon_core.shell:Creating environment descriptor '/home/poorcsky/csky_ws/install/navigation_manager/share/navigation_manager/hook/pythonpath.dsv'
[0.789s] INFO:colcon.colcon_core.shell:Creating environment hook '/home/poorcsky/csky_ws/install/navigation_manager/share/navigation_manager/hook/pythonpath.sh'
[0.790s] Level 1:colcon.colcon_core.environment:checking '/home/poorcsky/csky_ws/install/navigation_manager/bin'
[0.790s] Level 1:colcon.colcon_core.environment:create_environment_scripts_only(navigation_manager)
[0.790s] INFO:colcon.colcon_core.shell:Creating package script '/home/poorcsky/csky_ws/install/navigation_manager/share/navigation_manager/package.ps1'
[0.791s] INFO:colcon.colcon_core.shell:Creating package descriptor '/home/poorcsky/csky_ws/install/navigation_manager/share/navigation_manager/package.dsv'
[0.791s] INFO:colcon.colcon_core.shell:Creating package script '/home/poorcsky/csky_ws/install/navigation_manager/share/navigation_manager/package.sh'
[0.792s] INFO:colcon.colcon_core.shell:Creating package script '/home/poorcsky/csky_ws/install/navigation_manager/share/navigation_manager/package.bash'
[0.792s] INFO:colcon.colcon_core.shell:Creating package script '/home/poorcsky/csky_ws/install/navigation_manager/share/navigation_manager/package.zsh'
[0.793s] Level 1:colcon.colcon_core.environment:create_file_with_runtime_dependencies(/home/poorcsky/csky_ws/install/navigation_manager/share/colcon-core/packages/navigation_manager)
[0.812s] Level 1:colcon.colcon_core.environment:checking '/home/poorcsky/csky_ws/install/vio_localization' for CMake module files
[0.812s] DEBUG:colcon.colcon_core.event_handler.log_command:Invoked command in '/home/poorcsky/csky_ws/src/vio_localization' returned '0': DEBUGINFOD_URLS=https://debuginfod.ubuntu.com PYTHONPATH=/home/poorcsky/csky_ws/build/vio_localization/prefix_override:/usr/lib/python3/dist-packages/colcon_core/task/python/colcon_distutils_commands:/home/poorcsky/csky_ws/install/vio_localization/lib/python3.12/site-packages:${PYTHONPATH} /usr/bin/python3 -W ignore:setup.py install is deprecated -W ignore:easy_install command is deprecated setup.py egg_info --egg-base ../../build/vio_localization build --build-base /home/poorcsky/csky_ws/build/vio_localization/build install --record /home/poorcsky/csky_ws/build/vio_localization/install.log --single-version-externally-managed install_data
[0.812s] Level 1:colcon.colcon_core.environment:checking '/home/poorcsky/csky_ws/install/vio_localization' for CMake config files
[0.813s] Level 1:colcon.colcon_core.environment:checking '/home/poorcsky/csky_ws/install/vio_localization/lib'
[0.813s] Level 1:colcon.colcon_core.environment:checking '/home/poorcsky/csky_ws/install/vio_localization/bin'
[0.813s] Level 1:colcon.colcon_core.environment:checking '/home/poorcsky/csky_ws/install/vio_localization/lib/pkgconfig/vio_localization.pc'
[0.813s] Level 1:colcon.colcon_core.environment:checking '/home/poorcsky/csky_ws/install/vio_localization/lib/python3.12/site-packages'
[0.813s] Level 1:colcon.colcon_core.shell:create_environment_hook('vio_localization', 'pythonpath')
[0.813s] INFO:colcon.colcon_core.shell:Creating environment hook '/home/poorcsky/csky_ws/install/vio_localization/share/vio_localization/hook/pythonpath.ps1'
[0.813s] INFO:colcon.colcon_core.shell:Creating environment descriptor '/home/poorcsky/csky_ws/install/vio_localization/share/vio_localization/hook/pythonpath.dsv'
[0.814s] INFO:colcon.colcon_core.shell:Creating environment hook '/home/poorcsky/csky_ws/install/vio_localization/share/vio_localization/hook/pythonpath.sh'
[0.814s] Level 1:colcon.colcon_core.environment:checking '/home/poorcsky/csky_ws/install/vio_localization/bin'
[0.814s] Level 1:colcon.colcon_core.environment:create_environment_scripts_only(vio_localization)
[0.814s] INFO:colcon.colcon_core.shell:Creating package script '/home/poorcsky/csky_ws/install/vio_localization/share/vio_localization/package.ps1'
[0.815s] INFO:colcon.colcon_core.shell:Creating package descriptor '/home/poorcsky/csky_ws/install/vio_localization/share/vio_localization/package.dsv'
[0.815s] INFO:colcon.colcon_core.shell:Creating package script '/home/poorcsky/csky_ws/install/vio_localization/share/vio_localization/package.sh'
[0.815s] INFO:colcon.colcon_core.shell:Creating package script '/home/poorcsky/csky_ws/install/vio_localization/share/vio_localization/package.bash'
[0.815s] INFO:colcon.colcon_core.shell:Creating package script '/home/poorcsky/csky_ws/install/vio_localization/share/vio_localization/package.zsh'
[0.815s] Level 1:colcon.colcon_core.environment:create_file_with_runtime_dependencies(/home/poorcsky/csky_ws/install/vio_localization/share/colcon-core/packages/vio_localization)
[3.024s] DEBUG:colcon.colcon_core.event_handler.log_command:Invoked command in '/home/poorcsky/csky_ws/build/px4_msgs' returned '0': CMAKE_PREFIX_PATH=${CMAKE_PREFIX_PATH}:/home/poorcsky/csky_ws/install/vio_localization:/home/poorcsky/csky_ws/install/mission_manager:/home/poorcsky/csky_ws/install/flight_controller_bridge:/home/poorcsky/csky_ws/install/navigation_manager:/opt/ros/jazzy DEBUGINFOD_URLS=https://debuginfod.ubuntu.com /usr/bin/cmake /home/poorcsky/csky_ws/src/px4_msgs -DCMAKE_INSTALL_PREFIX=/home/poorcsky/csky_ws/install/px4_msgs
[3.025s] DEBUG:colcon.colcon_core.event_handler.log_command:Invoking command in '/home/poorcsky/csky_ws/build/px4_msgs': CMAKE_PREFIX_PATH=${CMAKE_PREFIX_PATH}:/home/poorcsky/csky_ws/install/vio_localization:/home/poorcsky/csky_ws/install/mission_manager:/home/poorcsky/csky_ws/install/flight_controller_bridge:/home/poorcsky/csky_ws/install/navigation_manager:/opt/ros/jazzy DEBUGINFOD_URLS=https://debuginfod.ubuntu.com /usr/bin/cmake --build /home/poorcsky/csky_ws/build/px4_msgs -- -j32 -l32
[87.825s] DEBUG:colcon.colcon_core.event_handler.log_command:Invoked command in '/home/poorcsky/csky_ws/build/px4_msgs' returned '0': CMAKE_PREFIX_PATH=${CMAKE_PREFIX_PATH}:/home/poorcsky/csky_ws/install/vio_localization:/home/poorcsky/csky_ws/install/mission_manager:/home/poorcsky/csky_ws/install/flight_controller_bridge:/home/poorcsky/csky_ws/install/navigation_manager:/opt/ros/jazzy DEBUGINFOD_URLS=https://debuginfod.ubuntu.com /usr/bin/cmake --build /home/poorcsky/csky_ws/build/px4_msgs -- -j32 -l32
[87.834s] DEBUG:colcon.colcon_core.event_handler.log_command:Invoking command in '/home/poorcsky/csky_ws/build/px4_msgs': CMAKE_PREFIX_PATH=${CMAKE_PREFIX_PATH}:/home/poorcsky/csky_ws/install/vio_localization:/home/poorcsky/csky_ws/install/mission_manager:/home/poorcsky/csky_ws/install/flight_controller_bridge:/home/poorcsky/csky_ws/install/navigation_manager:/opt/ros/jazzy DEBUGINFOD_URLS=https://debuginfod.ubuntu.com /usr/bin/cmake --install /home/poorcsky/csky_ws/build/px4_msgs
[88.410s] Level 1:colcon.colcon_core.environment:create_environment_scripts_only(px4_msgs)
[88.410s] DEBUG:colcon.colcon_core.event_handler.log_command:Invoked command in '/home/poorcsky/csky_ws/build/px4_msgs' returned '0': CMAKE_PREFIX_PATH=${CMAKE_PREFIX_PATH}:/home/poorcsky/csky_ws/install/vio_localization:/home/poorcsky/csky_ws/install/mission_manager:/home/poorcsky/csky_ws/install/flight_controller_bridge:/home/poorcsky/csky_ws/install/navigation_manager:/opt/ros/jazzy DEBUGINFOD_URLS=https://debuginfod.ubuntu.com /usr/bin/cmake --install /home/poorcsky/csky_ws/build/px4_msgs
[88.410s] Level 1:colcon.colcon_core.environment:checking '/home/poorcsky/csky_ws/install/px4_msgs' for CMake module files
[88.410s] Level 1:colcon.colcon_core.environment:checking '/home/poorcsky/csky_ws/install/px4_msgs' for CMake config files
[88.414s] Level 1:colcon.colcon_core.shell:create_environment_hook('px4_msgs', 'cmake_prefix_path')
[88.414s] INFO:colcon.colcon_core.shell:Creating environment hook '/home/poorcsky/csky_ws/install/px4_msgs/share/px4_msgs/hook/cmake_prefix_path.ps1'
[88.414s] INFO:colcon.colcon_core.shell:Creating environment descriptor '/home/poorcsky/csky_ws/install/px4_msgs/share/px4_msgs/hook/cmake_prefix_path.dsv'
[88.415s] INFO:colcon.colcon_core.shell:Creating environment hook '/home/poorcsky/csky_ws/install/px4_msgs/share/px4_msgs/hook/cmake_prefix_path.sh'
[88.415s] Level 1:colcon.colcon_core.environment:checking '/home/poorcsky/csky_ws/install/px4_msgs/lib'
[88.415s] Level 1:colcon.colcon_core.shell:create_environment_hook('px4_msgs', 'ld_library_path_lib')
[88.415s] INFO:colcon.colcon_core.shell:Creating environment hook '/home/poorcsky/csky_ws/install/px4_msgs/share/px4_msgs/hook/ld_library_path_lib.ps1'
[88.415s] INFO:colcon.colcon_core.shell:Creating environment descriptor '/home/poorcsky/csky_ws/install/px4_msgs/share/px4_msgs/hook/ld_library_path_lib.dsv'
[88.416s] INFO:colcon.colcon_core.shell:Creating environment hook '/home/poorcsky/csky_ws/install/px4_msgs/share/px4_msgs/hook/ld_library_path_lib.sh'
[88.416s] Level 1:colcon.colcon_core.environment:checking '/home/poorcsky/csky_ws/install/px4_msgs/bin'
[88.416s] Level 1:colcon.colcon_core.environment:checking '/home/poorcsky/csky_ws/install/px4_msgs/lib/pkgconfig/px4_msgs.pc'
[88.416s] Level 1:colcon.colcon_core.environment:checking '/home/poorcsky/csky_ws/install/px4_msgs/lib/python3.12/site-packages'
[88.416s] Level 1:colcon.colcon_core.shell:create_environment_hook('px4_msgs', 'pythonpath')
[88.416s] INFO:colcon.colcon_core.shell:Creating environment hook '/home/poorcsky/csky_ws/install/px4_msgs/share/px4_msgs/hook/pythonpath.ps1'
[88.416s] INFO:colcon.colcon_core.shell:Creating environment descriptor '/home/poorcsky/csky_ws/install/px4_msgs/share/px4_msgs/hook/pythonpath.dsv'
[88.416s] INFO:colcon.colcon_core.shell:Creating environment hook '/home/poorcsky/csky_ws/install/px4_msgs/share/px4_msgs/hook/pythonpath.sh'
[88.417s] Level 1:colcon.colcon_core.environment:checking '/home/poorcsky/csky_ws/install/px4_msgs/bin'
[88.417s] INFO:colcon.colcon_core.shell:Creating package script '/home/poorcsky/csky_ws/install/px4_msgs/share/px4_msgs/package.ps1'
[88.417s] INFO:colcon.colcon_core.shell:Creating package descriptor '/home/poorcsky/csky_ws/install/px4_msgs/share/px4_msgs/package.dsv'
[88.418s] INFO:colcon.colcon_core.shell:Creating package script '/home/poorcsky/csky_ws/install/px4_msgs/share/px4_msgs/package.sh'
[88.418s] INFO:colcon.colcon_core.shell:Creating package script '/home/poorcsky/csky_ws/install/px4_msgs/share/px4_msgs/package.bash'
[88.418s] INFO:colcon.colcon_core.shell:Creating package script '/home/poorcsky/csky_ws/install/px4_msgs/share/px4_msgs/package.zsh'
[88.418s] Level 1:colcon.colcon_core.environment:create_file_with_runtime_dependencies(/home/poorcsky/csky_ws/install/px4_msgs/share/colcon-core/packages/px4_msgs)
[88.418s] Level 1:colcon.colcon_core.environment:create_environment_scripts_only(px4_msgs)
[88.418s] Level 1:colcon.colcon_core.environment:checking '/home/poorcsky/csky_ws/install/px4_msgs' for CMake module files
[88.418s] Level 1:colcon.colcon_core.environment:checking '/home/poorcsky/csky_ws/install/px4_msgs' for CMake config files
[88.420s] Level 1:colcon.colcon_core.shell:create_environment_hook('px4_msgs', 'cmake_prefix_path')
[88.420s] INFO:colcon.colcon_core.shell:Creating environment hook '/home/poorcsky/csky_ws/install/px4_msgs/share/px4_msgs/hook/cmake_prefix_path.ps1'
[88.421s] INFO:colcon.colcon_core.shell:Creating environment descriptor '/home/poorcsky/csky_ws/install/px4_msgs/share/px4_msgs/hook/cmake_prefix_path.dsv'
[88.421s] INFO:colcon.colcon_core.shell:Creating environment hook '/home/poorcsky/csky_ws/install/px4_msgs/share/px4_msgs/hook/cmake_prefix_path.sh'
[88.421s] Level 1:colcon.colcon_core.environment:checking '/home/poorcsky/csky_ws/install/px4_msgs/lib'
[88.421s] Level 1:colcon.colcon_core.shell:create_environment_hook('px4_msgs', 'ld_library_path_lib')
[88.421s] INFO:colcon.colcon_core.shell:Creating environment hook '/home/poorcsky/csky_ws/install/px4_msgs/share/px4_msgs/hook/ld_library_path_lib.ps1'
[88.421s] INFO:colcon.colcon_core.shell:Creating environment descriptor '/home/poorcsky/csky_ws/install/px4_msgs/share/px4_msgs/hook/ld_library_path_lib.dsv'
[88.421s] INFO:colcon.colcon_core.shell:Creating environment hook '/home/poorcsky/csky_ws/install/px4_msgs/share/px4_msgs/hook/ld_library_path_lib.sh'
[88.422s] Level 1:colcon.colcon_core.environment:checking '/home/poorcsky/csky_ws/install/px4_msgs/bin'
[88.422s] Level 1:colcon.colcon_core.environment:checking '/home/poorcsky/csky_ws/install/px4_msgs/lib/pkgconfig/px4_msgs.pc'
[88.422s] Level 1:colcon.colcon_core.environment:checking '/home/poorcsky/csky_ws/install/px4_msgs/lib/python3.12/site-packages'
[88.422s] Level 1:colcon.colcon_core.shell:create_environment_hook('px4_msgs', 'pythonpath')
[88.422s] INFO:colcon.colcon_core.shell:Creating environment hook '/home/poorcsky/csky_ws/install/px4_msgs/share/px4_msgs/hook/pythonpath.ps1'
[88.422s] INFO:colcon.colcon_core.shell:Creating environment descriptor '/home/poorcsky/csky_ws/install/px4_msgs/share/px4_msgs/hook/pythonpath.dsv'
[88.422s] INFO:colcon.colcon_core.shell:Creating environment hook '/home/poorcsky/csky_ws/install/px4_msgs/share/px4_msgs/hook/pythonpath.sh'
[88.422s] Level 1:colcon.colcon_core.environment:checking '/home/poorcsky/csky_ws/install/px4_msgs/bin'
[88.422s] INFO:colcon.colcon_core.shell:Creating package script '/home/poorcsky/csky_ws/install/px4_msgs/share/px4_msgs/package.ps1'
[88.423s] INFO:colcon.colcon_core.shell:Creating package descriptor '/home/poorcsky/csky_ws/install/px4_msgs/share/px4_msgs/package.dsv'
[88.423s] INFO:colcon.colcon_core.shell:Creating package script '/home/poorcsky/csky_ws/install/px4_msgs/share/px4_msgs/package.sh'
[88.423s] INFO:colcon.colcon_core.shell:Creating package script '/home/poorcsky/csky_ws/install/px4_msgs/share/px4_msgs/package.bash'
[88.423s] INFO:colcon.colcon_core.shell:Creating package script '/home/poorcsky/csky_ws/install/px4_msgs/share/px4_msgs/package.zsh'
[88.423s] Level 1:colcon.colcon_core.environment:create_file_with_runtime_dependencies(/home/poorcsky/csky_ws/install/px4_msgs/share/colcon-core/packages/px4_msgs)
[88.423s] INFO:colcon.colcon_ros.task.ament_python.build:Building ROS package in '/home/poorcsky/csky_ws/src/flight_controller_bridge' with build type 'ament_python'
[88.423s] Level 1:colcon.colcon_core.shell:create_environment_hook('flight_controller_bridge', 'ament_prefix_path')
[88.424s] INFO:colcon.colcon_core.shell:Creating environment hook '/home/poorcsky/csky_ws/install/flight_controller_bridge/share/flight_controller_bridge/hook/ament_prefix_path.ps1'
[88.424s] INFO:colcon.colcon_core.shell:Creating environment descriptor '/home/poorcsky/csky_ws/install/flight_controller_bridge/share/flight_controller_bridge/hook/ament_prefix_path.dsv'
[88.424s] INFO:colcon.colcon_core.shell:Creating environment hook '/home/poorcsky/csky_ws/install/flight_controller_bridge/share/flight_controller_bridge/hook/ament_prefix_path.sh'
[88.424s] INFO:colcon.colcon_core.shell:Skip shell extension 'powershell' for command environment: Not usable outside of PowerShell
[88.424s] DEBUG:colcon.colcon_core.shell:Skip shell extension 'dsv' for command environment
[88.426s] INFO:colcon.colcon_ros.task.ament_python.build:Building ROS package in '/home/poorcsky/csky_ws/src/mission_manager' with build type 'ament_python'
[88.426s] Level 1:colcon.colcon_core.shell:create_environment_hook('mission_manager', 'ament_prefix_path')
[88.426s] INFO:colcon.colcon_core.shell:Creating environment hook '/home/poorcsky/csky_ws/install/mission_manager/share/mission_manager/hook/ament_prefix_path.ps1'
[88.426s] INFO:colcon.colcon_core.shell:Creating environment descriptor '/home/poorcsky/csky_ws/install/mission_manager/share/mission_manager/hook/ament_prefix_path.dsv'
[88.426s] INFO:colcon.colcon_core.shell:Creating environment hook '/home/poorcsky/csky_ws/install/mission_manager/share/mission_manager/hook/ament_prefix_path.sh'
[88.427s] INFO:colcon.colcon_core.shell:Skip shell extension 'powershell' for command environment: Not usable outside of PowerShell
[88.427s] DEBUG:colcon.colcon_core.shell:Skip shell extension 'dsv' for command environment
[88.428s] INFO:colcon.colcon_ros.task.ament_cmake.build:Building ROS package in '/home/poorcsky/csky_ws/src/px4_ros_com' with build type 'ament_cmake'
[88.428s] INFO:colcon.colcon_cmake.task.cmake.build:Building CMake package in '/home/poorcsky/csky_ws/src/px4_ros_com'
[88.428s] INFO:colcon.colcon_core.shell:Skip shell extension 'powershell' for command environment: Not usable outside of PowerShell
[88.428s] DEBUG:colcon.colcon_core.shell:Skip shell extension 'dsv' for command environment
[88.530s] INFO:colcon.colcon_core.task.python.build:Building Python package in '/home/poorcsky/csky_ws/src/flight_controller_bridge'
[88.530s] INFO:colcon.colcon_core.shell:Skip shell extension 'powershell' for command environment: Not usable outside of PowerShell
[88.530s] DEBUG:colcon.colcon_core.shell:Skip shell extension 'dsv' for command environment
[88.628s] INFO:colcon.colcon_core.task.python.build:Building Python package in '/home/poorcsky/csky_ws/src/mission_manager'
[88.628s] INFO:colcon.colcon_core.shell:Skip shell extension 'powershell' for command environment: Not usable outside of PowerShell
[88.628s] DEBUG:colcon.colcon_core.shell:Skip shell extension 'dsv' for command environment
[88.631s] DEBUG:colcon.colcon_core.event_handler.log_command:Invoking command in '/home/poorcsky/csky_ws/build/px4_ros_com': CMAKE_PREFIX_PATH=/home/poorcsky/csky_ws/install/px4_msgs:/home/poorcsky/csky_ws/install/px4_ros_com:/opt/ros/jazzy/opt/gz_sim_vendor:/opt/ros/jazzy/opt/gz_sensors_vendor:/opt/ros/jazzy/opt/gz_physics_vendor:/opt/ros/jazzy/opt/sdformat_vendor:/opt/ros/jazzy/opt/gz_gui_vendor:/opt/ros/jazzy/opt/gz_transport_vendor:/opt/ros/jazzy/opt/gz_rendering_vendor:/opt/ros/jazzy/opt/gz_plugin_vendor:/opt/ros/jazzy/opt/gz_fuel_tools_vendor:/opt/ros/jazzy/opt/gz_msgs_vendor:/opt/ros/jazzy/opt/gz_common_vendor:/opt/ros/jazzy/opt/gz_math_vendor:/opt/ros/jazzy/opt/gz_utils_vendor:/opt/ros/jazzy/opt/gz_tools_vendor:/opt/ros/jazzy/opt/gz_ogre_next_vendor:/opt/ros/jazzy/opt/gz_dartsim_vendor:/opt/ros/jazzy/opt/gz_cmake_vendor:/home/poorcsky/csky_ws/install/vio_localization:/home/poorcsky/csky_ws/install/mission_manager:/home/poorcsky/csky_ws/install/flight_controller_bridge:/home/poorcsky/csky_ws/install/navigation_manager:/opt/ros/jazzy DEBUGINFOD_URLS=https://debuginfod.ubuntu.com LD_LIBRARY_PATH=/home/poorcsky/csky_ws/install/px4_msgs/lib:/home/poorcsky/csky_ws/install/px4_ros_com/lib:/opt/ros/jazzy/opt/gz_sim_vendor/lib:/opt/ros/jazzy/opt/gz_sensors_vendor/lib:/opt/ros/jazzy/opt/gz_physics_vendor/lib:/opt/ros/jazzy/opt/sdformat_vendor/lib:/opt/ros/jazzy/opt/rviz_ogre_vendor/lib:/opt/ros/jazzy/lib/x86_64-linux-gnu:/opt/ros/jazzy/opt/gz_gui_vendor/lib:/opt/ros/jazzy/opt/gz_transport_vendor/lib:/opt/ros/jazzy/opt/gz_rendering_vendor/lib:/opt/ros/jazzy/opt/gz_plugin_vendor/lib:/opt/ros/jazzy/opt/gz_fuel_tools_vendor/lib:/opt/ros/jazzy/opt/gz_msgs_vendor/lib:/opt/ros/jazzy/opt/gz_common_vendor/lib:/opt/ros/jazzy/opt/gz_math_vendor/lib:/opt/ros/jazzy/opt/gz_utils_vendor/lib:/opt/ros/jazzy/opt/gz_tools_vendor/lib:/opt/ros/jazzy/opt/gz_ogre_next_vendor/lib:/opt/ros/jazzy/opt/gz_dartsim_vendor/lib:/opt/ros/jazzy/opt/gz_cmake_vendor/lib:/opt/ros/jazzy/lib PYTHONPATH=/home/poorcsky/csky_ws/install/px4_msgs/lib/python3.12/site-packages:/home/poorcsky/csky_ws/install/vio_localization/lib/python3.12/site-packages:/home/poorcsky/csky_ws/install/px4_ros_com/lib/python3.12/site-packages:/home/poorcsky/csky_ws/install/mission_manager/lib/python3.12/site-packages:/home/poorcsky/csky_ws/install/flight_controller_bridge/lib/python3.12/site-packages:/home/poorcsky/csky_ws/install/navigation_manager/lib/python3.12/site-packages:/opt/ros/jazzy/lib/python3.12/site-packages /usr/bin/cmake /home/poorcsky/csky_ws/src/px4_ros_com -DCMAKE_INSTALL_PREFIX=/home/poorcsky/csky_ws/install/px4_ros_com
[88.897s] DEBUG:colcon.colcon_core.event_handler.log_command:Invoking command in '/home/poorcsky/csky_ws/src/mission_manager': CMAKE_PREFIX_PATH=/home/poorcsky/csky_ws/install/px4_msgs:/home/poorcsky/csky_ws/install/px4_ros_com:/opt/ros/jazzy/opt/gz_sim_vendor:/opt/ros/jazzy/opt/gz_sensors_vendor:/opt/ros/jazzy/opt/gz_physics_vendor:/opt/ros/jazzy/opt/sdformat_vendor:/opt/ros/jazzy/opt/gz_gui_vendor:/opt/ros/jazzy/opt/gz_transport_vendor:/opt/ros/jazzy/opt/gz_rendering_vendor:/opt/ros/jazzy/opt/gz_plugin_vendor:/opt/ros/jazzy/opt/gz_fuel_tools_vendor:/opt/ros/jazzy/opt/gz_msgs_vendor:/opt/ros/jazzy/opt/gz_common_vendor:/opt/ros/jazzy/opt/gz_math_vendor:/opt/ros/jazzy/opt/gz_utils_vendor:/opt/ros/jazzy/opt/gz_tools_vendor:/opt/ros/jazzy/opt/gz_ogre_next_vendor:/opt/ros/jazzy/opt/gz_dartsim_vendor:/opt/ros/jazzy/opt/gz_cmake_vendor DEBUGINFOD_URLS=https://debuginfod.ubuntu.com LD_LIBRARY_PATH=/home/poorcsky/csky_ws/install/px4_msgs/lib:/home/poorcsky/csky_ws/install/px4_ros_com/lib:/opt/ros/jazzy/opt/gz_sim_vendor/lib:/opt/ros/jazzy/opt/gz_sensors_vendor/lib:/opt/ros/jazzy/opt/gz_physics_vendor/lib:/opt/ros/jazzy/opt/sdformat_vendor/lib:/opt/ros/jazzy/opt/rviz_ogre_vendor/lib:/opt/ros/jazzy/lib/x86_64-linux-gnu:/opt/ros/jazzy/opt/gz_gui_vendor/lib:/opt/ros/jazzy/opt/gz_transport_vendor/lib:/opt/ros/jazzy/opt/gz_rendering_vendor/lib:/opt/ros/jazzy/opt/gz_plugin_vendor/lib:/opt/ros/jazzy/opt/gz_fuel_tools_vendor/lib:/opt/ros/jazzy/opt/gz_msgs_vendor/lib:/opt/ros/jazzy/opt/gz_common_vendor/lib:/opt/ros/jazzy/opt/gz_math_vendor/lib:/opt/ros/jazzy/opt/gz_utils_vendor/lib:/opt/ros/jazzy/opt/gz_tools_vendor/lib:/opt/ros/jazzy/opt/gz_ogre_next_vendor/lib:/opt/ros/jazzy/opt/gz_dartsim_vendor/lib:/opt/ros/jazzy/opt/gz_cmake_vendor/lib:/opt/ros/jazzy/lib PYTHONPATH=/home/poorcsky/csky_ws/build/mission_manager/prefix_override:/usr/lib/python3/dist-packages/colcon_core/task/python/colcon_distutils_commands:/home/poorcsky/csky_ws/install/mission_manager/lib/python3.12/site-packages:/home/poorcsky/csky_ws/install/px4_msgs/lib/python3.12/site-packages:/home/poorcsky/csky_ws/install/vio_localization/lib/python3.12/site-packages:/home/poorcsky/csky_ws/install/px4_ros_com/lib/python3.12/site-packages:/home/poorcsky/csky_ws/install/mission_manager/lib/python3.12/site-packages:/home/poorcsky/csky_ws/install/flight_controller_bridge/lib/python3.12/site-packages:/home/poorcsky/csky_ws/install/navigation_manager/lib/python3.12/site-packages:/opt/ros/jazzy/lib/python3.12/site-packages /usr/bin/python3 -W ignore:setup.py install is deprecated -W ignore:easy_install command is deprecated setup.py egg_info --egg-base ../../build/mission_manager build --build-base /home/poorcsky/csky_ws/build/mission_manager/build install --record /home/poorcsky/csky_ws/build/mission_manager/install.log --single-version-externally-managed install_data
[88.905s] DEBUG:colcon.colcon_core.event_handler.log_command:Invoking command in '/home/poorcsky/csky_ws/src/flight_controller_bridge': CMAKE_PREFIX_PATH=/home/poorcsky/csky_ws/install/px4_msgs:/home/poorcsky/csky_ws/install/px4_ros_com:/opt/ros/jazzy/opt/gz_sim_vendor:/opt/ros/jazzy/opt/gz_sensors_vendor:/opt/ros/jazzy/opt/gz_physics_vendor:/opt/ros/jazzy/opt/sdformat_vendor:/opt/ros/jazzy/opt/gz_gui_vendor:/opt/ros/jazzy/opt/gz_transport_vendor:/opt/ros/jazzy/opt/gz_rendering_vendor:/opt/ros/jazzy/opt/gz_plugin_vendor:/opt/ros/jazzy/opt/gz_fuel_tools_vendor:/opt/ros/jazzy/opt/gz_msgs_vendor:/opt/ros/jazzy/opt/gz_common_vendor:/opt/ros/jazzy/opt/gz_math_vendor:/opt/ros/jazzy/opt/gz_utils_vendor:/opt/ros/jazzy/opt/gz_tools_vendor:/opt/ros/jazzy/opt/gz_ogre_next_vendor:/opt/ros/jazzy/opt/gz_dartsim_vendor:/opt/ros/jazzy/opt/gz_cmake_vendor DEBUGINFOD_URLS=https://debuginfod.ubuntu.com LD_LIBRARY_PATH=/home/poorcsky/csky_ws/install/px4_msgs/lib:/home/poorcsky/csky_ws/install/px4_ros_com/lib:/opt/ros/jazzy/opt/gz_sim_vendor/lib:/opt/ros/jazzy/opt/gz_sensors_vendor/lib:/opt/ros/jazzy/opt/gz_physics_vendor/lib:/opt/ros/jazzy/opt/sdformat_vendor/lib:/opt/ros/jazzy/opt/rviz_ogre_vendor/lib:/opt/ros/jazzy/lib/x86_64-linux-gnu:/opt/ros/jazzy/opt/gz_gui_vendor/lib:/opt/ros/jazzy/opt/gz_transport_vendor/lib:/opt/ros/jazzy/opt/gz_rendering_vendor/lib:/opt/ros/jazzy/opt/gz_plugin_vendor/lib:/opt/ros/jazzy/opt/gz_fuel_tools_vendor/lib:/opt/ros/jazzy/opt/gz_msgs_vendor/lib:/opt/ros/jazzy/opt/gz_common_vendor/lib:/opt/ros/jazzy/opt/gz_math_vendor/lib:/opt/ros/jazzy/opt/gz_utils_vendor/lib:/opt/ros/jazzy/opt/gz_tools_vendor/lib:/opt/ros/jazzy/opt/gz_ogre_next_vendor/lib:/opt/ros/jazzy/opt/gz_dartsim_vendor/lib:/opt/ros/jazzy/opt/gz_cmake_vendor/lib:/opt/ros/jazzy/lib PYTHONPATH=/home/poorcsky/csky_ws/build/flight_controller_bridge/prefix_override:/usr/lib/python3/dist-packages/colcon_core/task/python/colcon_distutils_commands:/home/poorcsky/csky_ws/install/flight_controller_bridge/lib/python3.12/site-packages:/home/poorcsky/csky_ws/install/px4_msgs/lib/python3.12/site-packages:/home/poorcsky/csky_ws/install/vio_localization/lib/python3.12/site-packages:/home/poorcsky/csky_ws/install/px4_ros_com/lib/python3.12/site-packages:/home/poorcsky/csky_ws/install/mission_manager/lib/python3.12/site-packages:/home/poorcsky/csky_ws/install/flight_controller_bridge/lib/python3.12/site-packages:/home/poorcsky/csky_ws/install/navigation_manager/lib/python3.12/site-packages:/opt/ros/jazzy/lib/python3.12/site-packages /usr/bin/python3 -W ignore:setup.py install is deprecated -W ignore:easy_install command is deprecated setup.py egg_info --egg-base ../../build/flight_controller_bridge build --build-base /home/poorcsky/csky_ws/build/flight_controller_bridge/build install --record /home/poorcsky/csky_ws/build/flight_controller_bridge/install.log --single-version-externally-managed install_data
[89.131s] Level 1:colcon.colcon_core.environment:checking '/home/poorcsky/csky_ws/install/flight_controller_bridge' for CMake module files
[89.131s] Level 1:colcon.colcon_core.environment:checking '/home/poorcsky/csky_ws/install/flight_controller_bridge' for CMake config files
[89.131s] DEBUG:colcon.colcon_core.event_handler.log_command:Invoked command in '/home/poorcsky/csky_ws/src/flight_controller_bridge' returned '0': CMAKE_PREFIX_PATH=/home/poorcsky/csky_ws/install/px4_msgs:/home/poorcsky/csky_ws/install/px4_ros_com:/opt/ros/jazzy/opt/gz_sim_vendor:/opt/ros/jazzy/opt/gz_sensors_vendor:/opt/ros/jazzy/opt/gz_physics_vendor:/opt/ros/jazzy/opt/sdformat_vendor:/opt/ros/jazzy/opt/gz_gui_vendor:/opt/ros/jazzy/opt/gz_transport_vendor:/opt/ros/jazzy/opt/gz_rendering_vendor:/opt/ros/jazzy/opt/gz_plugin_vendor:/opt/ros/jazzy/opt/gz_fuel_tools_vendor:/opt/ros/jazzy/opt/gz_msgs_vendor:/opt/ros/jazzy/opt/gz_common_vendor:/opt/ros/jazzy/opt/gz_math_vendor:/opt/ros/jazzy/opt/gz_utils_vendor:/opt/ros/jazzy/opt/gz_tools_vendor:/opt/ros/jazzy/opt/gz_ogre_next_vendor:/opt/ros/jazzy/opt/gz_dartsim_vendor:/opt/ros/jazzy/opt/gz_cmake_vendor DEBUGINFOD_URLS=https://debuginfod.ubuntu.com LD_LIBRARY_PATH=/home/poorcsky/csky_ws/install/px4_msgs/lib:/home/poorcsky/csky_ws/install/px4_ros_com/lib:/opt/ros/jazzy/opt/gz_sim_vendor/lib:/opt/ros/jazzy/opt/gz_sensors_vendor/lib:/opt/ros/jazzy/opt/gz_physics_vendor/lib:/opt/ros/jazzy/opt/sdformat_vendor/lib:/opt/ros/jazzy/opt/rviz_ogre_vendor/lib:/opt/ros/jazzy/lib/x86_64-linux-gnu:/opt/ros/jazzy/opt/gz_gui_vendor/lib:/opt/ros/jazzy/opt/gz_transport_vendor/lib:/opt/ros/jazzy/opt/gz_rendering_vendor/lib:/opt/ros/jazzy/opt/gz_plugin_vendor/lib:/opt/ros/jazzy/opt/gz_fuel_tools_vendor/lib:/opt/ros/jazzy/opt/gz_msgs_vendor/lib:/opt/ros/jazzy/opt/gz_common_vendor/lib:/opt/ros/jazzy/opt/gz_math_vendor/lib:/opt/ros/jazzy/opt/gz_utils_vendor/lib:/opt/ros/jazzy/opt/gz_tools_vendor/lib:/opt/ros/jazzy/opt/gz_ogre_next_vendor/lib:/opt/ros/jazzy/opt/gz_dartsim_vendor/lib:/opt/ros/jazzy/opt/gz_cmake_vendor/lib:/opt/ros/jazzy/lib PYTHONPATH=/home/poorcsky/csky_ws/build/flight_controller_bridge/prefix_override:/usr/lib/python3/dist-packages/colcon_core/task/python/colcon_distutils_commands:/home/poorcsky/csky_ws/install/flight_controller_bridge/lib/python3.12/site-packages:/home/poorcsky/csky_ws/install/px4_msgs/lib/python3.12/site-packages:/home/poorcsky/csky_ws/install/vio_localization/lib/python3.12/site-packages:/home/poorcsky/csky_ws/install/px4_ros_com/lib/python3.12/site-packages:/home/poorcsky/csky_ws/install/mission_manager/lib/python3.12/site-packages:/home/poorcsky/csky_ws/install/flight_controller_bridge/lib/python3.12/site-packages:/home/poorcsky/csky_ws/install/navigation_manager/lib/python3.12/site-packages:/opt/ros/jazzy/lib/python3.12/site-packages /usr/bin/python3 -W ignore:setup.py install is deprecated -W ignore:easy_install command is deprecated setup.py egg_info --egg-base ../../build/flight_controller_bridge build --build-base /home/poorcsky/csky_ws/build/flight_controller_bridge/build install --record /home/poorcsky/csky_ws/build/flight_controller_bridge/install.log --single-version-externally-managed install_data
[89.132s] Level 1:colcon.colcon_core.environment:checking '/home/poorcsky/csky_ws/install/flight_controller_bridge/lib'
[89.132s] Level 1:colcon.colcon_core.environment:checking '/home/poorcsky/csky_ws/install/flight_controller_bridge/bin'
[89.132s] Level 1:colcon.colcon_core.environment:checking '/home/poorcsky/csky_ws/install/flight_controller_bridge/lib/pkgconfig/flight_controller_bridge.pc'
[89.132s] Level 1:colcon.colcon_core.environment:checking '/home/poorcsky/csky_ws/install/flight_controller_bridge/lib/python3.12/site-packages'
[89.132s] Level 1:colcon.colcon_core.shell:create_environment_hook('flight_controller_bridge', 'pythonpath')
[89.132s] INFO:colcon.colcon_core.shell:Creating environment hook '/home/poorcsky/csky_ws/install/flight_controller_bridge/share/flight_controller_bridge/hook/pythonpath.ps1'
[89.133s] INFO:colcon.colcon_core.shell:Creating environment descriptor '/home/poorcsky/csky_ws/install/flight_controller_bridge/share/flight_controller_bridge/hook/pythonpath.dsv'
[89.133s] INFO:colcon.colcon_core.shell:Creating environment hook '/home/poorcsky/csky_ws/install/flight_controller_bridge/share/flight_controller_bridge/hook/pythonpath.sh'
[89.133s] Level 1:colcon.colcon_core.environment:checking '/home/poorcsky/csky_ws/install/flight_controller_bridge/bin'
[89.133s] Level 1:colcon.colcon_core.environment:create_environment_scripts_only(flight_controller_bridge)
[89.133s] INFO:colcon.colcon_core.shell:Creating package script '/home/poorcsky/csky_ws/install/flight_controller_bridge/share/flight_controller_bridge/package.ps1'
[89.134s] INFO:colcon.colcon_core.shell:Creating package descriptor '/home/poorcsky/csky_ws/install/flight_controller_bridge/share/flight_controller_bridge/package.dsv'
[89.134s] INFO:colcon.colcon_core.shell:Creating package script '/home/poorcsky/csky_ws/install/flight_controller_bridge/share/flight_controller_bridge/package.sh'
[89.134s] INFO:colcon.colcon_core.shell:Creating package script '/home/poorcsky/csky_ws/install/flight_controller_bridge/share/flight_controller_bridge/package.bash'
[89.134s] INFO:colcon.colcon_core.shell:Creating package script '/home/poorcsky/csky_ws/install/flight_controller_bridge/share/flight_controller_bridge/package.zsh'
[89.134s] Level 1:colcon.colcon_core.environment:create_file_with_runtime_dependencies(/home/poorcsky/csky_ws/install/flight_controller_bridge/share/colcon-core/packages/flight_controller_bridge)
[89.135s] Level 1:colcon.colcon_core.environment:checking '/home/poorcsky/csky_ws/install/mission_manager' for CMake module files
[89.135s] DEBUG:colcon.colcon_core.event_handler.log_command:Invoked command in '/home/poorcsky/csky_ws/src/mission_manager' returned '0': CMAKE_PREFIX_PATH=/home/poorcsky/csky_ws/install/px4_msgs:/home/poorcsky/csky_ws/install/px4_ros_com:/opt/ros/jazzy/opt/gz_sim_vendor:/opt/ros/jazzy/opt/gz_sensors_vendor:/opt/ros/jazzy/opt/gz_physics_vendor:/opt/ros/jazzy/opt/sdformat_vendor:/opt/ros/jazzy/opt/gz_gui_vendor:/opt/ros/jazzy/opt/gz_transport_vendor:/opt/ros/jazzy/opt/gz_rendering_vendor:/opt/ros/jazzy/opt/gz_plugin_vendor:/opt/ros/jazzy/opt/gz_fuel_tools_vendor:/opt/ros/jazzy/opt/gz_msgs_vendor:/opt/ros/jazzy/opt/gz_common_vendor:/opt/ros/jazzy/opt/gz_math_vendor:/opt/ros/jazzy/opt/gz_utils_vendor:/opt/ros/jazzy/opt/gz_tools_vendor:/opt/ros/jazzy/opt/gz_ogre_next_vendor:/opt/ros/jazzy/opt/gz_dartsim_vendor:/opt/ros/jazzy/opt/gz_cmake_vendor DEBUGINFOD_URLS=https://debuginfod.ubuntu.com LD_LIBRARY_PATH=/home/poorcsky/csky_ws/install/px4_msgs/lib:/home/poorcsky/csky_ws/install/px4_ros_com/lib:/opt/ros/jazzy/opt/gz_sim_vendor/lib:/opt/ros/jazzy/opt/gz_sensors_vendor/lib:/opt/ros/jazzy/opt/gz_physics_vendor/lib:/opt/ros/jazzy/opt/sdformat_vendor/lib:/opt/ros/jazzy/opt/rviz_ogre_vendor/lib:/opt/ros/jazzy/lib/x86_64-linux-gnu:/opt/ros/jazzy/opt/gz_gui_vendor/lib:/opt/ros/jazzy/opt/gz_transport_vendor/lib:/opt/ros/jazzy/opt/gz_rendering_vendor/lib:/opt/ros/jazzy/opt/gz_plugin_vendor/lib:/opt/ros/jazzy/opt/gz_fuel_tools_vendor/lib:/opt/ros/jazzy/opt/gz_msgs_vendor/lib:/opt/ros/jazzy/opt/gz_common_vendor/lib:/opt/ros/jazzy/opt/gz_math_vendor/lib:/opt/ros/jazzy/opt/gz_utils_vendor/lib:/opt/ros/jazzy/opt/gz_tools_vendor/lib:/opt/ros/jazzy/opt/gz_ogre_next_vendor/lib:/opt/ros/jazzy/opt/gz_dartsim_vendor/lib:/opt/ros/jazzy/opt/gz_cmake_vendor/lib:/opt/ros/jazzy/lib PYTHONPATH=/home/poorcsky/csky_ws/build/mission_manager/prefix_override:/usr/lib/python3/dist-packages/colcon_core/task/python/colcon_distutils_commands:/home/poorcsky/csky_ws/install/mission_manager/lib/python3.12/site-packages:/home/poorcsky/csky_ws/install/px4_msgs/lib/python3.12/site-packages:/home/poorcsky/csky_ws/install/vio_localization/lib/python3.12/site-packages:/home/poorcsky/csky_ws/install/px4_ros_com/lib/python3.12/site-packages:/home/poorcsky/csky_ws/install/mission_manager/lib/python3.12/site-packages:/home/poorcsky/csky_ws/install/flight_controller_bridge/lib/python3.12/site-packages:/home/poorcsky/csky_ws/install/navigation_manager/lib/python3.12/site-packages:/opt/ros/jazzy/lib/python3.12/site-packages /usr/bin/python3 -W ignore:setup.py install is deprecated -W ignore:easy_install command is deprecated setup.py egg_info --egg-base ../../build/mission_manager build --build-base /home/poorcsky/csky_ws/build/mission_manager/build install --record /home/poorcsky/csky_ws/build/mission_manager/install.log --single-version-externally-managed install_data
[89.135s] Level 1:colcon.colcon_core.environment:checking '/home/poorcsky/csky_ws/install/mission_manager' for CMake config files
[89.135s] Level 1:colcon.colcon_core.environment:checking '/home/poorcsky/csky_ws/install/mission_manager/lib'
[89.135s] Level 1:colcon.colcon_core.environment:checking '/home/poorcsky/csky_ws/install/mission_manager/bin'
[89.135s] Level 1:colcon.colcon_core.environment:checking '/home/poorcsky/csky_ws/install/mission_manager/lib/pkgconfig/mission_manager.pc'
[89.135s] Level 1:colcon.colcon_core.environment:checking '/home/poorcsky/csky_ws/install/mission_manager/lib/python3.12/site-packages'
[89.135s] Level 1:colcon.colcon_core.shell:create_environment_hook('mission_manager', 'pythonpath')
[89.135s] INFO:colcon.colcon_core.shell:Creating environment hook '/home/poorcsky/csky_ws/install/mission_manager/share/mission_manager/hook/pythonpath.ps1'
[89.136s] INFO:colcon.colcon_core.shell:Creating environment descriptor '/home/poorcsky/csky_ws/install/mission_manager/share/mission_manager/hook/pythonpath.dsv'
[89.136s] INFO:colcon.colcon_core.shell:Creating environment hook '/home/poorcsky/csky_ws/install/mission_manager/share/mission_manager/hook/pythonpath.sh'
[89.136s] Level 1:colcon.colcon_core.environment:checking '/home/poorcsky/csky_ws/install/mission_manager/bin'
[89.136s] Level 1:colcon.colcon_core.environment:create_environment_scripts_only(mission_manager)
[89.136s] INFO:colcon.colcon_core.shell:Creating package script '/home/poorcsky/csky_ws/install/mission_manager/share/mission_manager/package.ps1'
[89.136s] INFO:colcon.colcon_core.shell:Creating package descriptor '/home/poorcsky/csky_ws/install/mission_manager/share/mission_manager/package.dsv'
[89.136s] INFO:colcon.colcon_core.shell:Creating package script '/home/poorcsky/csky_ws/install/mission_manager/share/mission_manager/package.sh'
[89.136s] INFO:colcon.colcon_core.shell:Creating package script '/home/poorcsky/csky_ws/install/mission_manager/share/mission_manager/package.bash'
[89.137s] INFO:colcon.colcon_core.shell:Creating package script '/home/poorcsky/csky_ws/install/mission_manager/share/mission_manager/package.zsh'
[89.137s] Level 1:colcon.colcon_core.environment:create_file_with_runtime_dependencies(/home/poorcsky/csky_ws/install/mission_manager/share/colcon-core/packages/mission_manager)
[89.375s] DEBUG:colcon.colcon_core.event_handler.log_command:Invoked command in '/home/poorcsky/csky_ws/build/px4_ros_com' returned '0': CMAKE_PREFIX_PATH=/home/poorcsky/csky_ws/install/px4_msgs:/home/poorcsky/csky_ws/install/px4_ros_com:/opt/ros/jazzy/opt/gz_sim_vendor:/opt/ros/jazzy/opt/gz_sensors_vendor:/opt/ros/jazzy/opt/gz_physics_vendor:/opt/ros/jazzy/opt/sdformat_vendor:/opt/ros/jazzy/opt/gz_gui_vendor:/opt/ros/jazzy/opt/gz_transport_vendor:/opt/ros/jazzy/opt/gz_rendering_vendor:/opt/ros/jazzy/opt/gz_plugin_vendor:/opt/ros/jazzy/opt/gz_fuel_tools_vendor:/opt/ros/jazzy/opt/gz_msgs_vendor:/opt/ros/jazzy/opt/gz_common_vendor:/opt/ros/jazzy/opt/gz_math_vendor:/opt/ros/jazzy/opt/gz_utils_vendor:/opt/ros/jazzy/opt/gz_tools_vendor:/opt/ros/jazzy/opt/gz_ogre_next_vendor:/opt/ros/jazzy/opt/gz_dartsim_vendor:/opt/ros/jazzy/opt/gz_cmake_vendor:/home/poorcsky/csky_ws/install/vio_localization:/home/poorcsky/csky_ws/install/mission_manager:/home/poorcsky/csky_ws/install/flight_controller_bridge:/home/poorcsky/csky_ws/install/navigation_manager:/opt/ros/jazzy DEBUGINFOD_URLS=https://debuginfod.ubuntu.com LD_LIBRARY_PATH=/home/poorcsky/csky_ws/install/px4_msgs/lib:/home/poorcsky/csky_ws/install/px4_ros_com/lib:/opt/ros/jazzy/opt/gz_sim_vendor/lib:/opt/ros/jazzy/opt/gz_sensors_vendor/lib:/opt/ros/jazzy/opt/gz_physics_vendor/lib:/opt/ros/jazzy/opt/sdformat_vendor/lib:/opt/ros/jazzy/opt/rviz_ogre_vendor/lib:/opt/ros/jazzy/lib/x86_64-linux-gnu:/opt/ros/jazzy/opt/gz_gui_vendor/lib:/opt/ros/jazzy/opt/gz_transport_vendor/lib:/opt/ros/jazzy/opt/gz_rendering_vendor/lib:/opt/ros/jazzy/opt/gz_plugin_vendor/lib:/opt/ros/jazzy/opt/gz_fuel_tools_vendor/lib:/opt/ros/jazzy/opt/gz_msgs_vendor/lib:/opt/ros/jazzy/opt/gz_common_vendor/lib:/opt/ros/jazzy/opt/gz_math_vendor/lib:/opt/ros/jazzy/opt/gz_utils_vendor/lib:/opt/ros/jazzy/opt/gz_tools_vendor/lib:/opt/ros/jazzy/opt/gz_ogre_next_vendor/lib:/opt/ros/jazzy/opt/gz_dartsim_vendor/lib:/opt/ros/jazzy/opt/gz_cmake_vendor/lib:/opt/ros/jazzy/lib PYTHONPATH=/home/poorcsky/csky_ws/install/px4_msgs/lib/python3.12/site-packages:/home/poorcsky/csky_ws/install/vio_localization/lib/python3.12/site-packages:/home/poorcsky/csky_ws/install/px4_ros_com/lib/python3.12/site-packages:/home/poorcsky/csky_ws/install/mission_manager/lib/python3.12/site-packages:/home/poorcsky/csky_ws/install/flight_controller_bridge/lib/python3.12/site-packages:/home/poorcsky/csky_ws/install/navigation_manager/lib/python3.12/site-packages:/opt/ros/jazzy/lib/python3.12/site-packages /usr/bin/cmake /home/poorcsky/csky_ws/src/px4_ros_com -DCMAKE_INSTALL_PREFIX=/home/poorcsky/csky_ws/install/px4_ros_com
[89.376s] DEBUG:colcon.colcon_core.event_handler.log_command:Invoking command in '/home/poorcsky/csky_ws/build/px4_ros_com': CMAKE_PREFIX_PATH=/home/poorcsky/csky_ws/install/px4_msgs:/home/poorcsky/csky_ws/install/px4_ros_com:/opt/ros/jazzy/opt/gz_sim_vendor:/opt/ros/jazzy/opt/gz_sensors_vendor:/opt/ros/jazzy/opt/gz_physics_vendor:/opt/ros/jazzy/opt/sdformat_vendor:/opt/ros/jazzy/opt/gz_gui_vendor:/opt/ros/jazzy/opt/gz_transport_vendor:/opt/ros/jazzy/opt/gz_rendering_vendor:/opt/ros/jazzy/opt/gz_plugin_vendor:/opt/ros/jazzy/opt/gz_fuel_tools_vendor:/opt/ros/jazzy/opt/gz_msgs_vendor:/opt/ros/jazzy/opt/gz_common_vendor:/opt/ros/jazzy/opt/gz_math_vendor:/opt/ros/jazzy/opt/gz_utils_vendor:/opt/ros/jazzy/opt/gz_tools_vendor:/opt/ros/jazzy/opt/gz_ogre_next_vendor:/opt/ros/jazzy/opt/gz_dartsim_vendor:/opt/ros/jazzy/opt/gz_cmake_vendor:/home/poorcsky/csky_ws/install/vio_localization:/home/poorcsky/csky_ws/install/mission_manager:/home/poorcsky/csky_ws/install/flight_controller_bridge:/home/poorcsky/csky_ws/install/navigation_manager:/opt/ros/jazzy DEBUGINFOD_URLS=https://debuginfod.ubuntu.com LD_LIBRARY_PATH=/home/poorcsky/csky_ws/install/px4_msgs/lib:/home/poorcsky/csky_ws/install/px4_ros_com/lib:/opt/ros/jazzy/opt/gz_sim_vendor/lib:/opt/ros/jazzy/opt/gz_sensors_vendor/lib:/opt/ros/jazzy/opt/gz_physics_vendor/lib:/opt/ros/jazzy/opt/sdformat_vendor/lib:/opt/ros/jazzy/opt/rviz_ogre_vendor/lib:/opt/ros/jazzy/lib/x86_64-linux-gnu:/opt/ros/jazzy/opt/gz_gui_vendor/lib:/opt/ros/jazzy/opt/gz_transport_vendor/lib:/opt/ros/jazzy/opt/gz_rendering_vendor/lib:/opt/ros/jazzy/opt/gz_plugin_vendor/lib:/opt/ros/jazzy/opt/gz_fuel_tools_vendor/lib:/opt/ros/jazzy/opt/gz_msgs_vendor/lib:/opt/ros/jazzy/opt/gz_common_vendor/lib:/opt/ros/jazzy/opt/gz_math_vendor/lib:/opt/ros/jazzy/opt/gz_utils_vendor/lib:/opt/ros/jazzy/opt/gz_tools_vendor/lib:/opt/ros/jazzy/opt/gz_ogre_next_vendor/lib:/opt/ros/jazzy/opt/gz_dartsim_vendor/lib:/opt/ros/jazzy/opt/gz_cmake_vendor/lib:/opt/ros/jazzy/lib PYTHONPATH=/home/poorcsky/csky_ws/install/px4_msgs/lib/python3.12/site-packages:/home/poorcsky/csky_ws/install/vio_localization/lib/python3.12/site-packages:/home/poorcsky/csky_ws/install/px4_ros_com/lib/python3.12/site-packages:/home/poorcsky/csky_ws/install/mission_manager/lib/python3.12/site-packages:/home/poorcsky/csky_ws/install/flight_controller_bridge/lib/python3.12/site-packages:/home/poorcsky/csky_ws/install/navigation_manager/lib/python3.12/site-packages:/opt/ros/jazzy/lib/python3.12/site-packages /usr/bin/cmake --build /home/poorcsky/csky_ws/build/px4_ros_com -- -j32 -l32
[93.064s] DEBUG:colcon.colcon_core.event_handler.log_command:Invoked command in '/home/poorcsky/csky_ws/build/px4_ros_com' returned '0': CMAKE_PREFIX_PATH=/home/poorcsky/csky_ws/install/px4_msgs:/home/poorcsky/csky_ws/install/px4_ros_com:/opt/ros/jazzy/opt/gz_sim_vendor:/opt/ros/jazzy/opt/gz_sensors_vendor:/opt/ros/jazzy/opt/gz_physics_vendor:/opt/ros/jazzy/opt/sdformat_vendor:/opt/ros/jazzy/opt/gz_gui_vendor:/opt/ros/jazzy/opt/gz_transport_vendor:/opt/ros/jazzy/opt/gz_rendering_vendor:/opt/ros/jazzy/opt/gz_plugin_vendor:/opt/ros/jazzy/opt/gz_fuel_tools_vendor:/opt/ros/jazzy/opt/gz_msgs_vendor:/opt/ros/jazzy/opt/gz_common_vendor:/opt/ros/jazzy/opt/gz_math_vendor:/opt/ros/jazzy/opt/gz_utils_vendor:/opt/ros/jazzy/opt/gz_tools_vendor:/opt/ros/jazzy/opt/gz_ogre_next_vendor:/opt/ros/jazzy/opt/gz_dartsim_vendor:/opt/ros/jazzy/opt/gz_cmake_vendor:/home/poorcsky/csky_ws/install/vio_localization:/home/poorcsky/csky_ws/install/mission_manager:/home/poorcsky/csky_ws/install/flight_controller_bridge:/home/poorcsky/csky_ws/install/navigation_manager:/opt/ros/jazzy DEBUGINFOD_URLS=https://debuginfod.ubuntu.com LD_LIBRARY_PATH=/home/poorcsky/csky_ws/install/px4_msgs/lib:/home/poorcsky/csky_ws/install/px4_ros_com/lib:/opt/ros/jazzy/opt/gz_sim_vendor/lib:/opt/ros/jazzy/opt/gz_sensors_vendor/lib:/opt/ros/jazzy/opt/gz_physics_vendor/lib:/opt/ros/jazzy/opt/sdformat_vendor/lib:/opt/ros/jazzy/opt/rviz_ogre_vendor/lib:/opt/ros/jazzy/lib/x86_64-linux-gnu:/opt/ros/jazzy/opt/gz_gui_vendor/lib:/opt/ros/jazzy/opt/gz_transport_vendor/lib:/opt/ros/jazzy/opt/gz_rendering_vendor/lib:/opt/ros/jazzy/opt/gz_plugin_vendor/lib:/opt/ros/jazzy/opt/gz_fuel_tools_vendor/lib:/opt/ros/jazzy/opt/gz_msgs_vendor/lib:/opt/ros/jazzy/opt/gz_common_vendor/lib:/opt/ros/jazzy/opt/gz_math_vendor/lib:/opt/ros/jazzy/opt/gz_utils_vendor/lib:/opt/ros/jazzy/opt/gz_tools_vendor/lib:/opt/ros/jazzy/opt/gz_ogre_next_vendor/lib:/opt/ros/jazzy/opt/gz_dartsim_vendor/lib:/opt/ros/jazzy/opt/gz_cmake_vendor/lib:/opt/ros/jazzy/lib PYTHONPATH=/home/poorcsky/csky_ws/install/px4_msgs/lib/python3.12/site-packages:/home/poorcsky/csky_ws/install/vio_localization/lib/python3.12/site-packages:/home/poorcsky/csky_ws/install/px4_ros_com/lib/python3.12/site-packages:/home/poorcsky/csky_ws/install/mission_manager/lib/python3.12/site-packages:/home/poorcsky/csky_ws/install/flight_controller_bridge/lib/python3.12/site-packages:/home/poorcsky/csky_ws/install/navigation_manager/lib/python3.12/site-packages:/opt/ros/jazzy/lib/python3.12/site-packages /usr/bin/cmake --build /home/poorcsky/csky_ws/build/px4_ros_com -- -j32 -l32
[93.065s] DEBUG:colcon.colcon_core.event_handler.log_command:Invoking command in '/home/poorcsky/csky_ws/build/px4_ros_com': CMAKE_PREFIX_PATH=/home/poorcsky/csky_ws/install/px4_msgs:/home/poorcsky/csky_ws/install/px4_ros_com:/opt/ros/jazzy/opt/gz_sim_vendor:/opt/ros/jazzy/opt/gz_sensors_vendor:/opt/ros/jazzy/opt/gz_physics_vendor:/opt/ros/jazzy/opt/sdformat_vendor:/opt/ros/jazzy/opt/gz_gui_vendor:/opt/ros/jazzy/opt/gz_transport_vendor:/opt/ros/jazzy/opt/gz_rendering_vendor:/opt/ros/jazzy/opt/gz_plugin_vendor:/opt/ros/jazzy/opt/gz_fuel_tools_vendor:/opt/ros/jazzy/opt/gz_msgs_vendor:/opt/ros/jazzy/opt/gz_common_vendor:/opt/ros/jazzy/opt/gz_math_vendor:/opt/ros/jazzy/opt/gz_utils_vendor:/opt/ros/jazzy/opt/gz_tools_vendor:/opt/ros/jazzy/opt/gz_ogre_next_vendor:/opt/ros/jazzy/opt/gz_dartsim_vendor:/opt/ros/jazzy/opt/gz_cmake_vendor:/home/poorcsky/csky_ws/install/vio_localization:/home/poorcsky/csky_ws/install/mission_manager:/home/poorcsky/csky_ws/install/flight_controller_bridge:/home/poorcsky/csky_ws/install/navigation_manager:/opt/ros/jazzy DEBUGINFOD_URLS=https://debuginfod.ubuntu.com LD_LIBRARY_PATH=/home/poorcsky/csky_ws/install/px4_msgs/lib:/home/poorcsky/csky_ws/install/px4_ros_com/lib:/opt/ros/jazzy/opt/gz_sim_vendor/lib:/opt/ros/jazzy/opt/gz_sensors_vendor/lib:/opt/ros/jazzy/opt/gz_physics_vendor/lib:/opt/ros/jazzy/opt/sdformat_vendor/lib:/opt/ros/jazzy/opt/rviz_ogre_vendor/lib:/opt/ros/jazzy/lib/x86_64-linux-gnu:/opt/ros/jazzy/opt/gz_gui_vendor/lib:/opt/ros/jazzy/opt/gz_transport_vendor/lib:/opt/ros/jazzy/opt/gz_rendering_vendor/lib:/opt/ros/jazzy/opt/gz_plugin_vendor/lib:/opt/ros/jazzy/opt/gz_fuel_tools_vendor/lib:/opt/ros/jazzy/opt/gz_msgs_vendor/lib:/opt/ros/jazzy/opt/gz_common_vendor/lib:/opt/ros/jazzy/opt/gz_math_vendor/lib:/opt/ros/jazzy/opt/gz_utils_vendor/lib:/opt/ros/jazzy/opt/gz_tools_vendor/lib:/opt/ros/jazzy/opt/gz_ogre_next_vendor/lib:/opt/ros/jazzy/opt/gz_dartsim_vendor/lib:/opt/ros/jazzy/opt/gz_cmake_vendor/lib:/opt/ros/jazzy/lib PYTHONPATH=/home/poorcsky/csky_ws/install/px4_msgs/lib/python3.12/site-packages:/home/poorcsky/csky_ws/install/vio_localization/lib/python3.12/site-packages:/home/poorcsky/csky_ws/install/px4_ros_com/lib/python3.12/site-packages:/home/poorcsky/csky_ws/install/mission_manager/lib/python3.12/site-packages:/home/poorcsky/csky_ws/install/flight_controller_bridge/lib/python3.12/site-packages:/home/poorcsky/csky_ws/install/navigation_manager/lib/python3.12/site-packages:/opt/ros/jazzy/lib/python3.12/site-packages /usr/bin/cmake --install /home/poorcsky/csky_ws/build/px4_ros_com
[93.106s] Level 1:colcon.colcon_core.environment:create_environment_scripts_only(px4_ros_com)
[93.106s] Level 1:colcon.colcon_core.environment:checking '/home/poorcsky/csky_ws/install/px4_ros_com' for CMake module files
[93.106s] DEBUG:colcon.colcon_core.event_handler.log_command:Invoked command in '/home/poorcsky/csky_ws/build/px4_ros_com' returned '0': CMAKE_PREFIX_PATH=/home/poorcsky/csky_ws/install/px4_msgs:/home/poorcsky/csky_ws/install/px4_ros_com:/opt/ros/jazzy/opt/gz_sim_vendor:/opt/ros/jazzy/opt/gz_sensors_vendor:/opt/ros/jazzy/opt/gz_physics_vendor:/opt/ros/jazzy/opt/sdformat_vendor:/opt/ros/jazzy/opt/gz_gui_vendor:/opt/ros/jazzy/opt/gz_transport_vendor:/opt/ros/jazzy/opt/gz_rendering_vendor:/opt/ros/jazzy/opt/gz_plugin_vendor:/opt/ros/jazzy/opt/gz_fuel_tools_vendor:/opt/ros/jazzy/opt/gz_msgs_vendor:/opt/ros/jazzy/opt/gz_common_vendor:/opt/ros/jazzy/opt/gz_math_vendor:/opt/ros/jazzy/opt/gz_utils_vendor:/opt/ros/jazzy/opt/gz_tools_vendor:/opt/ros/jazzy/opt/gz_ogre_next_vendor:/opt/ros/jazzy/opt/gz_dartsim_vendor:/opt/ros/jazzy/opt/gz_cmake_vendor:/home/poorcsky/csky_ws/install/vio_localization:/home/poorcsky/csky_ws/install/mission_manager:/home/poorcsky/csky_ws/install/flight_controller_bridge:/home/poorcsky/csky_ws/install/navigation_manager:/opt/ros/jazzy DEBUGINFOD_URLS=https://debuginfod.ubuntu.com LD_LIBRARY_PATH=/home/poorcsky/csky_ws/install/px4_msgs/lib:/home/poorcsky/csky_ws/install/px4_ros_com/lib:/opt/ros/jazzy/opt/gz_sim_vendor/lib:/opt/ros/jazzy/opt/gz_sensors_vendor/lib:/opt/ros/jazzy/opt/gz_physics_vendor/lib:/opt/ros/jazzy/opt/sdformat_vendor/lib:/opt/ros/jazzy/opt/rviz_ogre_vendor/lib:/opt/ros/jazzy/lib/x86_64-linux-gnu:/opt/ros/jazzy/opt/gz_gui_vendor/lib:/opt/ros/jazzy/opt/gz_transport_vendor/lib:/opt/ros/jazzy/opt/gz_rendering_vendor/lib:/opt/ros/jazzy/opt/gz_plugin_vendor/lib:/opt/ros/jazzy/opt/gz_fuel_tools_vendor/lib:/opt/ros/jazzy/opt/gz_msgs_vendor/lib:/opt/ros/jazzy/opt/gz_common_vendor/lib:/opt/ros/jazzy/opt/gz_math_vendor/lib:/opt/ros/jazzy/opt/gz_utils_vendor/lib:/opt/ros/jazzy/opt/gz_tools_vendor/lib:/opt/ros/jazzy/opt/gz_ogre_next_vendor/lib:/opt/ros/jazzy/opt/gz_dartsim_vendor/lib:/opt/ros/jazzy/opt/gz_cmake_vendor/lib:/opt/ros/jazzy/lib PYTHONPATH=/home/poorcsky/csky_ws/install/px4_msgs/lib/python3.12/site-packages:/home/poorcsky/csky_ws/install/vio_localization/lib/python3.12/site-packages:/home/poorcsky/csky_ws/install/px4_ros_com/lib/python3.12/site-packages:/home/poorcsky/csky_ws/install/mission_manager/lib/python3.12/site-packages:/home/poorcsky/csky_ws/install/flight_controller_bridge/lib/python3.12/site-packages:/home/poorcsky/csky_ws/install/navigation_manager/lib/python3.12/site-packages:/opt/ros/jazzy/lib/python3.12/site-packages /usr/bin/cmake --install /home/poorcsky/csky_ws/build/px4_ros_com
[93.107s] Level 1:colcon.colcon_core.environment:checking '/home/poorcsky/csky_ws/install/px4_ros_com' for CMake config files
[93.107s] Level 1:colcon.colcon_core.shell:create_environment_hook('px4_ros_com', 'cmake_prefix_path')
[93.107s] INFO:colcon.colcon_core.shell:Creating environment hook '/home/poorcsky/csky_ws/install/px4_ros_com/share/px4_ros_com/hook/cmake_prefix_path.ps1'
[93.107s] INFO:colcon.colcon_core.shell:Creating environment descriptor '/home/poorcsky/csky_ws/install/px4_ros_com/share/px4_ros_com/hook/cmake_prefix_path.dsv'
[93.107s] INFO:colcon.colcon_core.shell:Creating environment hook '/home/poorcsky/csky_ws/install/px4_ros_com/share/px4_ros_com/hook/cmake_prefix_path.sh'
[93.107s] Level 1:colcon.colcon_core.environment:checking '/home/poorcsky/csky_ws/install/px4_ros_com/lib'
[93.107s] Level 1:colcon.colcon_core.shell:create_environment_hook('px4_ros_com', 'ld_library_path_lib')
[93.107s] INFO:colcon.colcon_core.shell:Creating environment hook '/home/poorcsky/csky_ws/install/px4_ros_com/share/px4_ros_com/hook/ld_library_path_lib.ps1'
[93.108s] INFO:colcon.colcon_core.shell:Creating environment descriptor '/home/poorcsky/csky_ws/install/px4_ros_com/share/px4_ros_com/hook/ld_library_path_lib.dsv'
[93.108s] INFO:colcon.colcon_core.shell:Creating environment hook '/home/poorcsky/csky_ws/install/px4_ros_com/share/px4_ros_com/hook/ld_library_path_lib.sh'
[93.108s] Level 1:colcon.colcon_core.environment:checking '/home/poorcsky/csky_ws/install/px4_ros_com/bin'
[93.108s] Level 1:colcon.colcon_core.environment:checking '/home/poorcsky/csky_ws/install/px4_ros_com/lib/pkgconfig/px4_ros_com.pc'
[93.108s] Level 1:colcon.colcon_core.environment:checking '/home/poorcsky/csky_ws/install/px4_ros_com/lib/python3.12/site-packages'
[93.108s] Level 1:colcon.colcon_core.shell:create_environment_hook('px4_ros_com', 'pythonpath')
[93.108s] INFO:colcon.colcon_core.shell:Creating environment hook '/home/poorcsky/csky_ws/install/px4_ros_com/share/px4_ros_com/hook/pythonpath.ps1'
[93.108s] INFO:colcon.colcon_core.shell:Creating environment descriptor '/home/poorcsky/csky_ws/install/px4_ros_com/share/px4_ros_com/hook/pythonpath.dsv'
[93.108s] INFO:colcon.colcon_core.shell:Creating environment hook '/home/poorcsky/csky_ws/install/px4_ros_com/share/px4_ros_com/hook/pythonpath.sh'
[93.109s] Level 1:colcon.colcon_core.environment:checking '/home/poorcsky/csky_ws/install/px4_ros_com/bin'
[93.109s] INFO:colcon.colcon_core.shell:Creating package script '/home/poorcsky/csky_ws/install/px4_ros_com/share/px4_ros_com/package.ps1'
[93.109s] INFO:colcon.colcon_core.shell:Creating package descriptor '/home/poorcsky/csky_ws/install/px4_ros_com/share/px4_ros_com/package.dsv'
[93.109s] INFO:colcon.colcon_core.shell:Creating package script '/home/poorcsky/csky_ws/install/px4_ros_com/share/px4_ros_com/package.sh'
[93.109s] INFO:colcon.colcon_core.shell:Creating package script '/home/poorcsky/csky_ws/install/px4_ros_com/share/px4_ros_com/package.bash'
[93.109s] INFO:colcon.colcon_core.shell:Creating package script '/home/poorcsky/csky_ws/install/px4_ros_com/share/px4_ros_com/package.zsh'
[93.109s] Level 1:colcon.colcon_core.environment:create_file_with_runtime_dependencies(/home/poorcsky/csky_ws/install/px4_ros_com/share/colcon-core/packages/px4_ros_com)
[93.110s] Level 1:colcon.colcon_core.environment:create_environment_scripts_only(px4_ros_com)
[93.110s] Level 1:colcon.colcon_core.environment:checking '/home/poorcsky/csky_ws/install/px4_ros_com' for CMake module files
[93.110s] Level 1:colcon.colcon_core.environment:checking '/home/poorcsky/csky_ws/install/px4_ros_com' for CMake config files
[93.110s] Level 1:colcon.colcon_core.shell:create_environment_hook('px4_ros_com', 'cmake_prefix_path')
[93.110s] INFO:colcon.colcon_core.shell:Creating environment hook '/home/poorcsky/csky_ws/install/px4_ros_com/share/px4_ros_com/hook/cmake_prefix_path.ps1'
[93.110s] INFO:colcon.colcon_core.shell:Creating environment descriptor '/home/poorcsky/csky_ws/install/px4_ros_com/share/px4_ros_com/hook/cmake_prefix_path.dsv'
[93.110s] INFO:colcon.colcon_core.shell:Creating environment hook '/home/poorcsky/csky_ws/install/px4_ros_com/share/px4_ros_com/hook/cmake_prefix_path.sh'
[93.111s] Level 1:colcon.colcon_core.environment:checking '/home/poorcsky/csky_ws/install/px4_ros_com/lib'
[93.111s] Level 1:colcon.colcon_core.shell:create_environment_hook('px4_ros_com', 'ld_library_path_lib')
[93.111s] INFO:colcon.colcon_core.shell:Creating environment hook '/home/poorcsky/csky_ws/install/px4_ros_com/share/px4_ros_com/hook/ld_library_path_lib.ps1'
[93.111s] INFO:colcon.colcon_core.shell:Creating environment descriptor '/home/poorcsky/csky_ws/install/px4_ros_com/share/px4_ros_com/hook/ld_library_path_lib.dsv'
[93.111s] INFO:colcon.colcon_core.shell:Creating environment hook '/home/poorcsky/csky_ws/install/px4_ros_com/share/px4_ros_com/hook/ld_library_path_lib.sh'
[93.111s] Level 1:colcon.colcon_core.environment:checking '/home/poorcsky/csky_ws/install/px4_ros_com/bin'
[93.111s] Level 1:colcon.colcon_core.environment:checking '/home/poorcsky/csky_ws/install/px4_ros_com/lib/pkgconfig/px4_ros_com.pc'
[93.111s] Level 1:colcon.colcon_core.environment:checking '/home/poorcsky/csky_ws/install/px4_ros_com/lib/python3.12/site-packages'
[93.111s] Level 1:colcon.colcon_core.shell:create_environment_hook('px4_ros_com', 'pythonpath')
[93.111s] INFO:colcon.colcon_core.shell:Creating environment hook '/home/poorcsky/csky_ws/install/px4_ros_com/share/px4_ros_com/hook/pythonpath.ps1'
[93.111s] INFO:colcon.colcon_core.shell:Creating environment descriptor '/home/poorcsky/csky_ws/install/px4_ros_com/share/px4_ros_com/hook/pythonpath.dsv'
[93.112s] INFO:colcon.colcon_core.shell:Creating environment hook '/home/poorcsky/csky_ws/install/px4_ros_com/share/px4_ros_com/hook/pythonpath.sh'
[93.112s] Level 1:colcon.colcon_core.environment:checking '/home/poorcsky/csky_ws/install/px4_ros_com/bin'
[93.112s] INFO:colcon.colcon_core.shell:Creating package script '/home/poorcsky/csky_ws/install/px4_ros_com/share/px4_ros_com/package.ps1'
[93.112s] INFO:colcon.colcon_core.shell:Creating package descriptor '/home/poorcsky/csky_ws/install/px4_ros_com/share/px4_ros_com/package.dsv'
[93.112s] INFO:colcon.colcon_core.shell:Creating package script '/home/poorcsky/csky_ws/install/px4_ros_com/share/px4_ros_com/package.sh'
[93.113s] INFO:colcon.colcon_core.shell:Creating package script '/home/poorcsky/csky_ws/install/px4_ros_com/share/px4_ros_com/package.bash'
[93.113s] INFO:colcon.colcon_core.shell:Creating package script '/home/poorcsky/csky_ws/install/px4_ros_com/share/px4_ros_com/package.zsh'
[93.113s] Level 1:colcon.colcon_core.environment:create_file_with_runtime_dependencies(/home/poorcsky/csky_ws/install/px4_ros_com/share/colcon-core/packages/px4_ros_com)
[93.113s] DEBUG:colcon.colcon_parallel_executor.executor.parallel:closing loop
[93.113s] DEBUG:colcon.colcon_parallel_executor.executor.parallel:loop closed
[93.113s] DEBUG:colcon.colcon_parallel_executor.executor.parallel:run_until_complete finished with '0'
[93.113s] DEBUG:colcon.colcon_core.event_reactor:joining thread
[93.116s] INFO:colcon.colcon_core.plugin_system:Skipping extension 'colcon_notification.desktop_notification.terminal_notifier': Not used on non-Darwin systems
[93.116s] INFO:colcon.colcon_core.plugin_system:Skipping extension 'colcon_notification.desktop_notification.win32': Not used on non-Windows systems
[93.116s] INFO:colcon.colcon_notification.desktop_notification:Sending desktop notification using 'notify2'
[93.127s] DEBUG:colcon.colcon_core.event_reactor:joined thread
[93.127s] INFO:colcon.colcon_core.shell:Creating prefix script '/home/poorcsky/csky_ws/install/local_setup.ps1'
[93.128s] INFO:colcon.colcon_core.shell:Creating prefix util module '/home/poorcsky/csky_ws/install/_local_setup_util_ps1.py'
[93.128s] INFO:colcon.colcon_core.shell:Creating prefix chain script '/home/poorcsky/csky_ws/install/setup.ps1'
[93.128s] INFO:colcon.colcon_core.shell:Creating prefix script '/home/poorcsky/csky_ws/install/local_setup.sh'
[93.129s] INFO:colcon.colcon_core.shell:Creating prefix util module '/home/poorcsky/csky_ws/install/_local_setup_util_sh.py'
[93.129s] INFO:colcon.colcon_core.shell:Creating prefix chain script '/home/poorcsky/csky_ws/install/setup.sh'
[93.129s] INFO:colcon.colcon_core.shell:Creating prefix script '/home/poorcsky/csky_ws/install/local_setup.bash'
[93.129s] INFO:colcon.colcon_core.shell:Creating prefix chain script '/home/poorcsky/csky_ws/install/setup.bash'
[93.130s] INFO:colcon.colcon_core.shell:Creating prefix script '/home/poorcsky/csky_ws/install/local_setup.zsh'
[93.130s] INFO:colcon.colcon_core.shell:Creating prefix chain script '/home/poorcsky/csky_ws/install/setup.zsh'
