[0.513s] Invoking command in '/home/poorcsky/csky_ws/src/navigation_manager': DEBUGINFOD_URLS=https://debuginfod.ubuntu.com PYTHONPATH=/home/poorcsky/csky_ws/build/navigation_manager/prefix_override:/usr/lib/python3/dist-packages/colcon_core/task/python/colcon_distutils_commands:/home/poorcsky/csky_ws/install/navigation_manager/lib/python3.12/site-packages:${PYTHONPATH} /usr/bin/python3 -W ignore:setup.py install is deprecated -W ignore:easy_install command is deprecated setup.py egg_info --egg-base ../../build/navigation_manager build --build-base /home/poorcsky/csky_ws/build/navigation_manager/build install --record /home/poorcsky/csky_ws/build/navigation_manager/install.log --single-version-externally-managed install_data
[0.658s] running egg_info
[0.670s] writing ../../build/navigation_manager/navigation_manager.egg-info/PKG-INFO
[0.670s] writing dependency_links to ../../build/navigation_manager/navigation_manager.egg-info/dependency_links.txt
[0.670s] writing entry points to ../../build/navigation_manager/navigation_manager.egg-info/entry_points.txt
[0.670s] writing requirements to ../../build/navigation_manager/navigation_manager.egg-info/requires.txt
[0.670s] writing top-level names to ../../build/navigation_manager/navigation_manager.egg-info/top_level.txt
[0.694s] reading manifest file '../../build/navigation_manager/navigation_manager.egg-info/SOURCES.txt'
[0.694s] writing manifest file '../../build/navigation_manager/navigation_manager.egg-info/SOURCES.txt'
[0.695s] running build
[0.695s] running build_py
[0.695s] running install
[0.698s] running install_lib
[0.708s] running install_data
[0.708s] running install_egg_info
[0.719s] removing '/home/poorcsky/csky_ws/install/navigation_manager/lib/python3.12/site-packages/navigation_manager-0.0.0-py3.12.egg-info' (and everything under it)
[0.719s] Copying ../../build/navigation_manager/navigation_manager.egg-info to /home/poorcsky/csky_ws/install/navigation_manager/lib/python3.12/site-packages/navigation_manager-0.0.0-py3.12.egg-info
[0.719s] running install_scripts
[0.790s] Installing a_star_planner script to /home/poorcsky/csky_ws/install/navigation_manager/lib/navigation_manager
[0.790s] Installing agpf_planner script to /home/poorcsky/csky_ws/install/navigation_manager/lib/navigation_manager
[0.790s] Installing depth_filter script to /home/poorcsky/csky_ws/install/navigation_manager/lib/navigation_manager
[0.790s] Installing obstacle_detector script to /home/poorcsky/csky_ws/install/navigation_manager/lib/navigation_manager
[0.790s] Installing path_follower script to /home/poorcsky/csky_ws/install/navigation_manager/lib/navigation_manager
[0.790s] Installing safety_layer script to /home/poorcsky/csky_ws/install/navigation_manager/lib/navigation_manager
[0.790s] Installing waypoint_manager script to /home/poorcsky/csky_ws/install/navigation_manager/lib/navigation_manager
[0.791s] writing list of installed files to '/home/poorcsky/csky_ws/build/navigation_manager/install.log'
[0.806s] Invoked command in '/home/poorcsky/csky_ws/src/navigation_manager' returned '0': DEBUGINFOD_URLS=https://debuginfod.ubuntu.com PYTHONPATH=/home/poorcsky/csky_ws/build/navigation_manager/prefix_override:/usr/lib/python3/dist-packages/colcon_core/task/python/colcon_distutils_commands:/home/poorcsky/csky_ws/install/navigation_manager/lib/python3.12/site-packages:${PYTHONPATH} /usr/bin/python3 -W ignore:setup.py install is deprecated -W ignore:easy_install command is deprecated setup.py egg_info --egg-base ../../build/navigation_manager build --build-base /home/poorcsky/csky_ws/build/navigation_manager/build install --record /home/poorcsky/csky_ws/build/navigation_manager/install.log --single-version-externally-managed install_data
