[0.357s] Invoking command in '/home/poorcsky/csky_ws/src/navigation_manager': DEBUGINFOD_URLS=https://debuginfod.ubuntu.com PYTHONPATH=/home/poorcsky/csky_ws/build/navigation_manager/prefix_override:/usr/lib/python3/dist-packages/colcon_core/task/python/colcon_distutils_commands:/home/poorcsky/csky_ws/install/navigation_manager/lib/python3.12/site-packages:${PYTHONPATH} /usr/bin/python3 -W ignore:setup.py install is deprecated -W ignore:easy_install command is deprecated setup.py egg_info --egg-base ../../build/navigation_manager build --build-base /home/poorcsky/csky_ws/build/navigation_manager/build install --record /home/poorcsky/csky_ws/build/navigation_manager/install.log --single-version-externally-managed install_data
[0.474s] running egg_info
[0.482s] writing ../../build/navigation_manager/navigation_manager.egg-info/PKG-INFO
[0.482s] writing dependency_links to ../../build/navigation_manager/navigation_manager.egg-info/dependency_links.txt
[0.482s] writing entry points to ../../build/navigation_manager/navigation_manager.egg-info/entry_points.txt
[0.483s] writing requirements to ../../build/navigation_manager/navigation_manager.egg-info/requires.txt
[0.483s] writing top-level names to ../../build/navigation_manager/navigation_manager.egg-info/top_level.txt
[0.499s] reading manifest file '../../build/navigation_manager/navigation_manager.egg-info/SOURCES.txt'
[0.499s] writing manifest file '../../build/navigation_manager/navigation_manager.egg-info/SOURCES.txt'
[0.500s] running build
[0.500s] running build_py
[0.500s] copying navigation_manager/depth_filter.py -> /home/poorcsky/csky_ws/build/navigation_manager/build/lib/navigation_manager
[0.500s] running install
[0.503s] running install_lib
[0.511s] copying /home/poorcsky/csky_ws/build/navigation_manager/build/lib/navigation_manager/depth_filter.py -> /home/poorcsky/csky_ws/install/navigation_manager/lib/python3.12/site-packages/navigation_manager
[0.511s] byte-compiling /home/poorcsky/csky_ws/install/navigation_manager/lib/python3.12/site-packages/navigation_manager/depth_filter.py to depth_filter.cpython-312.pyc
[0.512s] running install_data
[0.512s] copying launch/navigation.launch.py -> /home/poorcsky/csky_ws/install/navigation_manager/share/navigation_manager/launch
[0.512s] running install_egg_info
[0.521s] removing '/home/poorcsky/csky_ws/install/navigation_manager/lib/python3.12/site-packages/navigation_manager-0.0.0-py3.12.egg-info' (and everything under it)
[0.521s] Copying ../../build/navigation_manager/navigation_manager.egg-info to /home/poorcsky/csky_ws/install/navigation_manager/lib/python3.12/site-packages/navigation_manager-0.0.0-py3.12.egg-info
[0.521s] running install_scripts
[0.578s] Installing a_star_planner script to /home/poorcsky/csky_ws/install/navigation_manager/lib/navigation_manager
[0.578s] Installing agpf_planner script to /home/poorcsky/csky_ws/install/navigation_manager/lib/navigation_manager
[0.578s] Installing obstacle_detector script to /home/poorcsky/csky_ws/install/navigation_manager/lib/navigation_manager
[0.578s] Installing path_follower script to /home/poorcsky/csky_ws/install/navigation_manager/lib/navigation_manager
[0.578s] Installing safety_layer script to /home/poorcsky/csky_ws/install/navigation_manager/lib/navigation_manager
[0.578s] Installing waypoint_manager script to /home/poorcsky/csky_ws/install/navigation_manager/lib/navigation_manager
[0.578s] writing list of installed files to '/home/poorcsky/csky_ws/build/navigation_manager/install.log'
[0.589s] Invoked command in '/home/poorcsky/csky_ws/src/navigation_manager' returned '0': DEBUGINFOD_URLS=https://debuginfod.ubuntu.com PYTHONPATH=/home/poorcsky/csky_ws/build/navigation_manager/prefix_override:/usr/lib/python3/dist-packages/colcon_core/task/python/colcon_distutils_commands:/home/poorcsky/csky_ws/install/navigation_manager/lib/python3.12/site-packages:${PYTHONPATH} /usr/bin/python3 -W ignore:setup.py install is deprecated -W ignore:easy_install command is deprecated setup.py egg_info --egg-base ../../build/navigation_manager build --build-base /home/poorcsky/csky_ws/build/navigation_manager/build install --record /home/poorcsky/csky_ws/build/navigation_manager/install.log --single-version-externally-managed install_data
