running egg_info
creating ../../build/navigation_manager/navigation_manager.egg-info
writing ../../build/navigation_manager/navigation_manager.egg-info/PKG-INFO
writing dependency_links to ../../build/navigation_manager/navigation_manager.egg-info/dependency_links.txt
writing entry points to ../../build/navigation_manager/navigation_manager.egg-info/entry_points.txt
writing requirements to ../../build/navigation_manager/navigation_manager.egg-info/requires.txt
writing top-level names to ../../build/navigation_manager/navigation_manager.egg-info/top_level.txt
writing manifest file '../../build/navigation_manager/navigation_manager.egg-info/SOURCES.txt'
reading manifest file '../../build/navigation_manager/navigation_manager.egg-info/SOURCES.txt'
writing manifest file '../../build/navigation_manager/navigation_manager.egg-info/SOURCES.txt'
running build
running build_py
creating /home/poorcsky/csky_ws/build/navigation_manager/build
creating /home/poorcsky/csky_ws/build/navigation_manager/build/lib
creating /home/poorcsky/csky_ws/build/navigation_manager/build/lib/navigation_manager
copying navigation_manager/agpf_planner.py -> /home/poorcsky/csky_ws/build/navigation_manager/build/lib/navigation_manager
copying navigation_manager/obstacle_detector.py -> /home/poorcsky/csky_ws/build/navigation_manager/build/lib/navigation_manager
copying navigation_manager/path_follower.py -> /home/poorcsky/csky_ws/build/navigation_manager/build/lib/navigation_manager
copying navigation_manager/safety_layer.py -> /home/poorcsky/csky_ws/build/navigation_manager/build/lib/navigation_manager
copying navigation_manager/__init__.py -> /home/poorcsky/csky_ws/build/navigation_manager/build/lib/navigation_manager
copying navigation_manager/waypoint_manager.py -> /home/poorcsky/csky_ws/build/navigation_manager/build/lib/navigation_manager
copying navigation_manager/a_star_planner.py -> /home/poorcsky/csky_ws/build/navigation_manager/build/lib/navigation_manager
running install
running install_lib
creating /home/poorcsky/csky_ws/install/navigation_manager/lib/python3.12/site-packages/navigation_manager
copying /home/poorcsky/csky_ws/build/navigation_manager/build/lib/navigation_manager/agpf_planner.py -> /home/poorcsky/csky_ws/install/navigation_manager/lib/python3.12/site-packages/navigation_manager
copying /home/poorcsky/csky_ws/build/navigation_manager/build/lib/navigation_manager/obstacle_detector.py -> /home/poorcsky/csky_ws/install/navigation_manager/lib/python3.12/site-packages/navigation_manager
copying /home/poorcsky/csky_ws/build/navigation_manager/build/lib/navigation_manager/path_follower.py -> /home/poorcsky/csky_ws/install/navigation_manager/lib/python3.12/site-packages/navigation_manager
copying /home/poorcsky/csky_ws/build/navigation_manager/build/lib/navigation_manager/safety_layer.py -> /home/poorcsky/csky_ws/install/navigation_manager/lib/python3.12/site-packages/navigation_manager
copying /home/poorcsky/csky_ws/build/navigation_manager/build/lib/navigation_manager/__init__.py -> /home/poorcsky/csky_ws/install/navigation_manager/lib/python3.12/site-packages/navigation_manager
copying /home/poorcsky/csky_ws/build/navigation_manager/build/lib/navigation_manager/waypoint_manager.py -> /home/poorcsky/csky_ws/install/navigation_manager/lib/python3.12/site-packages/navigation_manager
copying /home/poorcsky/csky_ws/build/navigation_manager/build/lib/navigation_manager/a_star_planner.py -> /home/poorcsky/csky_ws/install/navigation_manager/lib/python3.12/site-packages/navigation_manager
byte-compiling /home/poorcsky/csky_ws/install/navigation_manager/lib/python3.12/site-packages/navigation_manager/agpf_planner.py to agpf_planner.cpython-312.pyc
byte-compiling /home/poorcsky/csky_ws/install/navigation_manager/lib/python3.12/site-packages/navigation_manager/obstacle_detector.py to obstacle_detector.cpython-312.pyc
byte-compiling /home/poorcsky/csky_ws/install/navigation_manager/lib/python3.12/site-packages/navigation_manager/path_follower.py to path_follower.cpython-312.pyc
byte-compiling /home/poorcsky/csky_ws/install/navigation_manager/lib/python3.12/site-packages/navigation_manager/safety_layer.py to safety_layer.cpython-312.pyc
byte-compiling /home/poorcsky/csky_ws/install/navigation_manager/lib/python3.12/site-packages/navigation_manager/__init__.py to __init__.cpython-312.pyc
byte-compiling /home/poorcsky/csky_ws/install/navigation_manager/lib/python3.12/site-packages/navigation_manager/waypoint_manager.py to waypoint_manager.cpython-312.pyc
byte-compiling /home/poorcsky/csky_ws/install/navigation_manager/lib/python3.12/site-packages/navigation_manager/a_star_planner.py to a_star_planner.cpython-312.pyc
running install_data
creating /home/poorcsky/csky_ws/install/navigation_manager/share/ament_index
creating /home/poorcsky/csky_ws/install/navigation_manager/share/ament_index/resource_index
creating /home/poorcsky/csky_ws/install/navigation_manager/share/ament_index/resource_index/packages
copying resource/navigation_manager -> /home/poorcsky/csky_ws/install/navigation_manager/share/ament_index/resource_index/packages
copying package.xml -> /home/poorcsky/csky_ws/install/navigation_manager/share/navigation_manager
creating /home/poorcsky/csky_ws/install/navigation_manager/share/navigation_manager/launch
copying launch/navigation.launch.py -> /home/poorcsky/csky_ws/install/navigation_manager/share/navigation_manager/launch
creating /home/poorcsky/csky_ws/install/navigation_manager/share/navigation_manager/config
creating /home/poorcsky/csky_ws/install/navigation_manager/share/navigation_manager/waypoints
copying waypoints/corridor.yaml -> /home/poorcsky/csky_ws/install/navigation_manager/share/navigation_manager/waypoints
running install_egg_info
Copying ../../build/navigation_manager/navigation_manager.egg-info to /home/poorcsky/csky_ws/install/navigation_manager/lib/python3.12/site-packages/navigation_manager-0.0.0-py3.12.egg-info
running install_scripts
Installing a_star_planner script to /home/poorcsky/csky_ws/install/navigation_manager/lib/navigation_manager
Installing agpf_planner script to /home/poorcsky/csky_ws/install/navigation_manager/lib/navigation_manager
Installing obstacle_detector script to /home/poorcsky/csky_ws/install/navigation_manager/lib/navigation_manager
Installing path_follower script to /home/poorcsky/csky_ws/install/navigation_manager/lib/navigation_manager
Installing safety_layer script to /home/poorcsky/csky_ws/install/navigation_manager/lib/navigation_manager
Installing waypoint_manager script to /home/poorcsky/csky_ws/install/navigation_manager/lib/navigation_manager
writing list of installed files to '/home/poorcsky/csky_ws/build/navigation_manager/install.log'
