[0.442s] Invoking command in '/home/poorcsky/csky_ws/src/navigation_manager': DEBUGINFOD_URLS=https://debuginfod.ubuntu.com PYTHONPATH=/home/poorcsky/csky_ws/build/navigation_manager/prefix_override:/usr/lib/python3/dist-packages/colcon_core/task/python/colcon_distutils_commands:/home/poorcsky/csky_ws/install/navigation_manager/lib/python3.12/site-packages:${PYTHONPATH} /usr/bin/python3 -W ignore:setup.py install is deprecated -W ignore:easy_install command is deprecated setup.py egg_info --egg-base ../../build/navigation_manager build --build-base /home/poorcsky/csky_ws/build/navigation_manager/build install --record /home/poorcsky/csky_ws/build/navigation_manager/install.log --single-version-externally-managed install_data
[0.559s] running egg_info
[0.559s] creating ../../build/navigation_manager/navigation_manager.egg-info
[0.567s] writing ../../build/navigation_manager/navigation_manager.egg-info/PKG-INFO
[0.567s] writing dependency_links to ../../build/navigation_manager/navigation_manager.egg-info/dependency_links.txt
[0.567s] writing entry points to ../../build/navigation_manager/navigation_manager.egg-info/entry_points.txt
[0.567s] writing requirements to ../../build/navigation_manager/navigation_manager.egg-info/requires.txt
[0.567s] writing top-level names to ../../build/navigation_manager/navigation_manager.egg-info/top_level.txt
[0.567s] writing manifest file '../../build/navigation_manager/navigation_manager.egg-info/SOURCES.txt'
[0.583s] reading manifest file '../../build/navigation_manager/navigation_manager.egg-info/SOURCES.txt'
[0.583s] writing manifest file '../../build/navigation_manager/navigation_manager.egg-info/SOURCES.txt'
[0.583s] running build
[0.583s] running build_py
[0.584s] creating /home/poorcsky/csky_ws/build/navigation_manager/build
[0.584s] creating /home/poorcsky/csky_ws/build/navigation_manager/build/lib
[0.584s] creating /home/poorcsky/csky_ws/build/navigation_manager/build/lib/navigation_manager
[0.584s] copying navigation_manager/agpf_planner.py -> /home/poorcsky/csky_ws/build/navigation_manager/build/lib/navigation_manager
[0.584s] copying navigation_manager/obstacle_detector.py -> /home/poorcsky/csky_ws/build/navigation_manager/build/lib/navigation_manager
[0.584s] copying navigation_manager/path_follower.py -> /home/poorcsky/csky_ws/build/navigation_manager/build/lib/navigation_manager
[0.584s] copying navigation_manager/safety_layer.py -> /home/poorcsky/csky_ws/build/navigation_manager/build/lib/navigation_manager
[0.584s] copying navigation_manager/__init__.py -> /home/poorcsky/csky_ws/build/navigation_manager/build/lib/navigation_manager
[0.584s] copying navigation_manager/waypoint_manager.py -> /home/poorcsky/csky_ws/build/navigation_manager/build/lib/navigation_manager
[0.584s] copying navigation_manager/a_star_planner.py -> /home/poorcsky/csky_ws/build/navigation_manager/build/lib/navigation_manager
[0.584s] running install
[0.586s] running install_lib
[0.594s] creating /home/poorcsky/csky_ws/install/navigation_manager/lib/python3.12/site-packages/navigation_manager
[0.594s] copying /home/poorcsky/csky_ws/build/navigation_manager/build/lib/navigation_manager/agpf_planner.py -> /home/poorcsky/csky_ws/install/navigation_manager/lib/python3.12/site-packages/navigation_manager
[0.594s] copying /home/poorcsky/csky_ws/build/navigation_manager/build/lib/navigation_manager/obstacle_detector.py -> /home/poorcsky/csky_ws/install/navigation_manager/lib/python3.12/site-packages/navigation_manager
[0.594s] copying /home/poorcsky/csky_ws/build/navigation_manager/build/lib/navigation_manager/path_follower.py -> /home/poorcsky/csky_ws/install/navigation_manager/lib/python3.12/site-packages/navigation_manager
[0.594s] copying /home/poorcsky/csky_ws/build/navigation_manager/build/lib/navigation_manager/safety_layer.py -> /home/poorcsky/csky_ws/install/navigation_manager/lib/python3.12/site-packages/navigation_manager
[0.595s] copying /home/poorcsky/csky_ws/build/navigation_manager/build/lib/navigation_manager/__init__.py -> /home/poorcsky/csky_ws/install/navigation_manager/lib/python3.12/site-packages/navigation_manager
[0.595s] copying /home/poorcsky/csky_ws/build/navigation_manager/build/lib/navigation_manager/waypoint_manager.py -> /home/poorcsky/csky_ws/install/navigation_manager/lib/python3.12/site-packages/navigation_manager
[0.595s] copying /home/poorcsky/csky_ws/build/navigation_manager/build/lib/navigation_manager/a_star_planner.py -> /home/poorcsky/csky_ws/install/navigation_manager/lib/python3.12/site-packages/navigation_manager
[0.595s] byte-compiling /home/poorcsky/csky_ws/install/navigation_manager/lib/python3.12/site-packages/navigation_manager/agpf_planner.py to agpf_planner.cpython-312.pyc
[0.596s] byte-compiling /home/poorcsky/csky_ws/install/navigation_manager/lib/python3.12/site-packages/navigation_manager/obstacle_detector.py to obstacle_detector.cpython-312.pyc
[0.598s] byte-compiling /home/poorcsky/csky_ws/install/navigation_manager/lib/python3.12/site-packages/navigation_manager/path_follower.py to path_follower.cpython-312.pyc
[0.598s] byte-compiling /home/poorcsky/csky_ws/install/navigation_manager/lib/python3.12/site-packages/navigation_manager/safety_layer.py to safety_layer.cpython-312.pyc
[0.599s] byte-compiling /home/poorcsky/csky_ws/install/navigation_manager/lib/python3.12/site-packages/navigation_manager/__init__.py to __init__.cpython-312.pyc
[0.599s] byte-compiling /home/poorcsky/csky_ws/install/navigation_manager/lib/python3.12/site-packages/navigation_manager/waypoint_manager.py to waypoint_manager.cpython-312.pyc
[0.599s] byte-compiling /home/poorcsky/csky_ws/install/navigation_manager/lib/python3.12/site-packages/navigation_manager/a_star_planner.py to a_star_planner.cpython-312.pyc
[0.601s] running install_data
[0.601s] creating /home/poorcsky/csky_ws/install/navigation_manager/share/ament_index
[0.601s] creating /home/poorcsky/csky_ws/install/navigation_manager/share/ament_index/resource_index
[0.601s] creating /home/poorcsky/csky_ws/install/navigation_manager/share/ament_index/resource_index/packages
[0.601s] copying resource/navigation_manager -> /home/poorcsky/csky_ws/install/navigation_manager/share/ament_index/resource_index/packages
[0.601s] copying package.xml -> /home/poorcsky/csky_ws/install/navigation_manager/share/navigation_manager
[0.601s] creating /home/poorcsky/csky_ws/install/navigation_manager/share/navigation_manager/launch
[0.601s] copying launch/navigation.launch.py -> /home/poorcsky/csky_ws/install/navigation_manager/share/navigation_manager/launch
[0.601s] creating /home/poorcsky/csky_ws/install/navigation_manager/share/navigation_manager/config
[0.601s] creating /home/poorcsky/csky_ws/install/navigation_manager/share/navigation_manager/waypoints
[0.602s] copying waypoints/corridor.yaml -> /home/poorcsky/csky_ws/install/navigation_manager/share/navigation_manager/waypoints
[0.602s] running install_egg_info
[0.609s] Copying ../../build/navigation_manager/navigation_manager.egg-info to /home/poorcsky/csky_ws/install/navigation_manager/lib/python3.12/site-packages/navigation_manager-0.0.0-py3.12.egg-info
[0.610s] running install_scripts
[0.664s] Installing a_star_planner script to /home/poorcsky/csky_ws/install/navigation_manager/lib/navigation_manager
[0.664s] Installing agpf_planner script to /home/poorcsky/csky_ws/install/navigation_manager/lib/navigation_manager
[0.664s] Installing obstacle_detector script to /home/poorcsky/csky_ws/install/navigation_manager/lib/navigation_manager
[0.664s] Installing path_follower script to /home/poorcsky/csky_ws/install/navigation_manager/lib/navigation_manager
[0.664s] Installing safety_layer script to /home/poorcsky/csky_ws/install/navigation_manager/lib/navigation_manager
[0.664s] Installing waypoint_manager script to /home/poorcsky/csky_ws/install/navigation_manager/lib/navigation_manager
[0.664s] writing list of installed files to '/home/poorcsky/csky_ws/build/navigation_manager/install.log'
[0.678s] Invoked command in '/home/poorcsky/csky_ws/src/navigation_manager' returned '0': DEBUGINFOD_URLS=https://debuginfod.ubuntu.com PYTHONPATH=/home/poorcsky/csky_ws/build/navigation_manager/prefix_override:/usr/lib/python3/dist-packages/colcon_core/task/python/colcon_distutils_commands:/home/poorcsky/csky_ws/install/navigation_manager/lib/python3.12/site-packages:${PYTHONPATH} /usr/bin/python3 -W ignore:setup.py install is deprecated -W ignore:easy_install command is deprecated setup.py egg_info --egg-base ../../build/navigation_manager build --build-base /home/poorcsky/csky_ws/build/navigation_manager/build install --record /home/poorcsky/csky_ws/build/navigation_manager/install.log --single-version-externally-managed install_data
