running egg_info
writing ../../build/navigation_manager/navigation_manager.egg-info/PKG-INFO
writing dependency_links to ../../build/navigation_manager/navigation_manager.egg-info/dependency_links.txt
writing entry points to ../../build/navigation_manager/navigation_manager.egg-info/entry_points.txt
writing requirements to ../../build/navigation_manager/navigation_manager.egg-info/requires.txt
writing top-level names to ../../build/navigation_manager/navigation_manager.egg-info/top_level.txt
reading manifest file '../../build/navigation_manager/navigation_manager.egg-info/SOURCES.txt'
writing manifest file '../../build/navigation_manager/navigation_manager.egg-info/SOURCES.txt'
running build
running build_py
copying navigation_manager/a_star_planner.py -> /home/poorcsky/csky_ws/build/navigation_manager/build/lib/navigation_manager
running install
running install_lib
copying /home/poorcsky/csky_ws/build/navigation_manager/build/lib/navigation_manager/a_star_planner.py -> /home/poorcsky/csky_ws/install/navigation_manager/lib/python3.12/site-packages/navigation_manager
byte-compiling /home/poorcsky/csky_ws/install/navigation_manager/lib/python3.12/site-packages/navigation_manager/a_star_planner.py to a_star_planner.cpython-312.pyc
running install_data
running install_egg_info
removing '/home/poorcsky/csky_ws/install/navigation_manager/lib/python3.12/site-packages/navigation_manager-0.0.0-py3.12.egg-info' (and everything under it)
Copying ../../build/navigation_manager/navigation_manager.egg-info to /home/poorcsky/csky_ws/install/navigation_manager/lib/python3.12/site-packages/navigation_manager-0.0.0-py3.12.egg-info
running install_scripts
Installing a_star_planner script to /home/poorcsky/csky_ws/install/navigation_manager/lib/navigation_manager
Installing agpf_planner script to /home/poorcsky/csky_ws/install/navigation_manager/lib/navigation_manager
Installing depth_filter script to /home/poorcsky/csky_ws/install/navigation_manager/lib/navigation_manager
Installing obstacle_detector script to /home/poorcsky/csky_ws/install/navigation_manager/lib/navigation_manager
Installing path_follower script to /home/poorcsky/csky_ws/install/navigation_manager/lib/navigation_manager
Installing safety_layer script to /home/poorcsky/csky_ws/install/navigation_manager/lib/navigation_manager
Installing waypoint_manager script to /home/poorcsky/csky_ws/install/navigation_manager/lib/navigation_manager
writing list of installed files to '/home/poorcsky/csky_ws/build/navigation_manager/install.log'
