running egg_info
creating ../../build/flight_controller_bridge/flight_controller_bridge.egg-info
writing ../../build/flight_controller_bridge/flight_controller_bridge.egg-info/PKG-INFO
writing dependency_links to ../../build/flight_controller_bridge/flight_controller_bridge.egg-info/dependency_links.txt
writing entry points to ../../build/flight_controller_bridge/flight_controller_bridge.egg-info/entry_points.txt
writing requirements to ../../build/flight_controller_bridge/flight_controller_bridge.egg-info/requires.txt
writing top-level names to ../../build/flight_controller_bridge/flight_controller_bridge.egg-info/top_level.txt
writing manifest file '../../build/flight_controller_bridge/flight_controller_bridge.egg-info/SOURCES.txt'
reading manifest file '../../build/flight_controller_bridge/flight_controller_bridge.egg-info/SOURCES.txt'
writing manifest file '../../build/flight_controller_bridge/flight_controller_bridge.egg-info/SOURCES.txt'
running build
running build_py
creating /home/poorcsky/csky_ws/build/flight_controller_bridge/build
creating /home/poorcsky/csky_ws/build/flight_controller_bridge/build/lib
creating /home/poorcsky/csky_ws/build/flight_controller_bridge/build/lib/flight_controller_bridge
copying flight_controller_bridge/vio_bridge.py -> /home/poorcsky/csky_ws/build/flight_controller_bridge/build/lib/flight_controller_bridge
copying flight_controller_bridge/bridge_node.py -> /home/poorcsky/csky_ws/build/flight_controller_bridge/build/lib/flight_controller_bridge
copying flight_controller_bridge/__init__.py -> /home/poorcsky/csky_ws/build/flight_controller_bridge/build/lib/flight_controller_bridge
running install
running install_lib
creating /home/poorcsky/csky_ws/install/flight_controller_bridge/lib/python3.12/site-packages/flight_controller_bridge
copying /home/poorcsky/csky_ws/build/flight_controller_bridge/build/lib/flight_controller_bridge/vio_bridge.py -> /home/poorcsky/csky_ws/install/flight_controller_bridge/lib/python3.12/site-packages/flight_controller_bridge
copying /home/poorcsky/csky_ws/build/flight_controller_bridge/build/lib/flight_controller_bridge/bridge_node.py -> /home/poorcsky/csky_ws/install/flight_controller_bridge/lib/python3.12/site-packages/flight_controller_bridge
copying /home/poorcsky/csky_ws/build/flight_controller_bridge/build/lib/flight_controller_bridge/__init__.py -> /home/poorcsky/csky_ws/install/flight_controller_bridge/lib/python3.12/site-packages/flight_controller_bridge
byte-compiling /home/poorcsky/csky_ws/install/flight_controller_bridge/lib/python3.12/site-packages/flight_controller_bridge/vio_bridge.py to vio_bridge.cpython-312.pyc
byte-compiling /home/poorcsky/csky_ws/install/flight_controller_bridge/lib/python3.12/site-packages/flight_controller_bridge/bridge_node.py to bridge_node.cpython-312.pyc
byte-compiling /home/poorcsky/csky_ws/install/flight_controller_bridge/lib/python3.12/site-packages/flight_controller_bridge/__init__.py to __init__.cpython-312.pyc
running install_data
creating /home/poorcsky/csky_ws/install/flight_controller_bridge/share/ament_index
creating /home/poorcsky/csky_ws/install/flight_controller_bridge/share/ament_index/resource_index
creating /home/poorcsky/csky_ws/install/flight_controller_bridge/share/ament_index/resource_index/packages
copying resource/flight_controller_bridge -> /home/poorcsky/csky_ws/install/flight_controller_bridge/share/ament_index/resource_index/packages
copying package.xml -> /home/poorcsky/csky_ws/install/flight_controller_bridge/share/flight_controller_bridge
creating /home/poorcsky/csky_ws/install/flight_controller_bridge/share/flight_controller_bridge/launch
copying launch/drone.launch.py -> /home/poorcsky/csky_ws/install/flight_controller_bridge/share/flight_controller_bridge/launch
running install_egg_info
Copying ../../build/flight_controller_bridge/flight_controller_bridge.egg-info to /home/poorcsky/csky_ws/install/flight_controller_bridge/lib/python3.12/site-packages/flight_controller_bridge-0.0.0-py3.12.egg-info
running install_scripts
Installing bridge_node script to /home/poorcsky/csky_ws/install/flight_controller_bridge/lib/flight_controller_bridge
Installing vio_bridge script to /home/poorcsky/csky_ws/install/flight_controller_bridge/lib/flight_controller_bridge
writing list of installed files to '/home/poorcsky/csky_ws/build/flight_controller_bridge/install.log'
