[0.481s] Invoking command in '/home/poorcsky/csky_ws/src/flight_controller_bridge': CMAKE_PREFIX_PATH=/home/poorcsky/csky_ws/install/px4_msgs:/home/poorcsky/csky_ws/install/px4_ros_com:/opt/ros/jazzy/opt/gz_sim_vendor:/opt/ros/jazzy/opt/gz_sensors_vendor:/opt/ros/jazzy/opt/gz_physics_vendor:/opt/ros/jazzy/opt/sdformat_vendor:/opt/ros/jazzy/opt/gz_gui_vendor:/opt/ros/jazzy/opt/gz_transport_vendor:/opt/ros/jazzy/opt/gz_rendering_vendor:/opt/ros/jazzy/opt/gz_plugin_vendor:/opt/ros/jazzy/opt/gz_fuel_tools_vendor:/opt/ros/jazzy/opt/gz_msgs_vendor:/opt/ros/jazzy/opt/gz_common_vendor:/opt/ros/jazzy/opt/gz_math_vendor:/opt/ros/jazzy/opt/gz_utils_vendor:/opt/ros/jazzy/opt/gz_tools_vendor:/opt/ros/jazzy/opt/gz_ogre_next_vendor:/opt/ros/jazzy/opt/gz_dartsim_vendor:/opt/ros/jazzy/opt/gz_cmake_vendor DEBUGINFOD_URLS=https://debuginfod.ubuntu.com LD_LIBRARY_PATH=/home/poorcsky/csky_ws/install/px4_msgs/lib:/home/poorcsky/csky_ws/install/px4_ros_com/lib:/opt/ros/jazzy/opt/gz_sim_vendor/lib:/opt/ros/jazzy/opt/gz_sensors_vendor/lib:/opt/ros/jazzy/opt/gz_physics_vendor/lib:/opt/ros/jazzy/opt/sdformat_vendor/lib:/opt/ros/jazzy/opt/rviz_ogre_vendor/lib:/opt/ros/jazzy/lib/x86_64-linux-gnu:/opt/ros/jazzy/opt/gz_gui_vendor/lib:/opt/ros/jazzy/opt/gz_transport_vendor/lib:/opt/ros/jazzy/opt/gz_rendering_vendor/lib:/opt/ros/jazzy/opt/gz_plugin_vendor/lib:/opt/ros/jazzy/opt/gz_fuel_tools_vendor/lib:/opt/ros/jazzy/opt/gz_msgs_vendor/lib:/opt/ros/jazzy/opt/gz_common_vendor/lib:/opt/ros/jazzy/opt/gz_math_vendor/lib:/opt/ros/jazzy/opt/gz_utils_vendor/lib:/opt/ros/jazzy/opt/gz_tools_vendor/lib:/opt/ros/jazzy/opt/gz_ogre_next_vendor/lib:/opt/ros/jazzy/opt/gz_dartsim_vendor/lib:/opt/ros/jazzy/opt/gz_cmake_vendor/lib:/opt/ros/jazzy/lib PYTHONPATH=/home/poorcsky/csky_ws/build/flight_controller_bridge/prefix_override:/usr/lib/python3/dist-packages/colcon_core/task/python/colcon_distutils_commands:/home/poorcsky/csky_ws/install/flight_controller_bridge/lib/python3.12/site-packages:/home/poorcsky/csky_ws/install/px4_msgs/lib/python3.12/site-packages:/home/poorcsky/csky_ws/install/vio_localization/lib/python3.12/site-packages:/home/poorcsky/csky_ws/install/px4_ros_com/lib/python3.12/site-packages:/home/poorcsky/csky_ws/install/mission_manager/lib/python3.12/site-packages:/home/poorcsky/csky_ws/install/flight_controller_bridge/lib/python3.12/site-packages:/home/poorcsky/csky_ws/install/navigation_manager/lib/python3.12/site-packages:/opt/ros/jazzy/lib/python3.12/site-packages /usr/bin/python3 -W ignore:setup.py install is deprecated -W ignore:easy_install command is deprecated setup.py egg_info --egg-base ../../build/flight_controller_bridge build --build-base /home/poorcsky/csky_ws/build/flight_controller_bridge/build install --record /home/poorcsky/csky_ws/build/flight_controller_bridge/install.log --single-version-externally-managed install_data
[0.594s] running egg_info
[0.594s] creating ../../build/flight_controller_bridge/flight_controller_bridge.egg-info
[0.602s] writing ../../build/flight_controller_bridge/flight_controller_bridge.egg-info/PKG-INFO
[0.602s] writing dependency_links to ../../build/flight_controller_bridge/flight_controller_bridge.egg-info/dependency_links.txt
[0.602s] writing entry points to ../../build/flight_controller_bridge/flight_controller_bridge.egg-info/entry_points.txt
[0.602s] writing requirements to ../../build/flight_controller_bridge/flight_controller_bridge.egg-info/requires.txt
[0.602s] writing top-level names to ../../build/flight_controller_bridge/flight_controller_bridge.egg-info/top_level.txt
[0.602s] writing manifest file '../../build/flight_controller_bridge/flight_controller_bridge.egg-info/SOURCES.txt'
[0.617s] reading manifest file '../../build/flight_controller_bridge/flight_controller_bridge.egg-info/SOURCES.txt'
[0.617s] writing manifest file '../../build/flight_controller_bridge/flight_controller_bridge.egg-info/SOURCES.txt'
[0.617s] running build
[0.617s] running build_py
[0.617s] creating /home/poorcsky/csky_ws/build/flight_controller_bridge/build
[0.617s] creating /home/poorcsky/csky_ws/build/flight_controller_bridge/build/lib
[0.617s] creating /home/poorcsky/csky_ws/build/flight_controller_bridge/build/lib/flight_controller_bridge
[0.617s] copying flight_controller_bridge/vio_bridge.py -> /home/poorcsky/csky_ws/build/flight_controller_bridge/build/lib/flight_controller_bridge
[0.617s] copying flight_controller_bridge/bridge_node.py -> /home/poorcsky/csky_ws/build/flight_controller_bridge/build/lib/flight_controller_bridge
[0.617s] copying flight_controller_bridge/__init__.py -> /home/poorcsky/csky_ws/build/flight_controller_bridge/build/lib/flight_controller_bridge
[0.617s] running install
[0.620s] running install_lib
[0.628s] creating /home/poorcsky/csky_ws/install/flight_controller_bridge/lib/python3.12/site-packages/flight_controller_bridge
[0.628s] copying /home/poorcsky/csky_ws/build/flight_controller_bridge/build/lib/flight_controller_bridge/vio_bridge.py -> /home/poorcsky/csky_ws/install/flight_controller_bridge/lib/python3.12/site-packages/flight_controller_bridge
[0.628s] copying /home/poorcsky/csky_ws/build/flight_controller_bridge/build/lib/flight_controller_bridge/bridge_node.py -> /home/poorcsky/csky_ws/install/flight_controller_bridge/lib/python3.12/site-packages/flight_controller_bridge
[0.628s] copying /home/poorcsky/csky_ws/build/flight_controller_bridge/build/lib/flight_controller_bridge/__init__.py -> /home/poorcsky/csky_ws/install/flight_controller_bridge/lib/python3.12/site-packages/flight_controller_bridge
[0.628s] byte-compiling /home/poorcsky/csky_ws/install/flight_controller_bridge/lib/python3.12/site-packages/flight_controller_bridge/vio_bridge.py to vio_bridge.cpython-312.pyc
[0.628s] byte-compiling /home/poorcsky/csky_ws/install/flight_controller_bridge/lib/python3.12/site-packages/flight_controller_bridge/bridge_node.py to bridge_node.cpython-312.pyc
[0.629s] byte-compiling /home/poorcsky/csky_ws/install/flight_controller_bridge/lib/python3.12/site-packages/flight_controller_bridge/__init__.py to __init__.cpython-312.pyc
[0.629s] running install_data
[0.630s] creating /home/poorcsky/csky_ws/install/flight_controller_bridge/share/ament_index
[0.630s] creating /home/poorcsky/csky_ws/install/flight_controller_bridge/share/ament_index/resource_index
[0.630s] creating /home/poorcsky/csky_ws/install/flight_controller_bridge/share/ament_index/resource_index/packages
[0.630s] copying resource/flight_controller_bridge -> /home/poorcsky/csky_ws/install/flight_controller_bridge/share/ament_index/resource_index/packages
[0.630s] copying package.xml -> /home/poorcsky/csky_ws/install/flight_controller_bridge/share/flight_controller_bridge
[0.630s] creating /home/poorcsky/csky_ws/install/flight_controller_bridge/share/flight_controller_bridge/launch
[0.630s] copying launch/drone.launch.py -> /home/poorcsky/csky_ws/install/flight_controller_bridge/share/flight_controller_bridge/launch
[0.630s] running install_egg_info
[0.638s] Copying ../../build/flight_controller_bridge/flight_controller_bridge.egg-info to /home/poorcsky/csky_ws/install/flight_controller_bridge/lib/python3.12/site-packages/flight_controller_bridge-0.0.0-py3.12.egg-info
[0.638s] running install_scripts
[0.693s] Installing bridge_node script to /home/poorcsky/csky_ws/install/flight_controller_bridge/lib/flight_controller_bridge
[0.693s] Installing vio_bridge script to /home/poorcsky/csky_ws/install/flight_controller_bridge/lib/flight_controller_bridge
[0.693s] writing list of installed files to '/home/poorcsky/csky_ws/build/flight_controller_bridge/install.log'
[0.707s] Invoked command in '/home/poorcsky/csky_ws/src/flight_controller_bridge' returned '0': CMAKE_PREFIX_PATH=/home/poorcsky/csky_ws/install/px4_msgs:/home/poorcsky/csky_ws/install/px4_ros_com:/opt/ros/jazzy/opt/gz_sim_vendor:/opt/ros/jazzy/opt/gz_sensors_vendor:/opt/ros/jazzy/opt/gz_physics_vendor:/opt/ros/jazzy/opt/sdformat_vendor:/opt/ros/jazzy/opt/gz_gui_vendor:/opt/ros/jazzy/opt/gz_transport_vendor:/opt/ros/jazzy/opt/gz_rendering_vendor:/opt/ros/jazzy/opt/gz_plugin_vendor:/opt/ros/jazzy/opt/gz_fuel_tools_vendor:/opt/ros/jazzy/opt/gz_msgs_vendor:/opt/ros/jazzy/opt/gz_common_vendor:/opt/ros/jazzy/opt/gz_math_vendor:/opt/ros/jazzy/opt/gz_utils_vendor:/opt/ros/jazzy/opt/gz_tools_vendor:/opt/ros/jazzy/opt/gz_ogre_next_vendor:/opt/ros/jazzy/opt/gz_dartsim_vendor:/opt/ros/jazzy/opt/gz_cmake_vendor DEBUGINFOD_URLS=https://debuginfod.ubuntu.com LD_LIBRARY_PATH=/home/poorcsky/csky_ws/install/px4_msgs/lib:/home/poorcsky/csky_ws/install/px4_ros_com/lib:/opt/ros/jazzy/opt/gz_sim_vendor/lib:/opt/ros/jazzy/opt/gz_sensors_vendor/lib:/opt/ros/jazzy/opt/gz_physics_vendor/lib:/opt/ros/jazzy/opt/sdformat_vendor/lib:/opt/ros/jazzy/opt/rviz_ogre_vendor/lib:/opt/ros/jazzy/lib/x86_64-linux-gnu:/opt/ros/jazzy/opt/gz_gui_vendor/lib:/opt/ros/jazzy/opt/gz_transport_vendor/lib:/opt/ros/jazzy/opt/gz_rendering_vendor/lib:/opt/ros/jazzy/opt/gz_plugin_vendor/lib:/opt/ros/jazzy/opt/gz_fuel_tools_vendor/lib:/opt/ros/jazzy/opt/gz_msgs_vendor/lib:/opt/ros/jazzy/opt/gz_common_vendor/lib:/opt/ros/jazzy/opt/gz_math_vendor/lib:/opt/ros/jazzy/opt/gz_utils_vendor/lib:/opt/ros/jazzy/opt/gz_tools_vendor/lib:/opt/ros/jazzy/opt/gz_ogre_next_vendor/lib:/opt/ros/jazzy/opt/gz_dartsim_vendor/lib:/opt/ros/jazzy/opt/gz_cmake_vendor/lib:/opt/ros/jazzy/lib PYTHONPATH=/home/poorcsky/csky_ws/build/flight_controller_bridge/prefix_override:/usr/lib/python3/dist-packages/colcon_core/task/python/colcon_distutils_commands:/home/poorcsky/csky_ws/install/flight_controller_bridge/lib/python3.12/site-packages:/home/poorcsky/csky_ws/install/px4_msgs/lib/python3.12/site-packages:/home/poorcsky/csky_ws/install/vio_localization/lib/python3.12/site-packages:/home/poorcsky/csky_ws/install/px4_ros_com/lib/python3.12/site-packages:/home/poorcsky/csky_ws/install/mission_manager/lib/python3.12/site-packages:/home/poorcsky/csky_ws/install/flight_controller_bridge/lib/python3.12/site-packages:/home/poorcsky/csky_ws/install/navigation_manager/lib/python3.12/site-packages:/opt/ros/jazzy/lib/python3.12/site-packages /usr/bin/python3 -W ignore:setup.py install is deprecated -W ignore:easy_install command is deprecated setup.py egg_info --egg-base ../../build/flight_controller_bridge build --build-base /home/poorcsky/csky_ws/build/flight_controller_bridge/build install --record /home/poorcsky/csky_ws/build/flight_controller_bridge/install.log --single-version-externally-managed install_data
