[0.470s] Invoking command in '/home/poorcsky/csky_ws/src/vio_localization': DEBUGINFOD_URLS=https://debuginfod.ubuntu.com PYTHONPATH=/home/poorcsky/csky_ws/build/vio_localization/prefix_override:/usr/lib/python3/dist-packages/colcon_core/task/python/colcon_distutils_commands:/home/poorcsky/csky_ws/install/vio_localization/lib/python3.12/site-packages:${PYTHONPATH} /usr/bin/python3 -W ignore:setup.py install is deprecated -W ignore:easy_install command is deprecated setup.py egg_info --egg-base ../../build/vio_localization build --build-base /home/poorcsky/csky_ws/build/vio_localization/build install --record /home/poorcsky/csky_ws/build/vio_localization/install.log --single-version-externally-managed install_data
[0.588s] running egg_info
[0.589s] creating ../../build/vio_localization/vio_localization.egg-info
[0.596s] writing ../../build/vio_localization/vio_localization.egg-info/PKG-INFO
[0.596s] writing dependency_links to ../../build/vio_localization/vio_localization.egg-info/dependency_links.txt
[0.596s] writing entry points to ../../build/vio_localization/vio_localization.egg-info/entry_points.txt
[0.596s] writing requirements to ../../build/vio_localization/vio_localization.egg-info/requires.txt
[0.596s] writing top-level names to ../../build/vio_localization/vio_localization.egg-info/top_level.txt
[0.596s] writing manifest file '../../build/vio_localization/vio_localization.egg-info/SOURCES.txt'
[0.611s] reading manifest file '../../build/vio_localization/vio_localization.egg-info/SOURCES.txt'
[0.612s] writing manifest file '../../build/vio_localization/vio_localization.egg-info/SOURCES.txt'
[0.612s] running build
[0.612s] running build_py
[0.612s] creating /home/poorcsky/csky_ws/build/vio_localization/build
[0.612s] creating /home/poorcsky/csky_ws/build/vio_localization/build/lib
[0.612s] creating /home/poorcsky/csky_ws/build/vio_localization/build/lib/vio_localization
[0.612s] copying vio_localization/rgb_resizer.py -> /home/poorcsky/csky_ws/build/vio_localization/build/lib/vio_localization
[0.612s] copying vio_localization/stereo_sync.py -> /home/poorcsky/csky_ws/build/vio_localization/build/lib/vio_localization
[0.612s] copying vio_localization/__init__.py -> /home/poorcsky/csky_ws/build/vio_localization/build/lib/vio_localization
[0.612s] running install
[0.615s] running install_lib
[0.623s] creating /home/poorcsky/csky_ws/install/vio_localization/lib/python3.12/site-packages/vio_localization
[0.623s] copying /home/poorcsky/csky_ws/build/vio_localization/build/lib/vio_localization/rgb_resizer.py -> /home/poorcsky/csky_ws/install/vio_localization/lib/python3.12/site-packages/vio_localization
[0.623s] copying /home/poorcsky/csky_ws/build/vio_localization/build/lib/vio_localization/stereo_sync.py -> /home/poorcsky/csky_ws/install/vio_localization/lib/python3.12/site-packages/vio_localization
[0.623s] copying /home/poorcsky/csky_ws/build/vio_localization/build/lib/vio_localization/__init__.py -> /home/poorcsky/csky_ws/install/vio_localization/lib/python3.12/site-packages/vio_localization
[0.623s] byte-compiling /home/poorcsky/csky_ws/install/vio_localization/lib/python3.12/site-packages/vio_localization/rgb_resizer.py to rgb_resizer.cpython-312.pyc
[0.623s] byte-compiling /home/poorcsky/csky_ws/install/vio_localization/lib/python3.12/site-packages/vio_localization/stereo_sync.py to stereo_sync.cpython-312.pyc
[0.624s] byte-compiling /home/poorcsky/csky_ws/install/vio_localization/lib/python3.12/site-packages/vio_localization/__init__.py to __init__.cpython-312.pyc
[0.624s] running install_data
[0.624s] creating /home/poorcsky/csky_ws/install/vio_localization/share/ament_index
[0.624s] creating /home/poorcsky/csky_ws/install/vio_localization/share/ament_index/resource_index
[0.624s] creating /home/poorcsky/csky_ws/install/vio_localization/share/ament_index/resource_index/packages
[0.624s] copying resource/vio_localization -> /home/poorcsky/csky_ws/install/vio_localization/share/ament_index/resource_index/packages
[0.624s] copying package.xml -> /home/poorcsky/csky_ws/install/vio_localization/share/vio_localization
[0.624s] creating /home/poorcsky/csky_ws/install/vio_localization/share/vio_localization/launch
[0.624s] copying launch/vio.launch.py -> /home/poorcsky/csky_ws/install/vio_localization/share/vio_localization/launch
[0.625s] creating /home/poorcsky/csky_ws/install/vio_localization/share/vio_localization/config
[0.625s] copying config/rtabmap.yaml -> /home/poorcsky/csky_ws/install/vio_localization/share/vio_localization/config
[0.625s] running install_egg_info
[0.633s] Copying ../../build/vio_localization/vio_localization.egg-info to /home/poorcsky/csky_ws/install/vio_localization/lib/python3.12/site-packages/vio_localization-0.0.0-py3.12.egg-info
[0.633s] running install_scripts
[0.688s] Installing rgb_resizer script to /home/poorcsky/csky_ws/install/vio_localization/lib/vio_localization
[0.688s] Installing stereo_sync script to /home/poorcsky/csky_ws/install/vio_localization/lib/vio_localization
[0.689s] writing list of installed files to '/home/poorcsky/csky_ws/build/vio_localization/install.log'
[0.702s] Invoked command in '/home/poorcsky/csky_ws/src/vio_localization' returned '0': DEBUGINFOD_URLS=https://debuginfod.ubuntu.com PYTHONPATH=/home/poorcsky/csky_ws/build/vio_localization/prefix_override:/usr/lib/python3/dist-packages/colcon_core/task/python/colcon_distutils_commands:/home/poorcsky/csky_ws/install/vio_localization/lib/python3.12/site-packages:${PYTHONPATH} /usr/bin/python3 -W ignore:setup.py install is deprecated -W ignore:easy_install command is deprecated setup.py egg_info --egg-base ../../build/vio_localization build --build-base /home/poorcsky/csky_ws/build/vio_localization/build install --record /home/poorcsky/csky_ws/build/vio_localization/install.log --single-version-externally-managed install_data
