/home/poorcsky/csky_ws/install/navigation_manager/lib/python3.12/site-packages/navigation_manager/agpf_planner.py
/home/poorcsky/csky_ws/install/navigation_manager/lib/python3.12/site-packages/navigation_manager/depth_filter.py
/home/poorcsky/csky_ws/install/navigation_manager/lib/python3.12/site-packages/navigation_manager/obstacle_detector.py
/home/poorcsky/csky_ws/install/navigation_manager/lib/python3.12/site-packages/navigation_manager/path_follower.py
/home/poorcsky/csky_ws/install/navigation_manager/lib/python3.12/site-packages/navigation_manager/safety_layer.py
/home/poorcsky/csky_ws/install/navigation_manager/lib/python3.12/site-packages/navigation_manager/__init__.py
/home/poorcsky/csky_ws/install/navigation_manager/lib/python3.12/site-packages/navigation_manager/waypoint_manager.py
/home/poorcsky/csky_ws/install/navigation_manager/lib/python3.12/site-packages/navigation_manager/a_star_planner.py
/home/poorcsky/csky_ws/install/navigation_manager/lib/python3.12/site-packages/navigation_manager/__pycache__/agpf_planner.cpython-312.pyc
/home/poorcsky/csky_ws/install/navigation_manager/lib/python3.12/site-packages/navigation_manager/__pycache__/depth_filter.cpython-312.pyc
/home/poorcsky/csky_ws/install/navigation_manager/lib/python3.12/site-packages/navigation_manager/__pycache__/obstacle_detector.cpython-312.pyc
/home/poorcsky/csky_ws/install/navigation_manager/lib/python3.12/site-packages/navigation_manager/__pycache__/path_follower.cpython-312.pyc
/home/poorcsky/csky_ws/install/navigation_manager/lib/python3.12/site-packages/navigation_manager/__pycache__/safety_layer.cpython-312.pyc
/home/poorcsky/csky_ws/install/navigation_manager/lib/python3.12/site-packages/navigation_manager/__pycache__/__init__.cpython-312.pyc
/home/poorcsky/csky_ws/install/navigation_manager/lib/python3.12/site-packages/navigation_manager/__pycache__/waypoint_manager.cpython-312.pyc
/home/poorcsky/csky_ws/install/navigation_manager/lib/python3.12/site-packages/navigation_manager/__pycache__/a_star_planner.cpython-312.pyc
/home/poorcsky/csky_ws/install/navigation_manager/share/ament_index/resource_index/packages/navigation_manager
/home/poorcsky/csky_ws/install/navigation_manager/share/navigation_manager/package.xml
/home/poorcsky/csky_ws/install/navigation_manager/share/navigation_manager/launch/navigation.launch.py
/home/poorcsky/csky_ws/install/navigation_manager/share/navigation_manager/config
/home/poorcsky/csky_ws/install/navigation_manager/share/navigation_manager/waypoints/corridor.yaml
/home/poorcsky/csky_ws/install/navigation_manager/lib/python3.12/site-packages/navigation_manager-0.0.0-py3.12.egg-info/top_level.txt
/home/poorcsky/csky_ws/install/navigation_manager/lib/python3.12/site-packages/navigation_manager-0.0.0-py3.12.egg-info/SOURCES.txt
/home/poorcsky/csky_ws/install/navigation_manager/lib/python3.12/site-packages/navigation_manager-0.0.0-py3.12.egg-info/dependency_links.txt
/home/poorcsky/csky_ws/install/navigation_manager/lib/python3.12/site-packages/navigation_manager-0.0.0-py3.12.egg-info/zip-safe
/home/poorcsky/csky_ws/install/navigation_manager/lib/python3.12/site-packages/navigation_manager-0.0.0-py3.12.egg-info/PKG-INFO
/home/poorcsky/csky_ws/install/navigation_manager/lib/python3.12/site-packages/navigation_manager-0.0.0-py3.12.egg-info/entry_points.txt
/home/poorcsky/csky_ws/install/navigation_manager/lib/python3.12/site-packages/navigation_manager-0.0.0-py3.12.egg-info/requires.txt
/home/poorcsky/csky_ws/install/navigation_manager/lib/navigation_manager/a_star_planner
/home/poorcsky/csky_ws/install/navigation_manager/lib/navigation_manager/agpf_planner
/home/poorcsky/csky_ws/install/navigation_manager/lib/navigation_manager/depth_filter
/home/poorcsky/csky_ws/install/navigation_manager/lib/navigation_manager/obstacle_detector
/home/poorcsky/csky_ws/install/navigation_manager/lib/navigation_manager/path_follower
/home/poorcsky/csky_ws/install/navigation_manager/lib/navigation_manager/safety_layer
/home/poorcsky/csky_ws/install/navigation_manager/lib/navigation_manager/waypoint_manager
